<?xml version="1.0" ?>
<testsuites disabled="0" errors="0" failures="0" tests="20" time="3.9683048725128174">
	<testsuite disabled="0" errors="0" failures="0" name="configlet_build_config-n84862e1" skipped="0" tests="20" time="3.9683048725128174">
		<testcase classname="" name="[testhost] testhost: Gathering Facts gather_subset=['all'], gather_timeout=10" time="0.8948249816894531">
			<system-out>{
&quot;ansible_facts&quot;: {
&quot;ansible_apparmor&quot;: {
&quot;status&quot;: &quot;disabled&quot;
},
&quot;ansible_architecture&quot;: &quot;x86_64&quot;,
&quot;ansible_bios_date&quot;: &quot;07/21/2022&quot;,
&quot;ansible_bios_vendor&quot;: &quot;LENOVO&quot;,
&quot;ansible_bios_version&quot;: &quot;N23ET82P (1.57 )&quot;,
&quot;ansible_board_asset_tag&quot;: &quot;Not Available&quot;,
&quot;ansible_board_name&quot;: &quot;20KGSAFA00&quot;,
&quot;ansible_board_serial&quot;: &quot;L1HF98700TM&quot;,
&quot;ansible_board_vendor&quot;: &quot;LENOVO&quot;,
&quot;ansible_board_version&quot;: &quot;SDK0K17763 WIN&quot;,
&quot;ansible_chassis_asset_tag&quot;: &quot;No Asset Information&quot;,
&quot;ansible_chassis_serial&quot;: &quot;PF1S582G&quot;,
&quot;ansible_chassis_vendor&quot;: &quot;LENOVO&quot;,
&quot;ansible_chassis_version&quot;: &quot;None&quot;,
&quot;ansible_cmdline&quot;: {
&quot;initrd&quot;: &quot;\\EFI\\Pop_OS-aafb896a-b3f3-44e4-9196-56e2006a06c8\\initrd.img&quot;,
&quot;loglevel&quot;: &quot;0&quot;,
&quot;quiet&quot;: true,
&quot;ro&quot;: true,
&quot;root&quot;: &quot;UUID=aafb896a-b3f3-44e4-9196-56e2006a06c8&quot;,
&quot;splash&quot;: true,
&quot;systemd.show_status&quot;: &quot;false&quot;
},
&quot;ansible_date_time&quot;: {
&quot;date&quot;: &quot;2023-01-25&quot;,
&quot;day&quot;: &quot;25&quot;,
&quot;epoch&quot;: &quot;1674673684&quot;,
&quot;epoch_int&quot;: &quot;1674673684&quot;,
&quot;hour&quot;: &quot;19&quot;,
&quot;iso8601&quot;: &quot;2023-01-25T19:08:04Z&quot;,
&quot;iso8601_basic&quot;: &quot;20230125T190804322688&quot;,
&quot;iso8601_basic_short&quot;: &quot;20230125T190804&quot;,
&quot;iso8601_micro&quot;: &quot;2023-01-25T19:08:04.322688Z&quot;,
&quot;minute&quot;: &quot;08&quot;,
&quot;month&quot;: &quot;01&quot;,
&quot;second&quot;: &quot;04&quot;,
&quot;time&quot;: &quot;19:08:04&quot;,
&quot;tz&quot;: &quot;UTC&quot;,
&quot;tz_dst&quot;: &quot;UTC&quot;,
&quot;tz_offset&quot;: &quot;+0000&quot;,
&quot;weekday&quot;: &quot;Wednesday&quot;,
&quot;weekday_number&quot;: &quot;3&quot;,
&quot;weeknumber&quot;: &quot;04&quot;,
&quot;year&quot;: &quot;2023&quot;
},
&quot;ansible_device_links&quot;: {
&quot;ids&quot;: {},
&quot;labels&quot;: {},
&quot;masters&quot;: {
&quot;sda4&quot;: [
&quot;dm-0&quot;
]
},
&quot;uuids&quot;: {}
},
&quot;ansible_devices&quot;: {
&quot;dm-0&quot;: {
&quot;holders&quot;: [],
&quot;host&quot;: &quot;&quot;,
&quot;links&quot;: {
&quot;ids&quot;: [],
&quot;labels&quot;: [],
&quot;masters&quot;: [],
&quot;uuids&quot;: []
},
&quot;model&quot;: null,
&quot;partitions&quot;: {},
&quot;removable&quot;: &quot;0&quot;,
&quot;rotational&quot;: &quot;0&quot;,
&quot;sas_address&quot;: null,
&quot;sas_device_handle&quot;: null,
&quot;scheduler_mode&quot;: &quot;&quot;,
&quot;sectors&quot;: &quot;8387583&quot;,
&quot;sectorsize&quot;: &quot;512&quot;,
&quot;size&quot;: &quot;4.00 GB&quot;,
&quot;support_discard&quot;: &quot;0&quot;,
&quot;vendor&quot;: null,
&quot;virtual&quot;: 1
},
&quot;loop0&quot;: {
&quot;holders&quot;: [],
&quot;host&quot;: &quot;&quot;,
&quot;links&quot;: {
&quot;ids&quot;: [],
&quot;labels&quot;: [],
&quot;masters&quot;: [],
&quot;uuids&quot;: []
},
&quot;model&quot;: null,
&quot;partitions&quot;: {},
&quot;removable&quot;: &quot;0&quot;,
&quot;rotational&quot;: &quot;1&quot;,
&quot;sas_address&quot;: null,
&quot;sas_device_handle&quot;: null,
&quot;scheduler_mode&quot;: &quot;bfq&quot;,
&quot;sectors&quot;: &quot;0&quot;,
&quot;sectorsize&quot;: &quot;512&quot;,
&quot;size&quot;: &quot;0.00 Bytes&quot;,
&quot;support_discard&quot;: &quot;0&quot;,
&quot;vendor&quot;: null,
&quot;virtual&quot;: 1
},
&quot;loop1&quot;: {
&quot;holders&quot;: [],
&quot;host&quot;: &quot;&quot;,
&quot;links&quot;: {
&quot;ids&quot;: [],
&quot;labels&quot;: [],
&quot;masters&quot;: [],
&quot;uuids&quot;: []
},
&quot;model&quot;: null,
&quot;partitions&quot;: {},
&quot;removable&quot;: &quot;0&quot;,
&quot;rotational&quot;: &quot;1&quot;,
&quot;sas_address&quot;: null,
&quot;sas_device_handle&quot;: null,
&quot;scheduler_mode&quot;: &quot;bfq&quot;,
&quot;sectors&quot;: &quot;0&quot;,
&quot;sectorsize&quot;: &quot;512&quot;,
&quot;size&quot;: &quot;0.00 Bytes&quot;,
&quot;support_discard&quot;: &quot;0&quot;,
&quot;vendor&quot;: null,
&quot;virtual&quot;: 1
},
&quot;loop2&quot;: {
&quot;holders&quot;: [],
&quot;host&quot;: &quot;&quot;,
&quot;links&quot;: {
&quot;ids&quot;: [],
&quot;labels&quot;: [],
&quot;masters&quot;: [],
&quot;uuids&quot;: []
},
&quot;model&quot;: null,
&quot;partitions&quot;: {},
&quot;removable&quot;: &quot;0&quot;,
&quot;rotational&quot;: &quot;1&quot;,
&quot;sas_address&quot;: null,
&quot;sas_device_handle&quot;: null,
&quot;scheduler_mode&quot;: &quot;bfq&quot;,
&quot;sectors&quot;: &quot;0&quot;,
&quot;sectorsize&quot;: &quot;512&quot;,
&quot;size&quot;: &quot;0.00 Bytes&quot;,
&quot;support_discard&quot;: &quot;0&quot;,
&quot;vendor&quot;: null,
&quot;virtual&quot;: 1
},
&quot;loop3&quot;: {
&quot;holders&quot;: [],
&quot;host&quot;: &quot;&quot;,
&quot;links&quot;: {
&quot;ids&quot;: [],
&quot;labels&quot;: [],
&quot;masters&quot;: [],
&quot;uuids&quot;: []
},
&quot;model&quot;: null,
&quot;partitions&quot;: {},
&quot;removable&quot;: &quot;0&quot;,
&quot;rotational&quot;: &quot;1&quot;,
&quot;sas_address&quot;: null,
&quot;sas_device_handle&quot;: null,
&quot;scheduler_mode&quot;: &quot;bfq&quot;,
&quot;sectors&quot;: &quot;0&quot;,
&quot;sectorsize&quot;: &quot;512&quot;,
&quot;size&quot;: &quot;0.00 Bytes&quot;,
&quot;support_discard&quot;: &quot;0&quot;,
&quot;vendor&quot;: null,
&quot;virtual&quot;: 1
},
&quot;loop4&quot;: {
&quot;holders&quot;: [],
&quot;host&quot;: &quot;&quot;,
&quot;links&quot;: {
&quot;ids&quot;: [],
&quot;labels&quot;: [],
&quot;masters&quot;: [],
&quot;uuids&quot;: []
},
&quot;model&quot;: null,
&quot;partitions&quot;: {},
&quot;removable&quot;: &quot;0&quot;,
&quot;rotational&quot;: &quot;1&quot;,
&quot;sas_address&quot;: null,
&quot;sas_device_handle&quot;: null,
&quot;scheduler_mode&quot;: &quot;bfq&quot;,
&quot;sectors&quot;: &quot;0&quot;,
&quot;sectorsize&quot;: &quot;512&quot;,
&quot;size&quot;: &quot;0.00 Bytes&quot;,
&quot;support_discard&quot;: &quot;0&quot;,
&quot;vendor&quot;: null,
&quot;virtual&quot;: 1
},
&quot;loop5&quot;: {
&quot;holders&quot;: [],
&quot;host&quot;: &quot;&quot;,
&quot;links&quot;: {
&quot;ids&quot;: [],
&quot;labels&quot;: [],
&quot;masters&quot;: [],
&quot;uuids&quot;: []
},
&quot;model&quot;: null,
&quot;partitions&quot;: {},
&quot;removable&quot;: &quot;0&quot;,
&quot;rotational&quot;: &quot;1&quot;,
&quot;sas_address&quot;: null,
&quot;sas_device_handle&quot;: null,
&quot;scheduler_mode&quot;: &quot;bfq&quot;,
&quot;sectors&quot;: &quot;0&quot;,
&quot;sectorsize&quot;: &quot;512&quot;,
&quot;size&quot;: &quot;0.00 Bytes&quot;,
&quot;support_discard&quot;: &quot;0&quot;,
&quot;vendor&quot;: null,
&quot;virtual&quot;: 1
},
&quot;loop6&quot;: {
&quot;holders&quot;: [],
&quot;host&quot;: &quot;&quot;,
&quot;links&quot;: {
&quot;ids&quot;: [],
&quot;labels&quot;: [],
&quot;masters&quot;: [],
&quot;uuids&quot;: []
},
&quot;model&quot;: null,
&quot;partitions&quot;: {},
&quot;removable&quot;: &quot;0&quot;,
&quot;rotational&quot;: &quot;1&quot;,
&quot;sas_address&quot;: null,
&quot;sas_device_handle&quot;: null,
&quot;scheduler_mode&quot;: &quot;bfq&quot;,
&quot;sectors&quot;: &quot;0&quot;,
&quot;sectorsize&quot;: &quot;512&quot;,
&quot;size&quot;: &quot;0.00 Bytes&quot;,
&quot;support_discard&quot;: &quot;0&quot;,
&quot;vendor&quot;: null,
&quot;virtual&quot;: 1
},
&quot;loop7&quot;: {
&quot;holders&quot;: [],
&quot;host&quot;: &quot;&quot;,
&quot;links&quot;: {
&quot;ids&quot;: [],
&quot;labels&quot;: [],
&quot;masters&quot;: [],
&quot;uuids&quot;: []
},
&quot;model&quot;: null,
&quot;partitions&quot;: {},
&quot;removable&quot;: &quot;0&quot;,
&quot;rotational&quot;: &quot;1&quot;,
&quot;sas_address&quot;: null,
&quot;sas_device_handle&quot;: null,
&quot;scheduler_mode&quot;: &quot;bfq&quot;,
&quot;sectors&quot;: &quot;0&quot;,
&quot;sectorsize&quot;: &quot;512&quot;,
&quot;size&quot;: &quot;0.00 Bytes&quot;,
&quot;support_discard&quot;: &quot;0&quot;,
&quot;vendor&quot;: null,
&quot;virtual&quot;: 1
},
&quot;sda&quot;: {
&quot;holders&quot;: [],
&quot;host&quot;: &quot;&quot;,
&quot;links&quot;: {
&quot;ids&quot;: [],
&quot;labels&quot;: [],
&quot;masters&quot;: [],
&quot;uuids&quot;: []
},
&quot;model&quot;: &quot;WDC PC SA530 SDA&quot;,
&quot;partitions&quot;: {
&quot;sda1&quot;: {
&quot;holders&quot;: [],
&quot;links&quot;: {
&quot;ids&quot;: [],
&quot;labels&quot;: [],
&quot;masters&quot;: [],
&quot;uuids&quot;: []
},
&quot;sectors&quot;: &quot;1019903&quot;,
&quot;sectorsize&quot;: 512,
&quot;size&quot;: &quot;498.00 MB&quot;,
&quot;start&quot;: &quot;4096&quot;,
&quot;uuid&quot;: null
},
&quot;sda2&quot;: {
&quot;holders&quot;: [],
&quot;links&quot;: {
&quot;ids&quot;: [],
&quot;labels&quot;: [],
&quot;masters&quot;: [],
&quot;uuids&quot;: []
},
&quot;sectors&quot;: &quot;8388607&quot;,
&quot;sectorsize&quot;: 512,
&quot;size&quot;: &quot;4.00 GB&quot;,
&quot;start&quot;: &quot;1024000&quot;,
&quot;uuid&quot;: null
},
&quot;sda3&quot;: {
&quot;holders&quot;: [],
&quot;links&quot;: {
&quot;ids&quot;: [],
&quot;labels&quot;: [],
&quot;masters&quot;: [],
&quot;uuids&quot;: []
},
&quot;sectors&quot;: &quot;482312879&quot;,
&quot;sectorsize&quot;: 512,
&quot;size&quot;: &quot;229.98 GB&quot;,
&quot;start&quot;: &quot;9412608&quot;,
&quot;uuid&quot;: null
},
&quot;sda4&quot;: {
&quot;holders&quot;: [
&quot;cryptswap&quot;
],
&quot;links&quot;: {
&quot;ids&quot;: [],
&quot;labels&quot;: [],
&quot;masters&quot;: [
&quot;dm-0&quot;
],
&quot;uuids&quot;: []
},
&quot;sectors&quot;: &quot;8388607&quot;,
&quot;sectorsize&quot;: 512,
&quot;size&quot;: &quot;4.00 GB&quot;,
&quot;start&quot;: &quot;491725488&quot;,
&quot;uuid&quot;: null
}
},
&quot;removable&quot;: &quot;0&quot;,
&quot;rotational&quot;: &quot;0&quot;,
&quot;sas_address&quot;: null,
&quot;sas_device_handle&quot;: null,
&quot;scheduler_mode&quot;: &quot;kyber&quot;,
&quot;sectors&quot;: &quot;500118192&quot;,
&quot;sectorsize&quot;: &quot;512&quot;,
&quot;size&quot;: &quot;238.47 GB&quot;,
&quot;support_discard&quot;: &quot;512&quot;,
&quot;vendor&quot;: &quot;ATA&quot;,
&quot;virtual&quot;: 1
},
&quot;sdb&quot;: {
&quot;holders&quot;: [],
&quot;host&quot;: &quot;&quot;,
&quot;links&quot;: {
&quot;ids&quot;: [],
&quot;labels&quot;: [],
&quot;masters&quot;: [],
&quot;uuids&quot;: []
},
&quot;model&quot;: &quot;SD/MMC CRW&quot;,
&quot;partitions&quot;: {},
&quot;removable&quot;: &quot;1&quot;,
&quot;rotational&quot;: &quot;1&quot;,
&quot;sas_address&quot;: null,
&quot;sas_device_handle&quot;: null,
&quot;scheduler_mode&quot;: &quot;bfq&quot;,
&quot;sectors&quot;: &quot;0&quot;,
&quot;sectorsize&quot;: &quot;512&quot;,
&quot;size&quot;: &quot;0.00 Bytes&quot;,
&quot;support_discard&quot;: &quot;0&quot;,
&quot;vendor&quot;: &quot;Generic-&quot;,
&quot;virtual&quot;: 1
},
&quot;zram0&quot;: {
&quot;holders&quot;: [],
&quot;host&quot;: &quot;&quot;,
&quot;links&quot;: {
&quot;ids&quot;: [],
&quot;labels&quot;: [],
&quot;masters&quot;: [],
&quot;uuids&quot;: []
},
&quot;model&quot;: null,
&quot;partitions&quot;: {},
&quot;removable&quot;: &quot;0&quot;,
&quot;rotational&quot;: &quot;0&quot;,
&quot;sas_address&quot;: null,
&quot;sas_device_handle&quot;: null,
&quot;scheduler_mode&quot;: &quot;&quot;,
&quot;sectors&quot;: &quot;32512000&quot;,
&quot;sectorsize&quot;: &quot;4096&quot;,
&quot;size&quot;: &quot;15.50 GB&quot;,
&quot;support_discard&quot;: &quot;4096&quot;,
&quot;vendor&quot;: null,
&quot;virtual&quot;: 1
}
},
&quot;ansible_distribution&quot;: &quot;Ubuntu&quot;,
&quot;ansible_distribution_file_parsed&quot;: true,
&quot;ansible_distribution_file_path&quot;: &quot;/etc/os-release&quot;,
&quot;ansible_distribution_file_variety&quot;: &quot;Debian&quot;,
&quot;ansible_distribution_major_version&quot;: &quot;18&quot;,
&quot;ansible_distribution_release&quot;: &quot;bionic&quot;,
&quot;ansible_distribution_version&quot;: &quot;18.04&quot;,
&quot;ansible_dns&quot;: {
&quot;nameservers&quot;: [
&quot;192.168.10.6&quot;
],
&quot;search&quot;: [
&quot;home.local&quot;
]
},
&quot;ansible_domain&quot;: &quot;&quot;,
&quot;ansible_effective_group_id&quot;: 0,
&quot;ansible_effective_user_id&quot;: 0,
&quot;ansible_env&quot;: {
&quot;ANSIBLE_CALLBACKS_ENABLED&quot;: &quot;junit&quot;,
&quot;ANSIBLE_COLLECTIONS_PATH&quot;: &quot;/root&quot;,
&quot;ANSIBLE_CONFIG&quot;: &quot;/root/ansible_collections/arista/avd/tests/output/.tmp/integration/configlet_build_config-eeb481go-ÅÑŚÌβŁÈ/tests/integration/integration.cfg&quot;,
&quot;ANSIBLE_DEPRECATION_WARNINGS&quot;: &quot;false&quot;,
&quot;ANSIBLE_DEVEL_WARNING&quot;: &quot;false&quot;,
&quot;ANSIBLE_FORCE_COLOR&quot;: &quot;true&quot;,
&quot;ANSIBLE_FORCE_HANDLERS&quot;: &quot;true&quot;,
&quot;ANSIBLE_HOST_KEY_CHECKING&quot;: &quot;false&quot;,
&quot;ANSIBLE_HOST_PATTERN_MISMATCH&quot;: &quot;error&quot;,
&quot;ANSIBLE_INVENTORY&quot;: &quot;/dev/null&quot;,
&quot;ANSIBLE_JINJA2_NATIVE_WARNING&quot;: &quot;false&quot;,
&quot;ANSIBLE_LIBRARY&quot;: &quot;/dev/null&quot;,
&quot;ANSIBLE_PLAYBOOK_DIR&quot;: &quot;/root/ansible_collections/arista/avd/tests/output/.tmp/integration/configlet_build_config-eeb481go-ÅÑŚÌβŁÈ/tests/integration&quot;,
&quot;ANSIBLE_PYTHON_INTERPRETER&quot;: &quot;/set/ansible_python_interpreter/in/inventory&quot;,
&quot;ANSIBLE_PYTHON_MODULE_RLIMIT_NOFILE&quot;: &quot;1024&quot;,
&quot;ANSIBLE_RETRY_FILES_ENABLED&quot;: &quot;false&quot;,
&quot;ANSIBLE_ROLES_PATH&quot;: &quot;/root/ansible_collections/arista/avd/tests/output/.tmp/integration/configlet_build_config-eeb481go-ÅÑŚÌβŁÈ/tests/integration/targets&quot;,
&quot;ANSIBLE_TEST_CI&quot;: &quot;&quot;,
&quot;ANSIBLE_TEST_COVERAGE&quot;: &quot;&quot;,
&quot;ANSIBLE_TEST_PYTHON_INTERPRETER&quot;: &quot;/usr/bin/python3.9&quot;,
&quot;ANSIBLE_TEST_PYTHON_VERSION&quot;: &quot;3.9&quot;,
&quot;ANSIBLE_WORKER_SHUTDOWN_POLL_COUNT&quot;: &quot;100&quot;,
&quot;ANSIBLE_WORKER_SHUTDOWN_POLL_DELAY&quot;: &quot;0.1&quot;,
&quot;HOME&quot;: &quot;/root&quot;,
&quot;INVENTORY_PATH&quot;: &quot;/root/ansible_collections/arista/avd/tests/output/.tmp/integration/configlet_build_config-eeb481go-ÅÑŚÌβŁÈ/tests/integration/inventory&quot;,
&quot;JUNIT_OUTPUT_DIR&quot;: &quot;/root/ansible_collections/arista/avd/tests/output/junit&quot;,
&quot;JUNIT_REPLACE_OUT_OF_TREE_PATH&quot;: &quot;out-of-tree:&quot;,
&quot;JUNIT_TASK_RELATIVE_PATH&quot;: &quot;/root/ansible_collections/arista/avd/tests/output/.tmp/integration/configlet_build_config-eeb481go-ÅÑŚÌβŁÈ&quot;,
&quot;LC_ALL&quot;: &quot;en_US.UTF-8&quot;,
&quot;OUTPUT_DIR&quot;: &quot;/root/ansible_collections/arista/avd/tests/output/.tmp/output_dir&quot;,
&quot;PAGER&quot;: &quot;/bin/cat&quot;,
&quot;PATH&quot;: &quot;/tmp/ansible-test-o1k3eqvr-injector:/tmp/python-tzetam0y-ansible:/root/ansible/bin:/usr/local/sbin:/usr/local/bin:/usr/sbin:/usr/bin:/sbin:/bin&quot;,
&quot;PWD&quot;: &quot;/root/ansible_collections/arista/avd/tests/output/.tmp/integration/configlet_build_config-eeb481go-ÅÑŚÌβŁÈ/tests/integration&quot;,
&quot;PYTHONPATH&quot;: &quot;/root/ansible/lib&quot;
},
&quot;ansible_fibre_channel_wwn&quot;: [],
&quot;ansible_fips&quot;: false,
&quot;ansible_form_factor&quot;: &quot;Notebook&quot;,
&quot;ansible_fqdn&quot;: &quot;100e41f6dcbf&quot;,
&quot;ansible_hostname&quot;: &quot;100e41f6dcbf&quot;,
&quot;ansible_hostnqn&quot;: &quot;&quot;,
&quot;ansible_is_chroot&quot;: false,
&quot;ansible_iscsi_iqn&quot;: &quot;&quot;,
&quot;ansible_kernel&quot;: &quot;6.0.12-76060006-generic&quot;,
&quot;ansible_kernel_version&quot;: &quot;#202212290932~1673966427~22.04~e15d5b5 SMP PREEMPT_DYNAMIC Tue J&quot;,
&quot;ansible_local&quot;: {},
&quot;ansible_lsb&quot;: {
&quot;codename&quot;: &quot;bionic&quot;,
&quot;description&quot;: &quot;Ubuntu 18.04.5 LTS&quot;,
&quot;id&quot;: &quot;Ubuntu&quot;,
&quot;major_release&quot;: &quot;18&quot;,
&quot;release&quot;: &quot;18.04&quot;
},
&quot;ansible_machine&quot;: &quot;x86_64&quot;,
&quot;ansible_machine_id&quot;: &quot;b1b243e0801d43c9b4cc29cc2631e491&quot;,
&quot;ansible_memfree_mb&quot;: 636,
&quot;ansible_memory_mb&quot;: {
&quot;nocache&quot;: {
&quot;free&quot;: 9732,
&quot;used&quot;: 6142
},
&quot;real&quot;: {
&quot;free&quot;: 636,
&quot;total&quot;: 15874,
&quot;used&quot;: 15238
},
&quot;swap&quot;: {
&quot;cached&quot;: 33,
&quot;free&quot;: 16925,
&quot;total&quot;: 19970,
&quot;used&quot;: 3045
}
},
&quot;ansible_memtotal_mb&quot;: 15874,
&quot;ansible_mounts&quot;: [
{
&quot;block_available&quot;: 1696967,
&quot;block_size&quot;: 4096,
&quot;block_total&quot;: 59065395,
&quot;block_used&quot;: 57368428,
&quot;device&quot;: &quot;/dev/sda3&quot;,
&quot;fstype&quot;: &quot;ext4&quot;,
&quot;inode_available&quot;: 9893460,
&quot;inode_total&quot;: 15073280,
&quot;inode_used&quot;: 5179820,
&quot;mount&quot;: &quot;/tmp&quot;,
&quot;options&quot;: &quot;rw,noatime,errors=remount-ro,bind&quot;,
&quot;size_available&quot;: 6950776832,
&quot;size_total&quot;: 241931857920,
&quot;uuid&quot;: &quot;N/A&quot;
},
{
&quot;block_available&quot;: 1696967,
&quot;block_size&quot;: 4096,
&quot;block_total&quot;: 59065395,
&quot;block_used&quot;: 57368428,
&quot;device&quot;: &quot;/dev/sda3&quot;,
&quot;fstype&quot;: &quot;ext4&quot;,
&quot;inode_available&quot;: 9893460,
&quot;inode_total&quot;: 15073280,
&quot;inode_used&quot;: 5179820,
&quot;mount&quot;: &quot;/run&quot;,
&quot;options&quot;: &quot;rw,noatime,errors=remount-ro,bind&quot;,
&quot;size_available&quot;: 6950776832,
&quot;size_total&quot;: 241931857920,
&quot;uuid&quot;: &quot;N/A&quot;
},
{
&quot;block_available&quot;: 1696967,
&quot;block_size&quot;: 4096,
&quot;block_total&quot;: 59065395,
&quot;block_used&quot;: 57368428,
&quot;device&quot;: &quot;/dev/sda3&quot;,
&quot;fstype&quot;: &quot;ext4&quot;,
&quot;inode_available&quot;: 9893460,
&quot;inode_total&quot;: 15073280,
&quot;inode_used&quot;: 5179820,
&quot;mount&quot;: &quot;/run/lock&quot;,
&quot;options&quot;: &quot;rw,noatime,errors=remount-ro,bind&quot;,
&quot;size_available&quot;: 6950776832,
&quot;size_total&quot;: 241931857920,
&quot;uuid&quot;: &quot;N/A&quot;
},
{
&quot;block_available&quot;: 1696967,
&quot;block_size&quot;: 4096,
&quot;block_total&quot;: 59065395,
&quot;block_used&quot;: 57368428,
&quot;device&quot;: &quot;/dev/sda3&quot;,
&quot;fstype&quot;: &quot;ext4&quot;,
&quot;inode_available&quot;: 9893460,
&quot;inode_total&quot;: 15073280,
&quot;inode_used&quot;: 5179820,
&quot;mount&quot;: &quot;/etc/resolv.conf&quot;,
&quot;options&quot;: &quot;rw,noatime,errors=remount-ro,bind&quot;,
&quot;size_available&quot;: 6950776832,
&quot;size_total&quot;: 241931857920,
&quot;uuid&quot;: &quot;N/A&quot;
},
{
&quot;block_available&quot;: 1696967,
&quot;block_size&quot;: 4096,
&quot;block_total&quot;: 59065395,
&quot;block_used&quot;: 57368428,
&quot;device&quot;: &quot;/dev/sda3&quot;,
&quot;fstype&quot;: &quot;ext4&quot;,
&quot;inode_available&quot;: 9893460,
&quot;inode_total&quot;: 15073280,
&quot;inode_used&quot;: 5179820,
&quot;mount&quot;: &quot;/etc/hostname&quot;,
&quot;options&quot;: &quot;rw,noatime,errors=remount-ro,bind&quot;,
&quot;size_available&quot;: 6950776832,
&quot;size_total&quot;: 241931857920,
&quot;uuid&quot;: &quot;N/A&quot;
},
{
&quot;block_available&quot;: 1696967,
&quot;block_size&quot;: 4096,
&quot;block_total&quot;: 59065395,
&quot;block_used&quot;: 57368428,
&quot;device&quot;: &quot;/dev/sda3&quot;,
&quot;fstype&quot;: &quot;ext4&quot;,
&quot;inode_available&quot;: 9893460,
&quot;inode_total&quot;: 15073280,
&quot;inode_used&quot;: 5179820,
&quot;mount&quot;: &quot;/etc/hosts&quot;,
&quot;options&quot;: &quot;rw,noatime,errors=remount-ro,bind&quot;,
&quot;size_available&quot;: 6950776832,
&quot;size_total&quot;: 241931857920,
&quot;uuid&quot;: &quot;N/A&quot;
}
],
&quot;ansible_nodename&quot;: &quot;100e41f6dcbf&quot;,
&quot;ansible_os_family&quot;: &quot;Debian&quot;,
&quot;ansible_pkg_mgr&quot;: &quot;apt&quot;,
&quot;ansible_proc_cmdline&quot;: {
&quot;initrd&quot;: &quot;\\EFI\\Pop_OS-aafb896a-b3f3-44e4-9196-56e2006a06c8\\initrd.img&quot;,
&quot;loglevel&quot;: &quot;0&quot;,
&quot;quiet&quot;: true,
&quot;ro&quot;: true,
&quot;root&quot;: &quot;UUID=aafb896a-b3f3-44e4-9196-56e2006a06c8&quot;,
&quot;splash&quot;: true,
&quot;systemd.show_status&quot;: &quot;false&quot;
},
&quot;ansible_processor&quot;: [
&quot;0&quot;,
&quot;GenuineIntel&quot;,
&quot;Intel(R) Core(TM) i7-8650U CPU @ 1.90GHz&quot;,
&quot;1&quot;,
&quot;GenuineIntel&quot;,
&quot;Intel(R) Core(TM) i7-8650U CPU @ 1.90GHz&quot;,
&quot;2&quot;,
&quot;GenuineIntel&quot;,
&quot;Intel(R) Core(TM) i7-8650U CPU @ 1.90GHz&quot;,
&quot;3&quot;,
&quot;GenuineIntel&quot;,
&quot;Intel(R) Core(TM) i7-8650U CPU @ 1.90GHz&quot;,
&quot;4&quot;,
&quot;GenuineIntel&quot;,
&quot;Intel(R) Core(TM) i7-8650U CPU @ 1.90GHz&quot;,
&quot;5&quot;,
&quot;GenuineIntel&quot;,
&quot;Intel(R) Core(TM) i7-8650U CPU @ 1.90GHz&quot;,
&quot;6&quot;,
&quot;GenuineIntel&quot;,
&quot;Intel(R) Core(TM) i7-8650U CPU @ 1.90GHz&quot;,
&quot;7&quot;,
&quot;GenuineIntel&quot;,
&quot;Intel(R) Core(TM) i7-8650U CPU @ 1.90GHz&quot;
],
&quot;ansible_processor_cores&quot;: 4,
&quot;ansible_processor_count&quot;: 1,
&quot;ansible_processor_nproc&quot;: 8,
&quot;ansible_processor_threads_per_core&quot;: 2,
&quot;ansible_processor_vcpus&quot;: 8,
&quot;ansible_product_name&quot;: &quot;20KGSAFA00&quot;,
&quot;ansible_product_serial&quot;: &quot;PF1S582G&quot;,
&quot;ansible_product_uuid&quot;: &quot;9cab844c-35d0-11b2-a85c-a20901644495&quot;,
&quot;ansible_product_version&quot;: &quot;ThinkPad X1 Carbon&quot;,
&quot;ansible_python&quot;: {
&quot;executable&quot;: &quot;/usr/bin/python3.9&quot;,
&quot;has_sslcontext&quot;: true,
&quot;type&quot;: &quot;cpython&quot;,
&quot;version&quot;: {
&quot;major&quot;: 3,
&quot;micro&quot;: 7,
&quot;minor&quot;: 9,
&quot;releaselevel&quot;: &quot;final&quot;,
&quot;serial&quot;: 0
},
&quot;version_info&quot;: [
3,
9,
7,
&quot;final&quot;,
0
]
},
&quot;ansible_python_version&quot;: &quot;3.9.7&quot;,
&quot;ansible_real_group_id&quot;: 0,
&quot;ansible_real_user_id&quot;: 0,
&quot;ansible_selinux&quot;: {
&quot;status&quot;: &quot;disabled&quot;
},
&quot;ansible_selinux_python_present&quot;: true,
&quot;ansible_service_mgr&quot;: &quot;systemd&quot;,
&quot;ansible_ssh_host_key_ecdsa_public&quot;: &quot;AAAAE2VjZHNhLXNoYTItbmlzdHAyNTYAAAAIbmlzdHAyNTYAAABBBOkeOat91w6qMPl8QNU7uqq/JhBR4a6h22LiYQmP8zxt2cABPwXsjwck6QwYfD3i4A+4AFFAmVsHwgrXm3RyMn0=&quot;,
&quot;ansible_ssh_host_key_ecdsa_public_keytype&quot;: &quot;ecdsa-sha2-nistp256&quot;,
&quot;ansible_ssh_host_key_ed25519_public&quot;: &quot;AAAAC3NzaC1lZDI1NTE5AAAAICq00qx/vPRmUQjUzdILzEKmcuLYRTdEbnf352kxvbRo&quot;,
&quot;ansible_ssh_host_key_ed25519_public_keytype&quot;: &quot;ssh-ed25519&quot;,
&quot;ansible_ssh_host_key_rsa_public&quot;: &quot;AAAAB3NzaC1yc2EAAAADAQABAAABAQDsEHWrDFQr/S1qfXq57eH4eCcCZWbuWaCJN0/QXQX2obLDGUvGVsP+n7lCo5sNlf/2aSjojxc4DBGnhxyn3NUSnxWOkgGN6q/cnYqzlc21NwvpNj3WuNT80yFgR1My6fXAS6XrkU5RfuyMYpdhzMxJpBmyU/evBarCuR2NHvnnZg6qb/SNkIPaUmT3beA9RSl4kYIB/d/hqGTrPv6QCZ6bWkWAlDCOIUP5bGjNXnyFhO5ONy5A8eMBFLpnj/UkcNKAHXZC906xA7lHC3IT7s3m/nDeJQ8ZdiBJtb03aqiqbJPAi0ZPOiKV20iqLuQxCjnwU6rWQTSsn4/96UEESpIL&quot;,
&quot;ansible_ssh_host_key_rsa_public_keytype&quot;: &quot;ssh-rsa&quot;,
&quot;ansible_swapfree_mb&quot;: 16925,
&quot;ansible_swaptotal_mb&quot;: 19970,
&quot;ansible_system&quot;: &quot;Linux&quot;,
&quot;ansible_system_vendor&quot;: &quot;LENOVO&quot;,
&quot;ansible_uptime_seconds&quot;: 215379,
&quot;ansible_user_dir&quot;: &quot;/root&quot;,
&quot;ansible_user_gecos&quot;: &quot;root&quot;,
&quot;ansible_user_gid&quot;: 0,
&quot;ansible_user_id&quot;: &quot;root&quot;,
&quot;ansible_user_shell&quot;: &quot;/bin/bash&quot;,
&quot;ansible_user_uid&quot;: 0,
&quot;ansible_userspace_architecture&quot;: &quot;x86_64&quot;,
&quot;ansible_userspace_bits&quot;: &quot;64&quot;,
&quot;ansible_virtualization_role&quot;: &quot;guest&quot;,
&quot;ansible_virtualization_tech_guest&quot;: [
&quot;docker&quot;,
&quot;container&quot;
],
&quot;ansible_virtualization_tech_host&quot;: [
&quot;kvm&quot;
],
&quot;ansible_virtualization_type&quot;: &quot;container&quot;,
&quot;gather_subset&quot;: [
&quot;all&quot;
],
&quot;module_setup&quot;: true
},
&quot;changed&quot;: false,
&quot;deprecations&quot;: [],
&quot;warnings&quot;: []
}</system-out>
		</testcase>
		<testcase classname="tests/integration/targets/configlet_build_config/tasks/test.yml:1" name="[testhost] testhost: configlet_build_config : collect all test cases paths={{ role_path }}/tests/, patterns={{ testcase }}.yml" time="0.33214664459228516">
			<system-out>{
&quot;changed&quot;: false,
&quot;examined&quot;: 6,
&quot;files&quot;: [
{
&quot;atime&quot;: 1674673658.9674606,
&quot;ctime&quot;: 1674673682.8555486,
&quot;dev&quot;: 76,
&quot;gid&quot;: 0,
&quot;gr_name&quot;: &quot;root&quot;,
&quot;inode&quot;: 12767172,
&quot;isblk&quot;: false,
&quot;ischr&quot;: false,
&quot;isdir&quot;: false,
&quot;isfifo&quot;: false,
&quot;isgid&quot;: false,
&quot;islnk&quot;: false,
&quot;isreg&quot;: true,
&quot;issock&quot;: false,
&quot;isuid&quot;: false,
&quot;mode&quot;: &quot;0664&quot;,
&quot;mtime&quot;: 1663089911.0,
&quot;nlink&quot;: 1,
&quot;path&quot;: &quot;/root/ansible_collections/arista/avd/tests/output/.tmp/integration/configlet_build_config-eeb481go-ÅÑŚÌβŁÈ/tests/integration/targets/configlet_build_config/tests/test_without_prefix.yml&quot;,
&quot;pw_name&quot;: &quot;root&quot;,
&quot;rgrp&quot;: true,
&quot;roth&quot;: true,
&quot;rusr&quot;: true,
&quot;size&quot;: 362,
&quot;uid&quot;: 0,
&quot;wgrp&quot;: true,
&quot;woth&quot;: false,
&quot;wusr&quot;: true,
&quot;xgrp&quot;: false,
&quot;xoth&quot;: false,
&quot;xusr&quot;: false
},
{
&quot;atime&quot;: 1674673658.9674606,
&quot;ctime&quot;: 1674673682.8555486,
&quot;dev&quot;: 76,
&quot;gid&quot;: 0,
&quot;gr_name&quot;: &quot;root&quot;,
&quot;inode&quot;: 12767174,
&quot;isblk&quot;: false,
&quot;ischr&quot;: false,
&quot;isdir&quot;: false,
&quot;isfifo&quot;: false,
&quot;isgid&quot;: false,
&quot;islnk&quot;: false,
&quot;isreg&quot;: true,
&quot;issock&quot;: false,
&quot;isuid&quot;: false,
&quot;mode&quot;: &quot;0664&quot;,
&quot;mtime&quot;: 1663089911.0,
&quot;nlink&quot;: 1,
&quot;path&quot;: &quot;/root/ansible_collections/arista/avd/tests/output/.tmp/integration/configlet_build_config-eeb481go-ÅÑŚÌβŁÈ/tests/integration/targets/configlet_build_config/tests/test_without_configlet_dir.yml&quot;,
&quot;pw_name&quot;: &quot;root&quot;,
&quot;rgrp&quot;: true,
&quot;roth&quot;: true,
&quot;rusr&quot;: true,
&quot;size&quot;: 358,
&quot;uid&quot;: 0,
&quot;wgrp&quot;: true,
&quot;woth&quot;: false,
&quot;wusr&quot;: true,
&quot;xgrp&quot;: false,
&quot;xoth&quot;: false,
&quot;xusr&quot;: false
},
{
&quot;atime&quot;: 1674673658.9674606,
&quot;ctime&quot;: 1674673682.8555486,
&quot;dev&quot;: 76,
&quot;gid&quot;: 0,
&quot;gr_name&quot;: &quot;root&quot;,
&quot;inode&quot;: 12767177,
&quot;isblk&quot;: false,
&quot;ischr&quot;: false,
&quot;isdir&quot;: false,
&quot;isfifo&quot;: false,
&quot;isgid&quot;: false,
&quot;islnk&quot;: false,
&quot;isreg&quot;: true,
&quot;issock&quot;: false,
&quot;isuid&quot;: false,
&quot;mode&quot;: &quot;0664&quot;,
&quot;mtime&quot;: 1663089911.0,
&quot;nlink&quot;: 1,
&quot;path&quot;: &quot;/root/ansible_collections/arista/avd/tests/output/.tmp/integration/configlet_build_config-eeb481go-ÅÑŚÌβŁÈ/tests/integration/targets/configlet_build_config/tests/test_without_prefix_configlet_dir.yml&quot;,
&quot;pw_name&quot;: &quot;root&quot;,
&quot;rgrp&quot;: true,
&quot;roth&quot;: true,
&quot;rusr&quot;: true,
&quot;size&quot;: 338,
&quot;uid&quot;: 0,
&quot;wgrp&quot;: true,
&quot;woth&quot;: false,
&quot;wusr&quot;: true,
&quot;xgrp&quot;: false,
&quot;xoth&quot;: false,
&quot;xusr&quot;: false
},
{
&quot;atime&quot;: 1674673658.9674606,
&quot;ctime&quot;: 1674673682.8555486,
&quot;dev&quot;: 76,
&quot;gid&quot;: 0,
&quot;gr_name&quot;: &quot;root&quot;,
&quot;inode&quot;: 12767180,
&quot;isblk&quot;: false,
&quot;ischr&quot;: false,
&quot;isdir&quot;: false,
&quot;isfifo&quot;: false,
&quot;isgid&quot;: false,
&quot;islnk&quot;: false,
&quot;isreg&quot;: true,
&quot;issock&quot;: false,
&quot;isuid&quot;: false,
&quot;mode&quot;: &quot;0664&quot;,
&quot;mtime&quot;: 1663089911.0,
&quot;nlink&quot;: 1,
&quot;path&quot;: &quot;/root/ansible_collections/arista/avd/tests/output/.tmp/integration/configlet_build_config-eeb481go-ÅÑŚÌβŁÈ/tests/integration/targets/configlet_build_config/tests/test_blank_prefix.yml&quot;,
&quot;pw_name&quot;: &quot;root&quot;,
&quot;rgrp&quot;: true,
&quot;roth&quot;: true,
&quot;rusr&quot;: true,
&quot;size&quot;: 643,
&quot;uid&quot;: 0,
&quot;wgrp&quot;: true,
&quot;woth&quot;: false,
&quot;wusr&quot;: true,
&quot;xgrp&quot;: false,
&quot;xoth&quot;: false,
&quot;xusr&quot;: false
},
{
&quot;atime&quot;: 1674673658.9674606,
&quot;ctime&quot;: 1674673682.8555486,
&quot;dev&quot;: 76,
&quot;gid&quot;: 0,
&quot;gr_name&quot;: &quot;root&quot;,
&quot;inode&quot;: 12767183,
&quot;isblk&quot;: false,
&quot;ischr&quot;: false,
&quot;isdir&quot;: false,
&quot;isfifo&quot;: false,
&quot;isgid&quot;: false,
&quot;islnk&quot;: false,
&quot;isreg&quot;: true,
&quot;issock&quot;: false,
&quot;isuid&quot;: false,
&quot;mode&quot;: &quot;0664&quot;,
&quot;mtime&quot;: 1663089911.0,
&quot;nlink&quot;: 1,
&quot;path&quot;: &quot;/root/ansible_collections/arista/avd/tests/output/.tmp/integration/configlet_build_config-eeb481go-ÅÑŚÌβŁÈ/tests/integration/targets/configlet_build_config/tests/test_with_all_parameters.yml&quot;,
&quot;pw_name&quot;: &quot;root&quot;,
&quot;rgrp&quot;: true,
&quot;roth&quot;: true,
&quot;rusr&quot;: true,
&quot;size&quot;: 660,
&quot;uid&quot;: 0,
&quot;wgrp&quot;: true,
&quot;woth&quot;: false,
&quot;wusr&quot;: true,
&quot;xgrp&quot;: false,
&quot;xoth&quot;: false,
&quot;xusr&quot;: false
},
{
&quot;atime&quot;: 1674673658.9674606,
&quot;ctime&quot;: 1674673682.8555486,
&quot;dev&quot;: 76,
&quot;gid&quot;: 0,
&quot;gr_name&quot;: &quot;root&quot;,
&quot;inode&quot;: 12767186,
&quot;isblk&quot;: false,
&quot;ischr&quot;: false,
&quot;isdir&quot;: false,
&quot;isfifo&quot;: false,
&quot;isgid&quot;: false,
&quot;islnk&quot;: false,
&quot;isreg&quot;: true,
&quot;issock&quot;: false,
&quot;isuid&quot;: false,
&quot;mode&quot;: &quot;0664&quot;,
&quot;mtime&quot;: 1663089911.0,
&quot;nlink&quot;: 1,
&quot;path&quot;: &quot;/root/ansible_collections/arista/avd/tests/output/.tmp/integration/configlet_build_config-eeb481go-ÅÑŚÌβŁÈ/tests/integration/targets/configlet_build_config/tests/test_without_extension.yml&quot;,
&quot;pw_name&quot;: &quot;root&quot;,
&quot;rgrp&quot;: true,
&quot;roth&quot;: true,
&quot;rusr&quot;: true,
&quot;size&quot;: 625,
&quot;uid&quot;: 0,
&quot;wgrp&quot;: true,
&quot;woth&quot;: false,
&quot;wusr&quot;: true,
&quot;xgrp&quot;: false,
&quot;xoth&quot;: false,
&quot;xusr&quot;: false
}
],
&quot;matched&quot;: 6,
&quot;msg&quot;: &quot;All paths examined&quot;,
&quot;skipped_paths&quot;: {}
}</system-out>
		</testcase>
		<testcase classname="tests/integration/targets/configlet_build_config/tasks/test.yml:8" name="[testhost] testhost: configlet_build_config : set test_items test_items={{ test_cases.files | map(attribute='path') | list }}" time="0.054563045501708984">
			<system-out>{
&quot;ansible_facts&quot;: {
&quot;test_items&quot;: [
&quot;/root/ansible_collections/arista/avd/tests/output/.tmp/integration/configlet_build_config-eeb481go-ÅÑŚÌβŁÈ/tests/integration/targets/configlet_build_config/tests/test_without_prefix.yml&quot;,
&quot;/root/ansible_collections/arista/avd/tests/output/.tmp/integration/configlet_build_config-eeb481go-ÅÑŚÌβŁÈ/tests/integration/targets/configlet_build_config/tests/test_without_configlet_dir.yml&quot;,
&quot;/root/ansible_collections/arista/avd/tests/output/.tmp/integration/configlet_build_config-eeb481go-ÅÑŚÌβŁÈ/tests/integration/targets/configlet_build_config/tests/test_without_prefix_configlet_dir.yml&quot;,
&quot;/root/ansible_collections/arista/avd/tests/output/.tmp/integration/configlet_build_config-eeb481go-ÅÑŚÌβŁÈ/tests/integration/targets/configlet_build_config/tests/test_blank_prefix.yml&quot;,
&quot;/root/ansible_collections/arista/avd/tests/output/.tmp/integration/configlet_build_config-eeb481go-ÅÑŚÌβŁÈ/tests/integration/targets/configlet_build_config/tests/test_with_all_parameters.yml&quot;,
&quot;/root/ansible_collections/arista/avd/tests/output/.tmp/integration/configlet_build_config-eeb481go-ÅÑŚÌβŁÈ/tests/integration/targets/configlet_build_config/tests/test_without_extension.yml&quot;
]
},
&quot;changed&quot;: false
}</system-out>
		</testcase>
		<testcase classname="tests/integration/targets/configlet_build_config/tasks/test.yml:11" name="[testhost] testhost: configlet_build_config : run test cases _raw_params={{ test_case_to_run }}" time="0.02996826171875">
			<system-out>{
&quot;changed&quot;: false,
&quot;msg&quot;: &quot;All items completed&quot;,
&quot;results&quot;: [
{
&quot;ansible_loop_var&quot;: &quot;test_case_to_run&quot;,
&quot;include&quot;: &quot;/root/ansible_collections/arista/avd/tests/output/.tmp/integration/configlet_build_config-eeb481go-ÅÑŚÌβŁÈ/tests/integration/targets/configlet_build_config/tests/test_without_prefix.yml&quot;,
&quot;include_args&quot;: {},
&quot;test_case_to_run&quot;: &quot;/root/ansible_collections/arista/avd/tests/output/.tmp/integration/configlet_build_config-eeb481go-ÅÑŚÌβŁÈ/tests/integration/targets/configlet_build_config/tests/test_without_prefix.yml&quot;
},
{
&quot;ansible_loop_var&quot;: &quot;test_case_to_run&quot;,
&quot;include&quot;: &quot;/root/ansible_collections/arista/avd/tests/output/.tmp/integration/configlet_build_config-eeb481go-ÅÑŚÌβŁÈ/tests/integration/targets/configlet_build_config/tests/test_without_configlet_dir.yml&quot;,
&quot;include_args&quot;: {},
&quot;test_case_to_run&quot;: &quot;/root/ansible_collections/arista/avd/tests/output/.tmp/integration/configlet_build_config-eeb481go-ÅÑŚÌβŁÈ/tests/integration/targets/configlet_build_config/tests/test_without_configlet_dir.yml&quot;
},
{
&quot;ansible_loop_var&quot;: &quot;test_case_to_run&quot;,
&quot;include&quot;: &quot;/root/ansible_collections/arista/avd/tests/output/.tmp/integration/configlet_build_config-eeb481go-ÅÑŚÌβŁÈ/tests/integration/targets/configlet_build_config/tests/test_without_prefix_configlet_dir.yml&quot;,
&quot;include_args&quot;: {},
&quot;test_case_to_run&quot;: &quot;/root/ansible_collections/arista/avd/tests/output/.tmp/integration/configlet_build_config-eeb481go-ÅÑŚÌβŁÈ/tests/integration/targets/configlet_build_config/tests/test_without_prefix_configlet_dir.yml&quot;
},
{
&quot;ansible_loop_var&quot;: &quot;test_case_to_run&quot;,
&quot;include&quot;: &quot;/root/ansible_collections/arista/avd/tests/output/.tmp/integration/configlet_build_config-eeb481go-ÅÑŚÌβŁÈ/tests/integration/targets/configlet_build_config/tests/test_blank_prefix.yml&quot;,
&quot;include_args&quot;: {},
&quot;test_case_to_run&quot;: &quot;/root/ansible_collections/arista/avd/tests/output/.tmp/integration/configlet_build_config-eeb481go-ÅÑŚÌβŁÈ/tests/integration/targets/configlet_build_config/tests/test_blank_prefix.yml&quot;
},
{
&quot;ansible_loop_var&quot;: &quot;test_case_to_run&quot;,
&quot;include&quot;: &quot;/root/ansible_collections/arista/avd/tests/output/.tmp/integration/configlet_build_config-eeb481go-ÅÑŚÌβŁÈ/tests/integration/targets/configlet_build_config/tests/test_with_all_parameters.yml&quot;,
&quot;include_args&quot;: {},
&quot;test_case_to_run&quot;: &quot;/root/ansible_collections/arista/avd/tests/output/.tmp/integration/configlet_build_config-eeb481go-ÅÑŚÌβŁÈ/tests/integration/targets/configlet_build_config/tests/test_with_all_parameters.yml&quot;
},
{
&quot;ansible_loop_var&quot;: &quot;test_case_to_run&quot;,
&quot;include&quot;: &quot;/root/ansible_collections/arista/avd/tests/output/.tmp/integration/configlet_build_config-eeb481go-ÅÑŚÌβŁÈ/tests/integration/targets/configlet_build_config/tests/test_without_extension.yml&quot;,
&quot;include_args&quot;: {},
&quot;test_case_to_run&quot;: &quot;/root/ansible_collections/arista/avd/tests/output/.tmp/integration/configlet_build_config-eeb481go-ÅÑŚÌβŁÈ/tests/integration/targets/configlet_build_config/tests/test_without_extension.yml&quot;
}
]
}</system-out>
		</testcase>
		<testcase classname="tests/integration/targets/configlet_build_config/tasks/test.yml:11" name="[include] testhost: configlet_build_config : run test cases _raw_params={{ test_case_to_run }}" time="0.06461215019226074">
			<system-out>/root/ansible_collections/arista/avd/tests/output/.tmp/integration/configlet_build_config-eeb481go-ÅÑŚÌβŁÈ/tests/integration/targets/configlet_build_config/tests/test_without_prefix.yml (args={} vars={'test_case_to_run': '/root/ansible_collections/arista/avd/tests/output/.tmp/integration/configlet_build_config-eeb481go-ÅÑŚÌβŁÈ/tests/integration/targets/configlet_build_config/tests/test_without_prefix.yml', '_ansible_item_label': '/root/ansible_collections/arista/avd/tests/output/.tmp/integration/configlet_build_config-eeb481go-ÅÑŚÌβŁÈ/tests/integration/targets/configlet_build_config/tests/test_without_prefix.yml'}): [testhost]
/root/ansible_collections/arista/avd/tests/output/.tmp/integration/configlet_build_config-eeb481go-ÅÑŚÌβŁÈ/tests/integration/targets/configlet_build_config/tests/test_without_configlet_dir.yml (args={} vars={'test_case_to_run': '/root/ansible_collections/arista/avd/tests/output/.tmp/integration/configlet_build_config-eeb481go-ÅÑŚÌβŁÈ/tests/integration/targets/configlet_build_config/tests/test_without_configlet_dir.yml', '_ansible_item_label': '/root/ansible_collections/arista/avd/tests/output/.tmp/integration/configlet_build_config-eeb481go-ÅÑŚÌβŁÈ/tests/integration/targets/configlet_build_config/tests/test_without_configlet_dir.yml'}): [testhost]
/root/ansible_collections/arista/avd/tests/output/.tmp/integration/configlet_build_config-eeb481go-ÅÑŚÌβŁÈ/tests/integration/targets/configlet_build_config/tests/test_without_prefix_configlet_dir.yml (args={} vars={'test_case_to_run': '/root/ansible_collections/arista/avd/tests/output/.tmp/integration/configlet_build_config-eeb481go-ÅÑŚÌβŁÈ/tests/integration/targets/configlet_build_config/tests/test_without_prefix_configlet_dir.yml', '_ansible_item_label': '/root/ansible_collections/arista/avd/tests/output/.tmp/integration/configlet_build_config-eeb481go-ÅÑŚÌβŁÈ/tests/integration/targets/configlet_build_config/tests/test_without_prefix_configlet_dir.yml'}): [testhost]
/root/ansible_collections/arista/avd/tests/output/.tmp/integration/configlet_build_config-eeb481go-ÅÑŚÌβŁÈ/tests/integration/targets/configlet_build_config/tests/test_blank_prefix.yml (args={} vars={'test_case_to_run': '/root/ansible_collections/arista/avd/tests/output/.tmp/integration/configlet_build_config-eeb481go-ÅÑŚÌβŁÈ/tests/integration/targets/configlet_build_config/tests/test_blank_prefix.yml', '_ansible_item_label': '/root/ansible_collections/arista/avd/tests/output/.tmp/integration/configlet_build_config-eeb481go-ÅÑŚÌβŁÈ/tests/integration/targets/configlet_build_config/tests/test_blank_prefix.yml'}): [testhost]
/root/ansible_collections/arista/avd/tests/output/.tmp/integration/configlet_build_config-eeb481go-ÅÑŚÌβŁÈ/tests/integration/targets/configlet_build_config/tests/test_with_all_parameters.yml (args={} vars={'test_case_to_run': '/root/ansible_collections/arista/avd/tests/output/.tmp/integration/configlet_build_config-eeb481go-ÅÑŚÌβŁÈ/tests/integration/targets/configlet_build_config/tests/test_with_all_parameters.yml', '_ansible_item_label': '/root/ansible_collections/arista/avd/tests/output/.tmp/integration/configlet_build_config-eeb481go-ÅÑŚÌβŁÈ/tests/integration/targets/configlet_build_config/tests/test_with_all_parameters.yml'}): [testhost]
/root/ansible_collections/arista/avd/tests/output/.tmp/integration/configlet_build_config-eeb481go-ÅÑŚÌβŁÈ/tests/integration/targets/configlet_build_config/tests/test_without_extension.yml (args={} vars={'test_case_to_run': '/root/ansible_collections/arista/avd/tests/output/.tmp/integration/configlet_build_config-eeb481go-ÅÑŚÌβŁÈ/tests/integration/targets/configlet_build_config/tests/test_without_extension.yml', '_ansible_item_label': '/root/ansible_collections/arista/avd/tests/output/.tmp/integration/configlet_build_config-eeb481go-ÅÑŚÌβŁÈ/tests/integration/targets/configlet_build_config/tests/test_without_extension.yml'}): [testhost]</system-out>
		</testcase>
		<testcase classname="tests/integration/targets/configlet_build_config/tests/test_without_prefix.yml:1" name="[testhost] testhost: configlet_build_config : Test without prefix configlet_dir={{ configlet_path }}, configlet_extension=cfg, destination={{ actual_output }}" time="0.28493547439575195">
			<system-out>{
&quot;changed&quot;: false,
&quot;msg&quot;: &quot;missing required arguments: configlet_prefix&quot;
}</system-out>
		</testcase>
		<testcase classname="tests/integration/targets/configlet_build_config/tests/test_without_prefix.yml:9" name="[testhost] testhost: configlet_build_config : Validate output that=['result is failed', 'result.changed == false', &quot;'missing required arguments:' in result.msg&quot;]" time="0.03782010078430176">
			<system-out>{
    &quot;changed&quot;: false,
    &quot;msg&quot;: &quot;All assertions passed&quot;
}</system-out>
		</testcase>
		<testcase classname="tests/integration/targets/configlet_build_config/tests/test_without_configlet_dir.yml:1" name="[testhost] testhost: configlet_build_config : Test without configlet_dir configlet_prefix=Prefix, configlet_extension=cfg, destination={{ actual_output }}" time="0.18441128730773926">
			<system-out>{
&quot;changed&quot;: false,
&quot;msg&quot;: &quot;missing required arguments: configlet_dir&quot;
}</system-out>
		</testcase>
		<testcase classname="tests/integration/targets/configlet_build_config/tests/test_without_configlet_dir.yml:9" name="[testhost] testhost: configlet_build_config : Validate output that=['result is failed', 'result.changed == false', &quot;'missing required arguments:' in result.msg&quot;]" time="0.028474807739257812">
			<system-out>{
    &quot;changed&quot;: false,
    &quot;msg&quot;: &quot;All assertions passed&quot;
}</system-out>
		</testcase>
		<testcase classname="tests/integration/targets/configlet_build_config/tests/test_without_prefix_configlet_dir.yml:1" name="[testhost] testhost: configlet_build_config : Test without prefix and configlet_dir configlet_extension=yml, destination={{ actual_output }}" time="0.16948699951171875">
			<system-out>{
&quot;changed&quot;: false,
&quot;msg&quot;: &quot;missing required arguments: configlet_dir, configlet_prefix&quot;
}</system-out>
		</testcase>
		<testcase classname="tests/integration/targets/configlet_build_config/tests/test_without_prefix_configlet_dir.yml:8" name="[testhost] testhost: configlet_build_config : Validate output that=['result is failed', 'result.changed == false', &quot;'missing required arguments:' in result.msg&quot;]" time="0.025298357009887695">
			<system-out>{
    &quot;changed&quot;: false,
    &quot;msg&quot;: &quot;All assertions passed&quot;
}</system-out>
		</testcase>
		<testcase classname="tests/integration/targets/configlet_build_config/tests/test_blank_prefix.yml:1" name="[testhost] testhost: configlet_build_config : Test with blank prefix configlet_prefix=, configlet_dir={{ configlet_path }}, configlet_extension=cfg, destination={{ actual_output }}" time="0.2569875717163086">
			<system-out>{
&quot;CVP_CONFIGLETS&quot;: {
&quot;_DC1-L2LEAF1A&quot;: &quot;!RANCID-CONTENT-TYPE: arista\n!\ndaemon TerminAttr\n   exec /usr/bin/TerminAttr -cvaddr=10.255.0.1:9910 -cvvrf=MGMT -smashexcludes=ale,flexCounter,hardware,kni,pulse,strata -ingestexclude=/Sysdb/cell/1/agent,/Sysdb/cell/2/agent -taillogs\n   no shutdown\n!\nvlan internal order ascending range 1006 1199\n!\ntransceiver qsfp default-mode 4x10G\n!\nservice routing protocols model multi-agent\n!\nhostname DC1-L2LEAF1A\nip name-server vrf MGMT 8.8.8.8\nip name-server vrf MGMT 192.168.2.1\n!\nntp local-interface vrf MGMT Management1\nntp server vrf MGMT 0.fr.pool.ntp.org prefer\nntp server vrf MGMT 1.fr.pool.ntp.org\n!\nspanning-tree mode mstp\nspanning-tree mst 0 priority 16384\n!\nno aaa root\nno enable password\n!\nusername admin privilege 15 role network-admin secret sha512 $6$Df86J4/SFMDE3/1K$Hef4KstdoxNDaami37cBquTWOTplC.miMPjXVgQxMe92.e5wxlnXOLlebgPj8Fz1KO0za/RCO7ZIs4Q6Eiq1g1\nusername ansible privilege 15 role network-admin secret sha512 $6$Dzu11L7yp9j3nCM9$FSptxMPyIL555OMO.ldnjDXgwZmrfMYwHSr0uznE5Qoqvd9a6UdjiFcJUhGLtvXVZR1r.A/iF5aAt50hf/EK4/\nusername cvpadmin privilege 15 role network-admin secret sha512 $6$rZKcbIZ7iWGAWTUM$TCgDn1KcavS0s.OV8lacMTUkxTByfzcGlFlYUWroxYuU7M/9bIodhRO7nXGzMweUxvbk8mJmQl8Bh44cRktUj.\n!\nvlan 110\n   name Tenant_A_OP_Zone_1\n!\nvlan 111\n   name Tenant_A_OP_Zone_2\n!\nvlan 112\n   name Tenant_A_OP_Zone_3\n!\nvlan 120\n   name Tenant_A_WEB_Zone_1\n!\nvlan 121\n   name Tenant_A_WEBZone_2\n!\nvlan 130\n   name Tenant_A_APP_Zone_1\n!\nvlan 131\n   name Tenant_A_APP_Zone_2\n!\nvrf instance MGMT\n!\ninterface Port-Channel1\n   description DC1_LEAF1_Po5\n   no shutdown\n   switchport\n   switchport trunk allowed vlan 110-112,120-121,130-131\n   switchport mode trunk\n!\ninterface Ethernet1\n   description DC1-LEAF1A_Ethernet5\n   no shutdown\n   channel-group 1 mode active\n!\ninterface Ethernet2\n   description DC1-LEAF1B_Ethernet5\n   no shutdown\n   channel-group 1 mode active\n!\ninterface Ethernet5\n   description server01_Eth0\n   no shutdown\n   switchport\n   switchport access vlan 110\n   switchport mode access\n!\ninterface Management1\n   description oob_management\n   no shutdown\n   vrf MGMT\n   ip address 10.255.0.17/24\n!\nip routing\nno ip routing vrf MGMT\n!\nip route vrf MGMT 0.0.0.0/0 10.255.0.1\n!\nmanagement api http-commands\n   protocol https\n   no shutdown\n   !\n   vrf MGMT\n      no shutdown\n!\nend\n&quot;,
&quot;_DC1-L2LEAF2A&quot;: &quot;!RANCID-CONTENT-TYPE: arista\n!\ndaemon TerminAttr\n   exec /usr/bin/TerminAttr -cvaddr=10.255.0.1:9910 -cvvrf=MGMT -smashexcludes=ale,flexCounter,hardware,kni,pulse,strata -ingestexclude=/Sysdb/cell/1/agent,/Sysdb/cell/2/agent -taillogs\n   no shutdown\n!\nvlan internal order ascending range 1006 1199\n!\ntransceiver qsfp default-mode 4x10G\n!\nservice routing protocols model multi-agent\n!\nhostname DC1-L2LEAF2A\nip name-server vrf MGMT 8.8.8.8\nip name-server vrf MGMT 192.168.2.1\n!\nntp local-interface vrf MGMT Management1\nntp server vrf MGMT 0.fr.pool.ntp.org prefer\nntp server vrf MGMT 1.fr.pool.ntp.org\n!\nspanning-tree mode mstp\nspanning-tree mst 0 priority 16384\n!\nno aaa root\nno enable password\n!\nusername admin privilege 15 role network-admin secret sha512 $6$Df86J4/SFMDE3/1K$Hef4KstdoxNDaami37cBquTWOTplC.miMPjXVgQxMe92.e5wxlnXOLlebgPj8Fz1KO0za/RCO7ZIs4Q6Eiq1g1\nusername ansible privilege 15 role network-admin secret sha512 $6$Dzu11L7yp9j3nCM9$FSptxMPyIL555OMO.ldnjDXgwZmrfMYwHSr0uznE5Qoqvd9a6UdjiFcJUhGLtvXVZR1r.A/iF5aAt50hf/EK4/\nusername cvpadmin privilege 15 role network-admin secret sha512 $6$rZKcbIZ7iWGAWTUM$TCgDn1KcavS0s.OV8lacMTUkxTByfzcGlFlYUWroxYuU7M/9bIodhRO7nXGzMweUxvbk8mJmQl8Bh44cRktUj.\n!\nvlan 110\n   name Tenant_A_OP_Zone_1\n!\nvlan 111\n   name Tenant_A_OP_Zone_2\n!\nvlan 112\n   name Tenant_A_OP_Zone_3\n!\nvlan 120\n   name Tenant_A_WEB_Zone_1\n!\nvlan 121\n   name Tenant_A_WEBZone_2\n!\nvlan 130\n   name Tenant_A_APP_Zone_1\n!\nvlan 131\n   name Tenant_A_APP_Zone_2\n!\nvrf instance MGMT\n!\ninterface Port-Channel1\n   description DC1_LEAF2_Po5\n   no shutdown\n   switchport\n   switchport trunk allowed vlan 110-112,120-121,130-131\n   switchport mode trunk\n!\ninterface Ethernet1\n   description DC1-LEAF2A_Ethernet5\n   no shutdown\n   channel-group 1 mode active\n!\ninterface Ethernet2\n   description DC1-LEAF2B_Ethernet5\n   no shutdown\n   channel-group 1 mode active\n!\ninterface Ethernet5\n   description server02_Eth0\n   no shutdown\n   switchport\n   switchport access vlan 110\n   switchport mode access\n!\ninterface Management1\n   description oob_management\n   no shutdown\n   vrf MGMT\n   ip address 10.255.0.18/24\n!\nip routing\nno ip routing vrf MGMT\n!\nip route vrf MGMT 0.0.0.0/0 10.255.0.1\n!\nmanagement api http-commands\n   protocol https\n   no shutdown\n   !\n   vrf MGMT\n      no shutdown\n!\nend\n&quot;,
&quot;_DC1-LEAF1A&quot;: &quot;!RANCID-CONTENT-TYPE: arista\n!\ndaemon TerminAttr\n   exec /usr/bin/TerminAttr -cvaddr=10.255.0.1:9910 -cvvrf=MGMT -smashexcludes=ale,flexCounter,hardware,kni,pulse,strata -ingestexclude=/Sysdb/cell/1/agent,/Sysdb/cell/2/agent -taillogs\n   no shutdown\n!\nvlan internal order ascending range 1006 1199\n!\ntransceiver qsfp default-mode 4x10G\n!\nservice routing protocols model multi-agent\n!\nhostname DC1-LEAF1A\nip name-server vrf MGMT 8.8.8.8\nip name-server vrf MGMT 192.168.2.1\n!\nntp local-interface vrf MGMT Management1\nntp server vrf MGMT 0.fr.pool.ntp.org prefer\nntp server vrf MGMT 1.fr.pool.ntp.org\n!\nspanning-tree mode mstp\nno spanning-tree vlan-id 4093-4094\nspanning-tree mst 0 priority 16384\n!\nno aaa root\nno enable password\n!\nusername admin privilege 15 role network-admin secret sha512 $6$Df86J4/SFMDE3/1K$Hef4KstdoxNDaami37cBquTWOTplC.miMPjXVgQxMe92.e5wxlnXOLlebgPj8Fz1KO0za/RCO7ZIs4Q6Eiq1g1\nusername ansible privilege 15 role network-admin secret sha512 $6$Dzu11L7yp9j3nCM9$FSptxMPyIL555OMO.ldnjDXgwZmrfMYwHSr0uznE5Qoqvd9a6UdjiFcJUhGLtvXVZR1r.A/iF5aAt50hf/EK4/\nusername cvpadmin privilege 15 role network-admin secret sha512 $6$rZKcbIZ7iWGAWTUM$TCgDn1KcavS0s.OV8lacMTUkxTByfzcGlFlYUWroxYuU7M/9bIodhRO7nXGzMweUxvbk8mJmQl8Bh44cRktUj.\n!\nvlan 110\n   name Tenant_A_OP_Zone_1\n!\nvlan 111\n   name Tenant_A_OP_Zone_2\n!\nvlan 112\n   name Tenant_A_OP_Zone_3\n!\nvlan 120\n   name Tenant_A_WEB_Zone_1\n!\nvlan 121\n   name Tenant_A_WEBZone_2\n!\nvlan 130\n   name Tenant_A_APP_Zone_1\n!\nvlan 131\n   name Tenant_A_APP_Zone_2\n!\nvlan 140\n   name Tenant_A_DB_BZone_1\n!\nvlan 141\n   name Tenant_A_DB_Zone_2\n!\nvlan 150\n   name Tenant_A_WAN_Zone_1\n!\nvlan 160\n   name Tenant_A_VMOTION\n!\nvlan 161\n   name Tenant_A_NFS\n!\nvlan 210\n   name Tenant_B_OP_Zone_1\n!\nvlan 211\n   name Tenant_B_OP_Zone_2\n!\nvlan 250\n   name Tenant_B_WAN_Zone_1\n!\nvlan 310\n   name Tenant_C_OP_Zone_1\n!\nvlan 311\n   name Tenant_C_OP_Zone_2\n!\nvlan 350\n   name Tenant_C_WAN_Zone_1\n!\nvlan 3009\n   name MLAG_iBGP_Tenant_A_OP_Zone\n   trunk group LEAF_PEER_L3\n!\nvlan 3010\n   name MLAG_iBGP_Tenant_A_WEB_Zone\n   trunk group LEAF_PEER_L3\n!\nvlan 3011\n   name MLAG_iBGP_Tenant_A_APP_Zone\n   trunk group LEAF_PEER_L3\n!\nvlan 3012\n   name MLAG_iBGP_Tenant_A_DB_Zone\n   trunk group LEAF_PEER_L3\n!\nvlan 3013\n   name MLAG_iBGP_Tenant_A_WAN_Zone\n   trunk group LEAF_PEER_L3\n!\nvlan 3019\n   name MLAG_iBGP_Tenant_B_OP_Zone\n   trunk group LEAF_PEER_L3\n!\nvlan 3020\n   name MLAG_iBGP_Tenant_B_WAN_Zone\n   trunk group LEAF_PEER_L3\n!\nvlan 3029\n   name MLAG_iBGP_Tenant_C_OP_Zone\n   trunk group LEAF_PEER_L3\n!\nvlan 3030\n   name MLAG_iBGP_Tenant_C_WAN_Zone\n   trunk group LEAF_PEER_L3\n!\nvlan 4093\n   name LEAF_PEER_L3\n   trunk group LEAF_PEER_L3\n!\nvlan 4094\n   name MLAG_PEER\n   trunk group MLAG\n!\nvrf instance MGMT\n!\nvrf instance Tenant_A_APP_Zone\n!\nvrf instance Tenant_A_DB_Zone\n!\nvrf instance Tenant_A_OP_Zone\n!\nvrf instance Tenant_A_WAN_Zone\n!\nvrf instance Tenant_A_WEB_Zone\n!\nvrf instance Tenant_B_OP_Zone\n!\nvrf instance Tenant_B_WAN_Zone\n!\nvrf instance Tenant_C_OP_Zone\n!\nvrf instance Tenant_C_WAN_Zone\n!\ninterface Port-Channel3\n   description MLAG_PEER_DC1-LEAF1B_Po3\n   no shutdown\n   switchport\n   switchport trunk allowed vlan 2-4094\n   switchport mode trunk\n   switchport trunk group LEAF_PEER_L3\n   switchport trunk group MLAG\n!\ninterface Port-Channel5\n   description DC1-L2LEAF1A_Po1\n   no shutdown\n   switchport\n   switchport trunk allowed vlan 110-112,120-121,130-131\n   switchport mode trunk\n   mlag 5\n!\ninterface Ethernet1\n   description P2P_LINK_TO_DC1-SPINE1_Ethernet1\n   no shutdown\n   mtu 1500\n   no switchport\n   ip address 172.31.255.1/31\n!\ninterface Ethernet2\n   description P2P_LINK_TO_DC1-SPINE2_Ethernet1\n   no shutdown\n   mtu 1500\n   no switchport\n   ip address 172.31.255.3/31\n!\ninterface Ethernet3\n   description MLAG_PEER_DC1-LEAF1B_Ethernet3\n   no shutdown\n   channel-group 3 mode active\n!\ninterface Ethernet4\n   description MLAG_PEER_DC1-LEAF1B_Ethernet4\n   no shutdown\n   channel-group 3 mode active\n!\ninterface Ethernet5\n   description DC1-L2LEAF1A_Ethernet1\n   no shutdown\n   channel-group 5 mode active\n!\ninterface Loopback0\n   description EVPN_Overlay_Peering\n   no shutdown\n   ip address 192.168.255.3/32\n!\ninterface Loopback1\n   description VTEP_VXLAN_Tunnel_Source\n   no shutdown\n   ip address 192.168.254.3/32\n!\ninterface Loopback100\n   description Tenant_A_OP_Zone_VTEP_DIAGNOSTICS\n   no shutdown\n   vrf Tenant_A_OP_Zone\n   ip address 10.255.1.3/32\n!\ninterface Management1\n   description oob_management\n   no shutdown\n   vrf MGMT\n   ip address 10.255.0.13/24\n!\ninterface Vlan110\n   description Tenant_A_OP_Zone_1\n   no shutdown\n   vrf Tenant_A_OP_Zone\n   ip address virtual 10.1.10.1/24\n!\ninterface Vlan111\n   description Tenant_A_OP_Zone_2\n   no shutdown\n   vrf Tenant_A_OP_Zone\n   ip address virtual 10.1.11.1/24\n!\ninterface Vlan112\n   description Tenant_A_OP_Zone_3\n   no shutdown\n   vrf Tenant_A_OP_Zone\n   ip address virtual 10.1.12.254/24\n!\ninterface Vlan120\n   description Tenant_A_WEB_Zone_1\n   no shutdown\n   vrf Tenant_A_WEB_Zone\n!\ninterface Vlan121\n   description Tenant_A_WEBZone_2\n   no shutdown\n   vrf Tenant_A_WEB_Zone\n   ip address virtual 10.1.21.1/24\n!\ninterface Vlan130\n   description Tenant_A_APP_Zone_1\n   no shutdown\n   vrf Tenant_A_APP_Zone\n!\ninterface Vlan131\n   description Tenant_A_APP_Zone_2\n   no shutdown\n   vrf Tenant_A_APP_Zone\n   ip address virtual 10.1.31.254/24\n!\ninterface Vlan140\n   description Tenant_A_DB_BZone_1\n   no shutdown\n   vrf Tenant_A_DB_Zone\n   ip address virtual 10.1.40.1/24\n!\ninterface Vlan141\n   description Tenant_A_DB_Zone_2\n   no shutdown\n   vrf Tenant_A_DB_Zone\n   ip address virtual 10.1.41.1/24\n!\ninterface Vlan150\n   description Tenant_A_WAN_Zone_1\n   no shutdown\n   vrf Tenant_A_WAN_Zone\n   ip address virtual 10.1.40.1/24\n!\ninterface Vlan210\n   description Tenant_B_OP_Zone_1\n   no shutdown\n   vrf Tenant_B_OP_Zone\n!\ninterface Vlan211\n   description Tenant_B_OP_Zone_2\n   no shutdown\n   vrf Tenant_B_OP_Zone\n   ip address virtual 10.2.11.1/24\n!\ninterface Vlan250\n   description Tenant_B_WAN_Zone_1\n   no shutdown\n   vrf Tenant_B_WAN_Zone\n   ip address virtual 10.2.50.1/24\n!\ninterface Vlan310\n   description Tenant_C_OP_Zone_1\n   no shutdown\n   vrf Tenant_C_OP_Zone\n!\ninterface Vlan311\n   description Tenant_C_OP_Zone_2\n   no shutdown\n   vrf Tenant_C_OP_Zone\n!\ninterface Vlan350\n   description Tenant_C_WAN_Zone_1\n   no shutdown\n   vrf Tenant_C_WAN_Zone\n!\ninterface Vlan3009\n   description MLAG_PEER_L3_iBGP: vrf Tenant_A_OP_Zone\n   no shutdown\n   mtu 1500\n   vrf Tenant_A_OP_Zone\n   ip address 10.255.251.0/31\n!\ninterface Vlan3010\n   description MLAG_PEER_L3_iBGP: vrf Tenant_A_WEB_Zone\n   no shutdown\n   mtu 1500\n   vrf Tenant_A_WEB_Zone\n   ip address 10.255.251.0/31\n!\ninterface Vlan3011\n   description MLAG_PEER_L3_iBGP: vrf Tenant_A_APP_Zone\n   no shutdown\n   mtu 1500\n   vrf Tenant_A_APP_Zone\n   ip address 10.255.251.0/31\n!\ninterface Vlan3012\n   description MLAG_PEER_L3_iBGP: vrf Tenant_A_DB_Zone\n   no shutdown\n   mtu 1500\n   vrf Tenant_A_DB_Zone\n   ip address 10.255.251.0/31\n!\ninterface Vlan3013\n   description MLAG_PEER_L3_iBGP: vrf Tenant_A_WAN_Zone\n   no shutdown\n   mtu 1500\n   vrf Tenant_A_WAN_Zone\n   ip address 10.255.251.0/31\n!\ninterface Vlan3019\n   description MLAG_PEER_L3_iBGP: vrf Tenant_B_OP_Zone\n   no shutdown\n   mtu 1500\n   vrf Tenant_B_OP_Zone\n   ip address 10.255.251.0/31\n!\ninterface Vlan3020\n   description MLAG_PEER_L3_iBGP: vrf Tenant_B_WAN_Zone\n   no shutdown\n   mtu 1500\n   vrf Tenant_B_WAN_Zone\n   ip address 10.255.251.0/31\n!\ninterface Vlan3029\n   description MLAG_PEER_L3_iBGP: vrf Tenant_C_OP_Zone\n   no shutdown\n   mtu 1500\n   vrf Tenant_C_OP_Zone\n   ip address 10.255.251.0/31\n!\ninterface Vlan3030\n   description MLAG_PEER_L3_iBGP: vrf Tenant_C_WAN_Zone\n   no shutdown\n   mtu 1500\n   vrf Tenant_C_WAN_Zone\n   ip address 10.255.251.0/31\n!\ninterface Vlan4093\n   description MLAG_PEER_L3_PEERING\n   no shutdown\n   mtu 1500\n   ip address 10.255.251.0/31\n!\ninterface Vlan4094\n   description MLAG_PEER\n   no shutdown\n   mtu 1500\n   no autostate\n   ip address 10.255.252.0/31\n!\ninterface Vxlan1\n   description DC1-LEAF1A_VTEP\n   vxlan source-interface Loopback1\n   vxlan virtual-router encapsulation mac-address mlag-system-id\n   vxlan udp-port 4789\n   vxlan vlan 110 vni 10110\n   vxlan vlan 111 vni 50111\n   vxlan vlan 112 vni 50112\n   vxlan vlan 120 vni 10120\n   vxlan vlan 121 vni 10121\n   vxlan vlan 130 vni 10130\n   vxlan vlan 131 vni 10131\n   vxlan vlan 140 vni 10140\n   vxlan vlan 141 vni 10141\n   vxlan vlan 150 vni 10150\n   vxlan vlan 160 vni 55160\n   vxlan vlan 161 vni 10161\n   vxlan vlan 210 vni 20210\n   vxlan vlan 211 vni 20211\n   vxlan vlan 250 vni 20250\n   vxlan vlan 310 vni 30310\n   vxlan vlan 311 vni 30311\n   vxlan vlan 350 vni 30350\n   vxlan vrf Tenant_A_APP_Zone vni 12\n   vxlan vrf Tenant_A_DB_Zone vni 13\n   vxlan vrf Tenant_A_OP_Zone vni 10\n   vxlan vrf Tenant_A_WAN_Zone vni 14\n   vxlan vrf Tenant_A_WEB_Zone vni 11\n   vxlan vrf Tenant_B_OP_Zone vni 20\n   vxlan vrf Tenant_B_WAN_Zone vni 21\n   vxlan vrf Tenant_C_OP_Zone vni 30\n   vxlan vrf Tenant_C_WAN_Zone vni 31\n!\nip virtual-router mac-address 00:1c:73:00:dc:01\n!\nip address virtual source-nat vrf Tenant_A_OP_Zone address 10.255.1.3\n!\nip routing\nno ip routing vrf MGMT\nip routing vrf Tenant_A_APP_Zone\nip routing vrf Tenant_A_DB_Zone\nip routing vrf Tenant_A_OP_Zone\nip routing vrf Tenant_A_WAN_Zone\nip routing vrf Tenant_A_WEB_Zone\nip routing vrf Tenant_B_OP_Zone\nip routing vrf Tenant_B_WAN_Zone\nip routing vrf Tenant_C_OP_Zone\nip routing vrf Tenant_C_WAN_Zone\n!\nip prefix-list PL-LOOPBACKS-EVPN-OVERLAY\n   seq 10 permit 192.168.255.0/24 eq 32\n   seq 20 permit 192.168.254.0/24 eq 32\n!\nmlag configuration\n   domain-id DC1_LEAF1\n   local-interface Vlan4094\n   peer-address 10.255.252.1\n   peer-link Port-Channel3\n   reload-delay mlag 300\n   reload-delay non-mlag 330\n!\nip route vrf MGMT 0.0.0.0/0 10.255.0.1\n!\nroute-map RM-CONN-2-BGP permit 10\n   match ip address prefix-list PL-LOOPBACKS-EVPN-OVERLAY\n!\nroute-map RM-MLAG-PEER-IN permit 10\n   description Make routes learned over MLAG Peer-link less preferred on spines to ensure optimal routing\n   set origin incomplete\n!\nrouter bfd\n   multihop interval 1200 min-rx 1200 multiplier 3\n!\nrouter bgp 65101\n   router-id 192.168.255.3\n   no bgp default ipv4-unicast\n   distance bgp 20 200 200\n   graceful-restart restart-time 300\n   graceful-restart\n   maximum-paths 4 ecmp 4\n   neighbor EVPN-OVERLAY-PEERS peer group\n   neighbor EVPN-OVERLAY-PEERS update-source Loopback0\n   neighbor EVPN-OVERLAY-PEERS bfd\n   neighbor EVPN-OVERLAY-PEERS ebgp-multihop 3\n   neighbor EVPN-OVERLAY-PEERS password 7 q+VNViP5i4rVjW1cxFv2wA==\n   neighbor EVPN-OVERLAY-PEERS send-community\n   neighbor EVPN-OVERLAY-PEERS maximum-routes 0\n   neighbor IPv4-UNDERLAY-PEERS peer group\n   neighbor IPv4-UNDERLAY-PEERS password 7 AQQvKeimxJu+uGQ/yYvv9w==\n   neighbor IPv4-UNDERLAY-PEERS send-community\n   neighbor IPv4-UNDERLAY-PEERS maximum-routes 12000\n   neighbor MLAG-IPv4-UNDERLAY-PEER peer group\n   neighbor MLAG-IPv4-UNDERLAY-PEER remote-as 65101\n   neighbor MLAG-IPv4-UNDERLAY-PEER next-hop-self\n   neighbor MLAG-IPv4-UNDERLAY-PEER password 7 vnEaG8gMeQf3d3cN6PktXQ==\n   neighbor MLAG-IPv4-UNDERLAY-PEER send-community\n   neighbor MLAG-IPv4-UNDERLAY-PEER maximum-routes 12000\n   neighbor MLAG-IPv4-UNDERLAY-PEER route-map RM-MLAG-PEER-IN in\n   neighbor 10.255.251.1 peer group MLAG-IPv4-UNDERLAY-PEER\n   neighbor 10.255.251.1 description DC1-LEAF1B\n   neighbor 172.31.255.0 peer group IPv4-UNDERLAY-PEERS\n   neighbor 172.31.255.0 remote-as 65001\n   neighbor 172.31.255.0 description DC1-SPINE1_Ethernet1\n   neighbor 172.31.255.2 peer group IPv4-UNDERLAY-PEERS\n   neighbor 172.31.255.2 remote-as 65001\n   neighbor 172.31.255.2 description DC1-SPINE2_Ethernet1\n   neighbor 192.168.255.1 peer group EVPN-OVERLAY-PEERS\n   neighbor 192.168.255.1 remote-as 65001\n   neighbor 192.168.255.1 description DC1-SPINE1\n   neighbor 192.168.255.2 peer group EVPN-OVERLAY-PEERS\n   neighbor 192.168.255.2 remote-as 65001\n   neighbor 192.168.255.2 description DC1-SPINE2\n   redistribute connected route-map RM-CONN-2-BGP\n   !\n   vlan-aware-bundle Tenant_A_APP_Zone\n      rd 192.168.255.3:12\n      route-target both 12:12\n      redistribute learned\n      vlan 130-131\n   !\n   vlan-aware-bundle Tenant_A_DB_Zone\n      rd 192.168.255.3:13\n      route-target both 13:13\n      redistribute learned\n      vlan 140-141\n   !\n   vlan-aware-bundle Tenant_A_NFS\n      rd 192.168.255.3:10161\n      route-target both 10161:10161\n      redistribute learned\n      vlan 161\n   !\n   vlan-aware-bundle Tenant_A_OP_Zone\n      rd 192.168.255.3:10\n      route-target both 10:10\n      redistribute learned\n      vlan 110-112\n   !\n   vlan-aware-bundle Tenant_A_VMOTION\n      rd 192.168.255.3:55160\n      route-target both 55160:55160\n      redistribute learned\n      vlan 160\n   !\n   vlan-aware-bundle Tenant_A_WAN_Zone\n      rd 192.168.255.3:14\n      route-target both 14:14\n      redistribute learned\n      vlan 150\n   !\n   vlan-aware-bundle Tenant_A_WEB_Zone\n      rd 192.168.255.3:11\n      route-target both 11:11\n      redistribute learned\n      vlan 120-121\n   !\n   vlan-aware-bundle Tenant_B_OP_Zone\n      rd 192.168.255.3:20\n      route-target both 20:20\n      redistribute learned\n      vlan 210-211\n   !\n   vlan-aware-bundle Tenant_B_WAN_Zone\n      rd 192.168.255.3:21\n      route-target both 21:21\n      redistribute learned\n      vlan 250\n   !\n   vlan-aware-bundle Tenant_C_OP_Zone\n      rd 192.168.255.3:30\n      route-target both 30:30\n      redistribute learned\n      vlan 310-311\n   !\n   vlan-aware-bundle Tenant_C_WAN_Zone\n      rd 192.168.255.3:31\n      route-target both 31:31\n      redistribute learned\n      vlan 350\n   !\n   address-family evpn\n      neighbor EVPN-OVERLAY-PEERS activate\n   !\n   address-family ipv4\n      no neighbor EVPN-OVERLAY-PEERS activate\n      neighbor IPv4-UNDERLAY-PEERS activate\n      neighbor MLAG-IPv4-UNDERLAY-PEER activate\n   !\n   vrf Tenant_A_APP_Zone\n      rd 192.168.255.3:12\n      route-target import evpn 12:12\n      route-target export evpn 12:12\n      router-id 192.168.255.3\n      neighbor 10.255.251.1 peer group MLAG-IPv4-UNDERLAY-PEER\n      redistribute connected\n   !\n   vrf Tenant_A_DB_Zone\n      rd 192.168.255.3:13\n      route-target import evpn 13:13\n      route-target export evpn 13:13\n      router-id 192.168.255.3\n      neighbor 10.255.251.1 peer group MLAG-IPv4-UNDERLAY-PEER\n      redistribute connected\n   !\n   vrf Tenant_A_OP_Zone\n      rd 192.168.255.3:10\n      route-target import evpn 10:10\n      route-target export evpn 10:10\n      router-id 192.168.255.3\n      neighbor 10.255.251.1 peer group MLAG-IPv4-UNDERLAY-PEER\n      redistribute connected\n   !\n   vrf Tenant_A_WAN_Zone\n      rd 192.168.255.3:14\n      route-target import evpn 14:14\n      route-target export evpn 14:14\n      router-id 192.168.255.3\n      neighbor 10.255.251.1 peer group MLAG-IPv4-UNDERLAY-PEER\n      redistribute connected\n   !\n   vrf Tenant_A_WEB_Zone\n      rd 192.168.255.3:11\n      route-target import evpn 11:11\n      route-target export evpn 11:11\n      router-id 192.168.255.3\n      neighbor 10.255.251.1 peer group MLAG-IPv4-UNDERLAY-PEER\n      redistribute connected\n   !\n   vrf Tenant_B_OP_Zone\n      rd 192.168.255.3:20\n      route-target import evpn 20:20\n      route-target export evpn 20:20\n      router-id 192.168.255.3\n      neighbor 10.255.251.1 peer group MLAG-IPv4-UNDERLAY-PEER\n      redistribute connected\n   !\n   vrf Tenant_B_WAN_Zone\n      rd 192.168.255.3:21\n      route-target import evpn 21:21\n      route-target export evpn 21:21\n      router-id 192.168.255.3\n      neighbor 10.255.251.1 peer group MLAG-IPv4-UNDERLAY-PEER\n      redistribute connected\n   !\n   vrf Tenant_C_OP_Zone\n      rd 192.168.255.3:30\n      route-target import evpn 30:30\n      route-target export evpn 30:30\n      router-id 192.168.255.3\n      neighbor 10.255.251.1 peer group MLAG-IPv4-UNDERLAY-PEER\n      redistribute connected\n   !\n   vrf Tenant_C_WAN_Zone\n      rd 192.168.255.3:31\n      route-target import evpn 31:31\n      route-target export evpn 31:31\n      router-id 192.168.255.3\n      neighbor 10.255.251.1 peer group MLAG-IPv4-UNDERLAY-PEER\n      redistribute connected\n!\nmanagement api http-commands\n   protocol https\n   no shutdown\n   !\n   vrf MGMT\n      no shutdown\n!\nend\n&quot;,
&quot;_DC1-LEAF1B&quot;: &quot;!RANCID-CONTENT-TYPE: arista\n!\ndaemon TerminAttr\n   exec /usr/bin/TerminAttr -cvaddr=10.255.0.1:9910 -cvvrf=MGMT -smashexcludes=ale,flexCounter,hardware,kni,pulse,strata -ingestexclude=/Sysdb/cell/1/agent,/Sysdb/cell/2/agent -taillogs\n   no shutdown\n!\nvlan internal order ascending range 1006 1199\n!\ntransceiver qsfp default-mode 4x10G\n!\nservice routing protocols model multi-agent\n!\nhostname DC1-LEAF1B\nip name-server vrf MGMT 8.8.8.8\nip name-server vrf MGMT 192.168.2.1\n!\nntp local-interface vrf MGMT Management1\nntp server vrf MGMT 0.fr.pool.ntp.org prefer\nntp server vrf MGMT 1.fr.pool.ntp.org\n!\nspanning-tree mode mstp\nno spanning-tree vlan-id 4093-4094\nspanning-tree mst 0 priority 16384\n!\nno aaa root\nno enable password\n!\nusername admin privilege 15 role network-admin secret sha512 $6$Df86J4/SFMDE3/1K$Hef4KstdoxNDaami37cBquTWOTplC.miMPjXVgQxMe92.e5wxlnXOLlebgPj8Fz1KO0za/RCO7ZIs4Q6Eiq1g1\nusername ansible privilege 15 role network-admin secret sha512 $6$Dzu11L7yp9j3nCM9$FSptxMPyIL555OMO.ldnjDXgwZmrfMYwHSr0uznE5Qoqvd9a6UdjiFcJUhGLtvXVZR1r.A/iF5aAt50hf/EK4/\nusername cvpadmin privilege 15 role network-admin secret sha512 $6$rZKcbIZ7iWGAWTUM$TCgDn1KcavS0s.OV8lacMTUkxTByfzcGlFlYUWroxYuU7M/9bIodhRO7nXGzMweUxvbk8mJmQl8Bh44cRktUj.\n!\nvlan 110\n   name Tenant_A_OP_Zone_1\n!\nvlan 111\n   name Tenant_A_OP_Zone_2\n!\nvlan 112\n   name Tenant_A_OP_Zone_3\n!\nvlan 120\n   name Tenant_A_WEB_Zone_1\n!\nvlan 121\n   name Tenant_A_WEBZone_2\n!\nvlan 130\n   name Tenant_A_APP_Zone_1\n!\nvlan 131\n   name Tenant_A_APP_Zone_2\n!\nvlan 140\n   name Tenant_A_DB_BZone_1\n!\nvlan 141\n   name Tenant_A_DB_Zone_2\n!\nvlan 150\n   name Tenant_A_WAN_Zone_1\n!\nvlan 160\n   name Tenant_A_VMOTION\n!\nvlan 161\n   name Tenant_A_NFS\n!\nvlan 210\n   name Tenant_B_OP_Zone_1\n!\nvlan 211\n   name Tenant_B_OP_Zone_2\n!\nvlan 250\n   name Tenant_B_WAN_Zone_1\n!\nvlan 310\n   name Tenant_C_OP_Zone_1\n!\nvlan 311\n   name Tenant_C_OP_Zone_2\n!\nvlan 350\n   name Tenant_C_WAN_Zone_1\n!\nvlan 3009\n   name MLAG_iBGP_Tenant_A_OP_Zone\n   trunk group LEAF_PEER_L3\n!\nvlan 3010\n   name MLAG_iBGP_Tenant_A_WEB_Zone\n   trunk group LEAF_PEER_L3\n!\nvlan 3011\n   name MLAG_iBGP_Tenant_A_APP_Zone\n   trunk group LEAF_PEER_L3\n!\nvlan 3012\n   name MLAG_iBGP_Tenant_A_DB_Zone\n   trunk group LEAF_PEER_L3\n!\nvlan 3013\n   name MLAG_iBGP_Tenant_A_WAN_Zone\n   trunk group LEAF_PEER_L3\n!\nvlan 3019\n   name MLAG_iBGP_Tenant_B_OP_Zone\n   trunk group LEAF_PEER_L3\n!\nvlan 3020\n   name MLAG_iBGP_Tenant_B_WAN_Zone\n   trunk group LEAF_PEER_L3\n!\nvlan 3029\n   name MLAG_iBGP_Tenant_C_OP_Zone\n   trunk group LEAF_PEER_L3\n!\nvlan 3030\n   name MLAG_iBGP_Tenant_C_WAN_Zone\n   trunk group LEAF_PEER_L3\n!\nvlan 4093\n   name LEAF_PEER_L3\n   trunk group LEAF_PEER_L3\n!\nvlan 4094\n   name MLAG_PEER\n   trunk group MLAG\n!\nvrf instance MGMT\n!\nvrf instance Tenant_A_APP_Zone\n!\nvrf instance Tenant_A_DB_Zone\n!\nvrf instance Tenant_A_OP_Zone\n!\nvrf instance Tenant_A_WAN_Zone\n!\nvrf instance Tenant_A_WEB_Zone\n!\nvrf instance Tenant_B_OP_Zone\n!\nvrf instance Tenant_B_WAN_Zone\n!\nvrf instance Tenant_C_OP_Zone\n!\nvrf instance Tenant_C_WAN_Zone\n!\ninterface Port-Channel3\n   description MLAG_PEER_DC1-LEAF1A_Po3\n   no shutdown\n   switchport\n   switchport trunk allowed vlan 2-4094\n   switchport mode trunk\n   switchport trunk group LEAF_PEER_L3\n   switchport trunk group MLAG\n!\ninterface Port-Channel5\n   description DC1-L2LEAF1A_Po1\n   no shutdown\n   switchport\n   switchport trunk allowed vlan 110-112,120-121,130-131\n   switchport mode trunk\n   mlag 5\n!\ninterface Ethernet1\n   description P2P_LINK_TO_DC1-SPINE1_Ethernet2\n   no shutdown\n   mtu 1500\n   no switchport\n   ip address 172.31.255.5/31\n!\ninterface Ethernet2\n   description P2P_LINK_TO_DC1-SPINE2_Ethernet2\n   no shutdown\n   mtu 1500\n   no switchport\n   ip address 172.31.255.7/31\n!\ninterface Ethernet3\n   description MLAG_PEER_DC1-LEAF1A_Ethernet3\n   no shutdown\n   channel-group 3 mode active\n!\ninterface Ethernet4\n   description MLAG_PEER_DC1-LEAF1A_Ethernet4\n   no shutdown\n   channel-group 3 mode active\n!\ninterface Ethernet5\n   description DC1-L2LEAF1A_Ethernet2\n   no shutdown\n   channel-group 5 mode active\n!\ninterface Loopback0\n   description EVPN_Overlay_Peering\n   no shutdown\n   ip address 192.168.255.4/32\n!\ninterface Loopback1\n   description VTEP_VXLAN_Tunnel_Source\n   no shutdown\n   ip address 192.168.254.3/32\n!\ninterface Loopback100\n   description Tenant_A_OP_Zone_VTEP_DIAGNOSTICS\n   no shutdown\n   vrf Tenant_A_OP_Zone\n   ip address 10.255.1.4/32\n!\ninterface Management1\n   description oob_management\n   no shutdown\n   vrf MGMT\n   ip address 10.255.0.14/24\n!\ninterface Vlan110\n   description Tenant_A_OP_Zone_1\n   no shutdown\n   vrf Tenant_A_OP_Zone\n   ip address virtual 10.1.10.1/24\n!\ninterface Vlan111\n   description Tenant_A_OP_Zone_2\n   no shutdown\n   vrf Tenant_A_OP_Zone\n   ip address virtual 10.1.11.1/24\n!\ninterface Vlan112\n   description Tenant_A_OP_Zone_3\n   no shutdown\n   vrf Tenant_A_OP_Zone\n   ip address virtual 10.1.12.254/24\n!\ninterface Vlan120\n   description Tenant_A_WEB_Zone_1\n   no shutdown\n   vrf Tenant_A_WEB_Zone\n!\ninterface Vlan121\n   description Tenant_A_WEBZone_2\n   no shutdown\n   vrf Tenant_A_WEB_Zone\n   ip address virtual 10.1.21.1/24\n!\ninterface Vlan130\n   description Tenant_A_APP_Zone_1\n   no shutdown\n   vrf Tenant_A_APP_Zone\n!\ninterface Vlan131\n   description Tenant_A_APP_Zone_2\n   no shutdown\n   vrf Tenant_A_APP_Zone\n   ip address virtual 10.1.31.254/24\n!\ninterface Vlan140\n   description Tenant_A_DB_BZone_1\n   no shutdown\n   vrf Tenant_A_DB_Zone\n   ip address virtual 10.1.40.1/24\n!\ninterface Vlan141\n   description Tenant_A_DB_Zone_2\n   no shutdown\n   vrf Tenant_A_DB_Zone\n   ip address virtual 10.1.41.1/24\n!\ninterface Vlan150\n   description Tenant_A_WAN_Zone_1\n   no shutdown\n   vrf Tenant_A_WAN_Zone\n   ip address virtual 10.1.40.1/24\n!\ninterface Vlan210\n   description Tenant_B_OP_Zone_1\n   no shutdown\n   vrf Tenant_B_OP_Zone\n!\ninterface Vlan211\n   description Tenant_B_OP_Zone_2\n   no shutdown\n   vrf Tenant_B_OP_Zone\n   ip address virtual 10.2.11.1/24\n!\ninterface Vlan250\n   description Tenant_B_WAN_Zone_1\n   no shutdown\n   vrf Tenant_B_WAN_Zone\n   ip address virtual 10.2.50.1/24\n!\ninterface Vlan310\n   description Tenant_C_OP_Zone_1\n   no shutdown\n   vrf Tenant_C_OP_Zone\n!\ninterface Vlan311\n   description Tenant_C_OP_Zone_2\n   no shutdown\n   vrf Tenant_C_OP_Zone\n!\ninterface Vlan350\n   description Tenant_C_WAN_Zone_1\n   no shutdown\n   vrf Tenant_C_WAN_Zone\n!\ninterface Vlan3009\n   description MLAG_PEER_L3_iBGP: vrf Tenant_A_OP_Zone\n   no shutdown\n   mtu 1500\n   vrf Tenant_A_OP_Zone\n   ip address 10.255.251.1/31\n!\ninterface Vlan3010\n   description MLAG_PEER_L3_iBGP: vrf Tenant_A_WEB_Zone\n   no shutdown\n   mtu 1500\n   vrf Tenant_A_WEB_Zone\n   ip address 10.255.251.1/31\n!\ninterface Vlan3011\n   description MLAG_PEER_L3_iBGP: vrf Tenant_A_APP_Zone\n   no shutdown\n   mtu 1500\n   vrf Tenant_A_APP_Zone\n   ip address 10.255.251.1/31\n!\ninterface Vlan3012\n   description MLAG_PEER_L3_iBGP: vrf Tenant_A_DB_Zone\n   no shutdown\n   mtu 1500\n   vrf Tenant_A_DB_Zone\n   ip address 10.255.251.1/31\n!\ninterface Vlan3013\n   description MLAG_PEER_L3_iBGP: vrf Tenant_A_WAN_Zone\n   no shutdown\n   mtu 1500\n   vrf Tenant_A_WAN_Zone\n   ip address 10.255.251.1/31\n!\ninterface Vlan3019\n   description MLAG_PEER_L3_iBGP: vrf Tenant_B_OP_Zone\n   no shutdown\n   mtu 1500\n   vrf Tenant_B_OP_Zone\n   ip address 10.255.251.1/31\n!\ninterface Vlan3020\n   description MLAG_PEER_L3_iBGP: vrf Tenant_B_WAN_Zone\n   no shutdown\n   mtu 1500\n   vrf Tenant_B_WAN_Zone\n   ip address 10.255.251.1/31\n!\ninterface Vlan3029\n   description MLAG_PEER_L3_iBGP: vrf Tenant_C_OP_Zone\n   no shutdown\n   mtu 1500\n   vrf Tenant_C_OP_Zone\n   ip address 10.255.251.1/31\n!\ninterface Vlan3030\n   description MLAG_PEER_L3_iBGP: vrf Tenant_C_WAN_Zone\n   no shutdown\n   mtu 1500\n   vrf Tenant_C_WAN_Zone\n   ip address 10.255.251.1/31\n!\ninterface Vlan4093\n   description MLAG_PEER_L3_PEERING\n   no shutdown\n   mtu 1500\n   ip address 10.255.251.1/31\n!\ninterface Vlan4094\n   description MLAG_PEER\n   no shutdown\n   mtu 1500\n   no autostate\n   ip address 10.255.252.1/31\n!\ninterface Vxlan1\n   description DC1-LEAF1B_VTEP\n   vxlan source-interface Loopback1\n   vxlan virtual-router encapsulation mac-address mlag-system-id\n   vxlan udp-port 4789\n   vxlan vlan 110 vni 10110\n   vxlan vlan 111 vni 50111\n   vxlan vlan 112 vni 50112\n   vxlan vlan 120 vni 10120\n   vxlan vlan 121 vni 10121\n   vxlan vlan 130 vni 10130\n   vxlan vlan 131 vni 10131\n   vxlan vlan 140 vni 10140\n   vxlan vlan 141 vni 10141\n   vxlan vlan 150 vni 10150\n   vxlan vlan 160 vni 55160\n   vxlan vlan 161 vni 10161\n   vxlan vlan 210 vni 20210\n   vxlan vlan 211 vni 20211\n   vxlan vlan 250 vni 20250\n   vxlan vlan 310 vni 30310\n   vxlan vlan 311 vni 30311\n   vxlan vlan 350 vni 30350\n   vxlan vrf Tenant_A_APP_Zone vni 12\n   vxlan vrf Tenant_A_DB_Zone vni 13\n   vxlan vrf Tenant_A_OP_Zone vni 10\n   vxlan vrf Tenant_A_WAN_Zone vni 14\n   vxlan vrf Tenant_A_WEB_Zone vni 11\n   vxlan vrf Tenant_B_OP_Zone vni 20\n   vxlan vrf Tenant_B_WAN_Zone vni 21\n   vxlan vrf Tenant_C_OP_Zone vni 30\n   vxlan vrf Tenant_C_WAN_Zone vni 31\n!\nip virtual-router mac-address 00:1c:73:00:dc:01\n!\nip address virtual source-nat vrf Tenant_A_OP_Zone address 10.255.1.4\n!\nip routing\nno ip routing vrf MGMT\nip routing vrf Tenant_A_APP_Zone\nip routing vrf Tenant_A_DB_Zone\nip routing vrf Tenant_A_OP_Zone\nip routing vrf Tenant_A_WAN_Zone\nip routing vrf Tenant_A_WEB_Zone\nip routing vrf Tenant_B_OP_Zone\nip routing vrf Tenant_B_WAN_Zone\nip routing vrf Tenant_C_OP_Zone\nip routing vrf Tenant_C_WAN_Zone\n!\nip prefix-list PL-LOOPBACKS-EVPN-OVERLAY\n   seq 10 permit 192.168.255.0/24 eq 32\n   seq 20 permit 192.168.254.0/24 eq 32\n!\nmlag configuration\n   domain-id DC1_LEAF1\n   local-interface Vlan4094\n   peer-address 10.255.252.0\n   peer-link Port-Channel3\n   reload-delay mlag 300\n   reload-delay non-mlag 330\n!\nip route vrf MGMT 0.0.0.0/0 10.255.0.1\n!\nroute-map RM-CONN-2-BGP permit 10\n   match ip address prefix-list PL-LOOPBACKS-EVPN-OVERLAY\n!\nroute-map RM-MLAG-PEER-IN permit 10\n   description Make routes learned over MLAG Peer-link less preferred on spines to ensure optimal routing\n   set origin incomplete\n!\nrouter bfd\n   multihop interval 1200 min-rx 1200 multiplier 3\n!\nrouter bgp 65101\n   router-id 192.168.255.4\n   no bgp default ipv4-unicast\n   distance bgp 20 200 200\n   graceful-restart restart-time 300\n   graceful-restart\n   maximum-paths 4 ecmp 4\n   neighbor EVPN-OVERLAY-PEERS peer group\n   neighbor EVPN-OVERLAY-PEERS update-source Loopback0\n   neighbor EVPN-OVERLAY-PEERS bfd\n   neighbor EVPN-OVERLAY-PEERS ebgp-multihop 3\n   neighbor EVPN-OVERLAY-PEERS password 7 q+VNViP5i4rVjW1cxFv2wA==\n   neighbor EVPN-OVERLAY-PEERS send-community\n   neighbor EVPN-OVERLAY-PEERS maximum-routes 0\n   neighbor IPv4-UNDERLAY-PEERS peer group\n   neighbor IPv4-UNDERLAY-PEERS password 7 AQQvKeimxJu+uGQ/yYvv9w==\n   neighbor IPv4-UNDERLAY-PEERS send-community\n   neighbor IPv4-UNDERLAY-PEERS maximum-routes 12000\n   neighbor MLAG-IPv4-UNDERLAY-PEER peer group\n   neighbor MLAG-IPv4-UNDERLAY-PEER remote-as 65101\n   neighbor MLAG-IPv4-UNDERLAY-PEER next-hop-self\n   neighbor MLAG-IPv4-UNDERLAY-PEER password 7 vnEaG8gMeQf3d3cN6PktXQ==\n   neighbor MLAG-IPv4-UNDERLAY-PEER send-community\n   neighbor MLAG-IPv4-UNDERLAY-PEER maximum-routes 12000\n   neighbor MLAG-IPv4-UNDERLAY-PEER route-map RM-MLAG-PEER-IN in\n   neighbor 10.255.251.0 peer group MLAG-IPv4-UNDERLAY-PEER\n   neighbor 10.255.251.0 description DC1-LEAF1A\n   neighbor 172.31.255.4 peer group IPv4-UNDERLAY-PEERS\n   neighbor 172.31.255.4 remote-as 65001\n   neighbor 172.31.255.4 description DC1-SPINE1_Ethernet2\n   neighbor 172.31.255.6 peer group IPv4-UNDERLAY-PEERS\n   neighbor 172.31.255.6 remote-as 65001\n   neighbor 172.31.255.6 description DC1-SPINE2_Ethernet2\n   neighbor 192.168.255.1 peer group EVPN-OVERLAY-PEERS\n   neighbor 192.168.255.1 remote-as 65001\n   neighbor 192.168.255.1 description DC1-SPINE1\n   neighbor 192.168.255.2 peer group EVPN-OVERLAY-PEERS\n   neighbor 192.168.255.2 remote-as 65001\n   neighbor 192.168.255.2 description DC1-SPINE2\n   redistribute connected route-map RM-CONN-2-BGP\n   !\n   vlan-aware-bundle Tenant_A_APP_Zone\n      rd 192.168.255.4:12\n      route-target both 12:12\n      redistribute learned\n      vlan 130-131\n   !\n   vlan-aware-bundle Tenant_A_DB_Zone\n      rd 192.168.255.4:13\n      route-target both 13:13\n      redistribute learned\n      vlan 140-141\n   !\n   vlan-aware-bundle Tenant_A_NFS\n      rd 192.168.255.4:10161\n      route-target both 10161:10161\n      redistribute learned\n      vlan 161\n   !\n   vlan-aware-bundle Tenant_A_OP_Zone\n      rd 192.168.255.4:10\n      route-target both 10:10\n      redistribute learned\n      vlan 110-112\n   !\n   vlan-aware-bundle Tenant_A_VMOTION\n      rd 192.168.255.4:55160\n      route-target both 55160:55160\n      redistribute learned\n      vlan 160\n   !\n   vlan-aware-bundle Tenant_A_WAN_Zone\n      rd 192.168.255.4:14\n      route-target both 14:14\n      redistribute learned\n      vlan 150\n   !\n   vlan-aware-bundle Tenant_A_WEB_Zone\n      rd 192.168.255.4:11\n      route-target both 11:11\n      redistribute learned\n      vlan 120-121\n   !\n   vlan-aware-bundle Tenant_B_OP_Zone\n      rd 192.168.255.4:20\n      route-target both 20:20\n      redistribute learned\n      vlan 210-211\n   !\n   vlan-aware-bundle Tenant_B_WAN_Zone\n      rd 192.168.255.4:21\n      route-target both 21:21\n      redistribute learned\n      vlan 250\n   !\n   vlan-aware-bundle Tenant_C_OP_Zone\n      rd 192.168.255.4:30\n      route-target both 30:30\n     
[...]
/agent,/Sysdb/cell/2/agent -taillogs\n   no shutdown\n!\nvlan internal order ascending range 1006 1199\n!\ntransceiver qsfp default-mode 4x10G\n!\nservice routing protocols model multi-agent\n!\nhostname DC1-SPINE1\nip name-server vrf MGMT 8.8.8.8\nip name-server vrf MGMT 192.168.2.1\n!\nntp local-interface vrf MGMT Management1\nntp server vrf MGMT 0.fr.pool.ntp.org prefer\nntp server vrf MGMT 1.fr.pool.ntp.org\n!\nspanning-tree mode none\n!\nno aaa root\nno enable password\n!\nusername admin privilege 15 role network-admin secret sha512 $6$Df86J4/SFMDE3/1K$Hef4KstdoxNDaami37cBquTWOTplC.miMPjXVgQxMe92.e5wxlnXOLlebgPj8Fz1KO0za/RCO7ZIs4Q6Eiq1g1\nusername ansible privilege 15 role network-admin secret sha512 $6$Dzu11L7yp9j3nCM9$FSptxMPyIL555OMO.ldnjDXgwZmrfMYwHSr0uznE5Qoqvd9a6UdjiFcJUhGLtvXVZR1r.A/iF5aAt50hf/EK4/\nusername cvpadmin privilege 15 role network-admin secret sha512 $6$rZKcbIZ7iWGAWTUM$TCgDn1KcavS0s.OV8lacMTUkxTByfzcGlFlYUWroxYuU7M/9bIodhRO7nXGzMweUxvbk8mJmQl8Bh44cRktUj.\n!\nvrf instance MGMT\n!\ninterface Ethernet1\n   description P2P_LINK_TO_DC1-LEAF1A_Ethernet1\n   no shutdown\n   mtu 1500\n   no switchport\n   ip address 172.31.255.0/31\n!\ninterface Ethernet2\n   description P2P_LINK_TO_DC1-LEAF1B_Ethernet1\n   no shutdown\n   mtu 1500\n   no switchport\n   ip address 172.31.255.4/31\n!\ninterface Ethernet3\n   description P2P_LINK_TO_DC1-LEAF2A_Ethernet1\n   no shutdown\n   mtu 1500\n   no switchport\n   ip address 172.31.255.8/31\n!\ninterface Ethernet4\n   description P2P_LINK_TO_DC1-LEAF2B_Ethernet1\n   no shutdown\n   mtu 1500\n   no switchport\n   ip address 172.31.255.12/31\n!\ninterface Loopback0\n   description EVPN_Overlay_Peering\n   no shutdown\n   ip address 192.168.255.1/32\n!\ninterface Management1\n   description oob_management\n   no shutdown\n   vrf MGMT\n   ip address 10.255.0.11/24\n!\nip routing\nno ip routing vrf MGMT\n!\nip prefix-list PL-LOOPBACKS-EVPN-OVERLAY\n   seq 10 permit 192.168.255.0/24 eq 32\n!\nip route vrf MGMT 0.0.0.0/0 10.255.0.1\n!\nroute-map RM-CONN-2-BGP permit 10\n   match ip address prefix-list PL-LOOPBACKS-EVPN-OVERLAY\n!\nrouter bfd\n   multihop interval 1200 min-rx 1200 multiplier 3\n!\nrouter bgp 65001\n   router-id 192.168.255.1\n   no bgp default ipv4-unicast\n   distance bgp 20 200 200\n   graceful-restart restart-time 300\n   graceful-restart\n   maximum-paths 4 ecmp 4\n   neighbor EVPN-OVERLAY-PEERS peer group\n   neighbor EVPN-OVERLAY-PEERS next-hop-unchanged\n   neighbor EVPN-OVERLAY-PEERS update-source Loopback0\n   neighbor EVPN-OVERLAY-PEERS bfd\n   neighbor EVPN-OVERLAY-PEERS ebgp-multihop 3\n   neighbor EVPN-OVERLAY-PEERS password 7 q+VNViP5i4rVjW1cxFv2wA==\n   neighbor EVPN-OVERLAY-PEERS send-community\n   neighbor EVPN-OVERLAY-PEERS maximum-routes 0\n   neighbor IPv4-UNDERLAY-PEERS peer group\n   neighbor IPv4-UNDERLAY-PEERS password 7 AQQvKeimxJu+uGQ/yYvv9w==\n   neighbor IPv4-UNDERLAY-PEERS send-community\n   neighbor IPv4-UNDERLAY-PEERS maximum-routes 12000\n   neighbor 172.31.255.1 peer group IPv4-UNDERLAY-PEERS\n   neighbor 172.31.255.1 remote-as 65101\n   neighbor 172.31.255.1 description DC1-LEAF1A_Ethernet1\n   neighbor 172.31.255.5 peer group IPv4-UNDERLAY-PEERS\n   neighbor 172.31.255.5 remote-as 65101\n   neighbor 172.31.255.5 description DC1-LEAF1B_Ethernet1\n   neighbor 172.31.255.9 peer group IPv4-UNDERLAY-PEERS\n   neighbor 172.31.255.9 remote-as 65102\n   neighbor 172.31.255.9 description DC1-LEAF2A_Ethernet1\n   neighbor 172.31.255.13 peer group IPv4-UNDERLAY-PEERS\n   neighbor 172.31.255.13 remote-as 65102\n   neighbor 172.31.255.13 description DC1-LEAF2B_Ethernet1\n   neighbor 192.168.255.3 peer group EVPN-OVERLAY-PEERS\n   neighbor 192.168.255.3 remote-as 65101\n   neighbor 192.168.255.3 description DC1-LEAF1A\n   neighbor 192.168.255.4 peer group EVPN-OVERLAY-PEERS\n   neighbor 192.168.255.4 remote-as 65101\n   neighbor 192.168.255.4 description DC1-LEAF1B\n   neighbor 192.168.255.5 peer group EVPN-OVERLAY-PEERS\n   neighbor 192.168.255.5 remote-as 65102\n   neighbor 192.168.255.5 description DC1-LEAF2A\n   neighbor 192.168.255.6 peer group EVPN-OVERLAY-PEERS\n   neighbor 192.168.255.6 remote-as 65102\n   neighbor 192.168.255.6 description DC1-LEAF2B\n   redistribute connected route-map RM-CONN-2-BGP\n   !\n   address-family evpn\n      neighbor EVPN-OVERLAY-PEERS activate\n   !\n   address-family ipv4\n      no neighbor EVPN-OVERLAY-PEERS activate\n      neighbor IPv4-UNDERLAY-PEERS activate\n!\nmanagement api http-commands\n   protocol https\n   no shutdown\n   !\n   vrf MGMT\n      no shutdown\n!\nend\n&quot;,
&quot;Prefix_DC1-SPINE2&quot;: &quot;!RANCID-CONTENT-TYPE: arista\n!\ndaemon TerminAttr\n   exec /usr/bin/TerminAttr -cvaddr=10.255.0.1:9910 -cvvrf=MGMT -smashexcludes=ale,flexCounter,hardware,kni,pulse,strata -ingestexclude=/Sysdb/cell/1/agent,/Sysdb/cell/2/agent -taillogs\n   no shutdown\n!\nvlan internal order ascending range 1006 1199\n!\ntransceiver qsfp default-mode 4x10G\n!\nservice routing protocols model multi-agent\n!\nhostname DC1-SPINE2\nip name-server vrf MGMT 8.8.8.8\nip name-server vrf MGMT 192.168.2.1\n!\nntp local-interface vrf MGMT Management1\nntp server vrf MGMT 0.fr.pool.ntp.org prefer\nntp server vrf MGMT 1.fr.pool.ntp.org\n!\nspanning-tree mode none\n!\nno aaa root\nno enable password\n!\nusername admin privilege 15 role network-admin secret sha512 $6$Df86J4/SFMDE3/1K$Hef4KstdoxNDaami37cBquTWOTplC.miMPjXVgQxMe92.e5wxlnXOLlebgPj8Fz1KO0za/RCO7ZIs4Q6Eiq1g1\nusername ansible privilege 15 role network-admin secret sha512 $6$Dzu11L7yp9j3nCM9$FSptxMPyIL555OMO.ldnjDXgwZmrfMYwHSr0uznE5Qoqvd9a6UdjiFcJUhGLtvXVZR1r.A/iF5aAt50hf/EK4/\nusername cvpadmin privilege 15 role network-admin secret sha512 $6$rZKcbIZ7iWGAWTUM$TCgDn1KcavS0s.OV8lacMTUkxTByfzcGlFlYUWroxYuU7M/9bIodhRO7nXGzMweUxvbk8mJmQl8Bh44cRktUj.\n!\nvrf instance MGMT\n!\ninterface Ethernet1\n   description P2P_LINK_TO_DC1-LEAF1A_Ethernet2\n   no shutdown\n   mtu 1500\n   no switchport\n   ip address 172.31.255.2/31\n!\ninterface Ethernet2\n   description P2P_LINK_TO_DC1-LEAF1B_Ethernet2\n   no shutdown\n   mtu 1500\n   no switchport\n   ip address 172.31.255.6/31\n!\ninterface Ethernet3\n   description P2P_LINK_TO_DC1-LEAF2A_Ethernet2\n   no shutdown\n   mtu 1500\n   no switchport\n   ip address 172.31.255.10/31\n!\ninterface Ethernet4\n   description P2P_LINK_TO_DC1-LEAF2B_Ethernet2\n   no shutdown\n   mtu 1500\n   no switchport\n   ip address 172.31.255.14/31\n!\ninterface Loopback0\n   description EVPN_Overlay_Peering\n   no shutdown\n   ip address 192.168.255.2/32\n!\ninterface Management1\n   description oob_management\n   no shutdown\n   vrf MGMT\n   ip address 10.255.0.12/24\n!\nip routing\nno ip routing vrf MGMT\n!\nip prefix-list PL-LOOPBACKS-EVPN-OVERLAY\n   seq 10 permit 192.168.255.0/24 eq 32\n!\nip route vrf MGMT 0.0.0.0/0 10.255.0.1\n!\nroute-map RM-CONN-2-BGP permit 10\n   match ip address prefix-list PL-LOOPBACKS-EVPN-OVERLAY\n!\nrouter bfd\n   multihop interval 1200 min-rx 1200 multiplier 3\n!\nrouter bgp 65001\n   router-id 192.168.255.2\n   no bgp default ipv4-unicast\n   distance bgp 20 200 200\n   graceful-restart restart-time 300\n   graceful-restart\n   maximum-paths 4 ecmp 4\n   neighbor EVPN-OVERLAY-PEERS peer group\n   neighbor EVPN-OVERLAY-PEERS next-hop-unchanged\n   neighbor EVPN-OVERLAY-PEERS update-source Loopback0\n   neighbor EVPN-OVERLAY-PEERS bfd\n   neighbor EVPN-OVERLAY-PEERS ebgp-multihop 3\n   neighbor EVPN-OVERLAY-PEERS password 7 q+VNViP5i4rVjW1cxFv2wA==\n   neighbor EVPN-OVERLAY-PEERS send-community\n   neighbor EVPN-OVERLAY-PEERS maximum-routes 0\n   neighbor IPv4-UNDERLAY-PEERS peer group\n   neighbor IPv4-UNDERLAY-PEERS password 7 AQQvKeimxJu+uGQ/yYvv9w==\n   neighbor IPv4-UNDERLAY-PEERS send-community\n   neighbor IPv4-UNDERLAY-PEERS maximum-routes 12000\n   neighbor 172.31.255.3 peer group IPv4-UNDERLAY-PEERS\n   neighbor 172.31.255.3 remote-as 65101\n   neighbor 172.31.255.3 description DC1-LEAF1A_Ethernet2\n   neighbor 172.31.255.7 peer group IPv4-UNDERLAY-PEERS\n   neighbor 172.31.255.7 remote-as 65101\n   neighbor 172.31.255.7 description DC1-LEAF1B_Ethernet2\n   neighbor 172.31.255.11 peer group IPv4-UNDERLAY-PEERS\n   neighbor 172.31.255.11 remote-as 65102\n   neighbor 172.31.255.11 description DC1-LEAF2A_Ethernet2\n   neighbor 172.31.255.15 peer group IPv4-UNDERLAY-PEERS\n   neighbor 172.31.255.15 remote-as 65102\n   neighbor 172.31.255.15 description DC1-LEAF2B_Ethernet2\n   neighbor 192.168.255.3 peer group EVPN-OVERLAY-PEERS\n   neighbor 192.168.255.3 remote-as 65101\n   neighbor 192.168.255.3 description DC1-LEAF1A\n   neighbor 192.168.255.4 peer group EVPN-OVERLAY-PEERS\n   neighbor 192.168.255.4 remote-as 65101\n   neighbor 192.168.255.4 description DC1-LEAF1B\n   neighbor 192.168.255.5 peer group EVPN-OVERLAY-PEERS\n   neighbor 192.168.255.5 remote-as 65102\n   neighbor 192.168.255.5 description DC1-LEAF2A\n   neighbor 192.168.255.6 peer group EVPN-OVERLAY-PEERS\n   neighbor 192.168.255.6 remote-as 65102\n   neighbor 192.168.255.6 description DC1-LEAF2B\n   redistribute connected route-map RM-CONN-2-BGP\n   !\n   address-family evpn\n      neighbor EVPN-OVERLAY-PEERS activate\n   !\n   address-family ipv4\n      no neighbor EVPN-OVERLAY-PEERS activate\n      neighbor IPv4-UNDERLAY-PEERS activate\n!\nmanagement api http-commands\n   protocol https\n   no shutdown\n   !\n   vrf MGMT\n      no shutdown\n!\nend\n&quot;,
&quot;Prefix_default_filter&quot;: &quot;!RANCID-CONTENT-TYPE: arista\n!\ndaemon TerminAttr\n   exec /usr/bin/TerminAttr -cvaddr=10.255.0.1:9910 -cvvrf=MGMT -smashexcludes=ale,flexCounter,hardware,kni,pulse,strata -ingestexclude=/Sysdb/cell/1/agent,/Sysdb/cell/2/agent -taillogs\n   no shutdown\n!\nvlan internal order ascending range 1006 1199\n!\ntransceiver qsfp default-mode 4x10G\n!\nservice routing protocols model multi-agent\n!\nhostname DC1-L2LEAF1A\nip name-server vrf MGMT 8.8.8.8\nip name-server vrf MGMT 192.168.2.1\n!\nntp local-interface vrf MGMT Management1\nntp server vrf MGMT 0.fr.pool.ntp.org prefer\nntp server vrf MGMT 1.fr.pool.ntp.org\n!\nspanning-tree mode mstp\nspanning-tree mst 0 priority 16384\n!\nno aaa root\nno enable password\n!\nusername admin privilege 15 role network-admin secret sha512 $6$Df86J4/SFMDE3/1K$Hef4KstdoxNDaami37cBquTWOTplC.miMPjXVgQxMe92.e5wxlnXOLlebgPj8Fz1KO0za/RCO7ZIs4Q6Eiq1g1\nusername ansible privilege 15 role network-admin secret sha512 $6$Dzu11L7yp9j3nCM9$FSptxMPyIL555OMO.ldnjDXgwZmrfMYwHSr0uznE5Qoqvd9a6UdjiFcJUhGLtvXVZR1r.A/iF5aAt50hf/EK4/\nusername cvpadmin privilege 15 role network-admin secret sha512 $6$rZKcbIZ7iWGAWTUM$TCgDn1KcavS0s.OV8lacMTUkxTByfzcGlFlYUWroxYuU7M/9bIodhRO7nXGzMweUxvbk8mJmQl8Bh44cRktUj.\n!\nvlan 110\n   name Tenant_A_OP_Zone_1\n!\nvlan 111\n   name Tenant_A_OP_Zone_2\n!\nvlan 112\n   name Tenant_A_OP_Zone_3\n!\nvlan 120\n   name Tenant_A_WEB_Zone_1\n!\nvlan 121\n   name Tenant_A_WEBZone_2\n!\nvlan 130\n   name Tenant_A_APP_Zone_1\n!\nvlan 131\n   name Tenant_A_APP_Zone_2\n!\nvrf instance MGMT\n!\ninterface Port-Channel1\n   description DC1_LEAF1_Po5\n   no shutdown\n   switchport\n   switchport trunk allowed vlan 110-112,120-121,130-131\n   switchport mode trunk\n!\ninterface Ethernet1\n   description DC1-LEAF1A_Ethernet5\n   no shutdown\n   channel-group 1 mode active\n!\ninterface Ethernet2\n   description DC1-LEAF1B_Ethernet5\n   no shutdown\n   channel-group 1 mode active\n!\ninterface Ethernet5\n   description server01_Eth0\n   no shutdown\n   switchport\n   switchport access vlan 110\n   switchport mode access\n!\ninterface Management1\n   description oob_management\n   no shutdown\n   vrf MGMT\n   ip address 10.255.0.17/24\n!\nip routing\nno ip routing vrf MGMT\n!\nip route vrf MGMT 0.0.0.0/0 10.255.0.1\n!\nmanagement api http-commands\n   protocol https\n   no shutdown\n   !\n   vrf MGMT\n      no shutdown\n!\nend\n&quot;
},
&quot;changed&quot;: false
}</system-out>
		</testcase>
		<testcase classname="tests/integration/targets/configlet_build_config/tests/test_with_all_parameters.yml:9" name="[testhost] testhost: configlet_build_config : shell _raw_params=diff &quot;{{ expected_output }}/expected_with_all_parameters.yml&quot; &quot;{{ actual_output }}&quot;" time="0.20406246185302734">
			<system-out>{
&quot;changed&quot;: true,
&quot;cmd&quot;: &quot;diff \&quot;/root/ansible_collections/arista/avd/tests/inventory/configlet_build_config/expected_output/expected_with_all_parameters.yml\&quot; \&quot;/root/ansible_collections/arista/avd/tests/output/actual_output.yml\&quot;&quot;,
&quot;delta&quot;: &quot;0:00:00.003717&quot;,
&quot;end&quot;: &quot;2023-01-25 19:08:07.331908&quot;,
&quot;failed_when_result&quot;: false,
&quot;msg&quot;: &quot;&quot;,
&quot;rc&quot;: 0,
&quot;start&quot;: &quot;2023-01-25 19:08:07.328191&quot;,
&quot;stderr&quot;: &quot;&quot;,
&quot;stderr_lines&quot;: [],
&quot;stdout&quot;: &quot;&quot;,
&quot;stdout_lines&quot;: []
}</system-out>
		</testcase>
		<testcase classname="tests/integration/targets/configlet_build_config/tests/test_with_all_parameters.yml:13" name="[testhost] testhost: configlet_build_config : Validate output that=['result is success', 'result.changed == false', 'result.CVP_CONFIGLETS != {}', 'diff_output.stdout == &quot;&quot;', 'item is defined', &quot;'Prefix' in item[0:6]&quot;]" time="0.16451239585876465">
			<system-out>{
&quot;changed&quot;: false,
&quot;msg&quot;: &quot;All items completed&quot;,
&quot;results&quot;: [
{
&quot;ansible_loop_var&quot;: &quot;item&quot;,
&quot;changed&quot;: false,
&quot;failed&quot;: false,
&quot;item&quot;: &quot;Prefix_DC1-SPINE1&quot;,
&quot;msg&quot;: &quot;All assertions passed&quot;
},
{
&quot;ansible_loop_var&quot;: &quot;item&quot;,
&quot;changed&quot;: false,
&quot;failed&quot;: false,
&quot;item&quot;: &quot;Prefix_DC1-L2LEAF2A&quot;,
&quot;msg&quot;: &quot;All assertions passed&quot;
},
{
&quot;ansible_loop_var&quot;: &quot;item&quot;,
&quot;changed&quot;: false,
&quot;failed&quot;: false,
&quot;item&quot;: &quot;Prefix_DC1-LEAF2A&quot;,
&quot;msg&quot;: &quot;All assertions passed&quot;
},
{
&quot;ansible_loop_var&quot;: &quot;item&quot;,
&quot;changed&quot;: false,
&quot;failed&quot;: false,
&quot;item&quot;: &quot;Prefix_DC1-LEAF1A&quot;,
&quot;msg&quot;: &quot;All assertions passed&quot;
},
{
&quot;ansible_loop_var&quot;: &quot;item&quot;,
&quot;changed&quot;: false,
&quot;failed&quot;: false,
&quot;item&quot;: &quot;Prefix_DC1-LEAF2B&quot;,
&quot;msg&quot;: &quot;All assertions passed&quot;
},
{
&quot;ansible_loop_var&quot;: &quot;item&quot;,
&quot;changed&quot;: false,
&quot;failed&quot;: false,
&quot;item&quot;: &quot;Prefix_DC1-SPINE2&quot;,
&quot;msg&quot;: &quot;All assertions passed&quot;
},
{
&quot;ansible_loop_var&quot;: &quot;item&quot;,
&quot;changed&quot;: false,
&quot;failed&quot;: false,
&quot;item&quot;: &quot;Prefix_DC1-L2LEAF1A&quot;,
&quot;msg&quot;: &quot;All assertions passed&quot;
},
{
&quot;ansible_loop_var&quot;: &quot;item&quot;,
&quot;changed&quot;: false,
&quot;failed&quot;: false,
&quot;item&quot;: &quot;Prefix_DC1-LEAF1B&quot;,
&quot;msg&quot;: &quot;All assertions passed&quot;
},
{
&quot;ansible_loop_var&quot;: &quot;item&quot;,
&quot;changed&quot;: false,
&quot;failed&quot;: false,
&quot;item&quot;: &quot;Prefix_default_filter&quot;,
&quot;msg&quot;: &quot;All assertions passed&quot;
}
]
}</system-out>
		</testcase>
		<testcase classname="tests/integration/targets/configlet_build_config/tests/test_without_extension.yml:1" name="[testhost] testhost: configlet_build_config : Test without extension configlet_dir={{ configlet_path }}, configlet_prefix=Prefix, destination={{ actual_output }}" time="0.1799616813659668">
			<system-out>{
&quot;CVP_CONFIGLETS&quot;: {
&quot;Prefix_default_extension&quot;: &quot;!RANCID-CONTENT-TYPE: arista\n!\ndaemon TerminAttr\n   exec /usr/bin/TerminAttr -cvaddr=10.255.0.1:9910 -cvvrf=MGMT -smashexcludes=ale,flexCounter,hardware,kni,pulse,strata -ingestexclude=/Sysdb/cell/1/agent,/Sysdb/cell/2/agent -taillogs\n   no shutdown\n!\nvlan internal order ascending range 1006 1199\n!\ntransceiver qsfp default-mode 4x10G\n!\nservice routing protocols model multi-agent\n!\nhostname DC1-L2LEAF1A\nip name-server vrf MGMT 8.8.8.8\nip name-server vrf MGMT 192.168.2.1\n!\nntp local-interface vrf MGMT Management1\nntp server vrf MGMT 0.fr.pool.ntp.org prefer\nntp server vrf MGMT 1.fr.pool.ntp.org\n!\nspanning-tree mode mstp\nspanning-tree mst 0 priority 16384\n!\nno aaa root\nno enable password\n!\nusername admin privilege 15 role network-admin secret sha512 $6$Df86J4/SFMDE3/1K$Hef4KstdoxNDaami37cBquTWOTplC.miMPjXVgQxMe92.e5wxlnXOLlebgPj8Fz1KO0za/RCO7ZIs4Q6Eiq1g1\nusername ansible privilege 15 role network-admin secret sha512 $6$Dzu11L7yp9j3nCM9$FSptxMPyIL555OMO.ldnjDXgwZmrfMYwHSr0uznE5Qoqvd9a6UdjiFcJUhGLtvXVZR1r.A/iF5aAt50hf/EK4/\nusername cvpadmin privilege 15 role network-admin secret sha512 $6$rZKcbIZ7iWGAWTUM$TCgDn1KcavS0s.OV8lacMTUkxTByfzcGlFlYUWroxYuU7M/9bIodhRO7nXGzMweUxvbk8mJmQl8Bh44cRktUj.\n!\nvlan 110\n   name Tenant_A_OP_Zone_1\n!\nvlan 111\n   name Tenant_A_OP_Zone_2\n!\nvlan 112\n   name Tenant_A_OP_Zone_3\n!\nvlan 120\n   name Tenant_A_WEB_Zone_1\n!\nvlan 121\n   name Tenant_A_WEBZone_2\n!\nvlan 130\n   name Tenant_A_APP_Zone_1\n!\nvlan 131\n   name Tenant_A_APP_Zone_2\n!\nvrf instance MGMT\n!\ninterface Port-Channel1\n   description DC1_LEAF1_Po5\n   no shutdown\n   switchport\n   switchport trunk allowed vlan 110-112,120-121,130-131\n   switchport mode trunk\n!\ninterface Ethernet1\n   description DC1-LEAF1A_Ethernet5\n   no shutdown\n   channel-group 1 mode active\n!\ninterface Ethernet2\n   description DC1-LEAF1B_Ethernet5\n   no shutdown\n   channel-group 1 mode active\n!\ninterface Ethernet5\n   description server01_Eth0\n   no shutdown\n   switchport\n   switchport access vlan 110\n   switchport mode access\n!\ninterface Management1\n   description oob_management\n   no shutdown\n   vrf MGMT\n   ip address 10.255.0.17/24\n!\nip routing\nno ip routing vrf MGMT\n!\nip route vrf MGMT 0.0.0.0/0 10.255.0.1\n!\nmanagement api http-commands\n   protocol https\n   no shutdown\n   !\n   vrf MGMT\n      no shutdown\n!\nend\n&quot;
},
&quot;changed&quot;: false
}</system-out>
		</testcase>
		<testcase classname="tests/integration/targets/configlet_build_config/tests/test_without_extension.yml:8" name="[testhost] testhost: configlet_build_config : shell _raw_params=diff &quot;{{ expected_output }}/expected_without_extension.yml&quot; &quot;{{ actual_output }}&quot;" time="0.19810914993286133">
			<system-out>{
&quot;changed&quot;: true,
&quot;cmd&quot;: &quot;diff \&quot;/root/ansible_collections/arista/avd/tests/inventory/configlet_build_config/expected_output/expected_without_extension.yml\&quot; \&quot;/root/ansible_collections/arista/avd/tests/output/actual_output.yml\&quot;&quot;,
&quot;delta&quot;: &quot;0:00:00.003572&quot;,
&quot;end&quot;: &quot;2023-01-25 19:08:07.921118&quot;,
&quot;failed_when_result&quot;: false,
&quot;msg&quot;: &quot;&quot;,
&quot;rc&quot;: 0,
&quot;start&quot;: &quot;2023-01-25 19:08:07.917546&quot;,
&quot;stderr&quot;: &quot;&quot;,
&quot;stderr_lines&quot;: [],
&quot;stdout&quot;: &quot;&quot;,
&quot;stdout_lines&quot;: []
}</system-out>
		</testcase>
		<testcase classname="tests/integration/targets/configlet_build_config/tests/test_without_extension.yml:12" name="[testhost] testhost: configlet_build_config : Validate output that=['result is success', 'result.changed == false', 'result.CVP_CONFIGLETS != {}', 'item is defined', &quot;'Prefix' in item[0:6]&quot;, 'diff_output.stdout == &quot;&quot;']" time="0.036391258239746094">
			<system-out>{
&quot;changed&quot;: false,
&quot;msg&quot;: &quot;All items completed&quot;,
&quot;results&quot;: [
{
&quot;ansible_loop_var&quot;: &quot;item&quot;,
&quot;changed&quot;: false,
&quot;failed&quot;: false,
&quot;item&quot;: &quot;Prefix_default_extension&quot;,
&quot;msg&quot;: &quot;All assertions passed&quot;
}
]
}</system-out>
		</testcase>
	</testsuite>
</testsuites>
