<?xml version="1.0" encoding="utf-8"?><testsuites><testsuite name="pytest" errors="0" failures="0" skipped="0" tests="817" time="8.530" timestamp="2023-01-25T19:10:31.991225" hostname="9cbd5dbe6a2c"><testcase classname="filters.test_add_md_toc.TestAddMdTocFilter" name="test_add_md_toc[0-1-None]" file="filters/test_add_md_toc.py" line="24" time="0.004" /><testcase classname="filters.test_add_md_toc.TestAddMdTocFilter" name="test_add_md_toc[0-3-None]" file="filters/test_add_md_toc.py" line="24" time="0.004" /><testcase classname="filters.test_add_md_toc.TestAddMdTocFilter" name="test_add_md_toc[0-3-/root/ansible_collections/arista/avd/tests/unit/filters/toc_files/valid_file.md]" file="filters/test_add_md_toc.py" line="24" time="0.024" /><testcase classname="filters.test_add_md_toc.TestAddMdTocFilter" name="test_add_md_toc[1-1-None]" file="filters/test_add_md_toc.py" line="24" time="0.014" /><testcase classname="filters.test_add_md_toc.TestAddMdTocFilter" name="test_add_md_toc[0-2-None]" file="filters/test_add_md_toc.py" line="24" time="0.013" /><testcase classname="filters.test_add_md_toc.TestAddMdTocFilter" name="test_add_md_toc[0-2-/root/ansible_collections/arista/avd/tests/unit/filters/toc_files/valid_file.md]" file="filters/test_add_md_toc.py" line="24" time="0.020" /><testcase classname="filters.test_add_md_toc.TestAddMdTocFilter" name="test_add_md_toc[1-1-/root/ansible_collections/arista/avd/tests/unit/filters/toc_files/valid_file.md]" file="filters/test_add_md_toc.py" line="24" time="0.023" /><testcase classname="filters.test_add_md_toc.TestAddMdTocFilter" name="test_add_md_toc[0-1-/root/ansible_collections/arista/avd/tests/unit/filters/toc_files/valid_file.md]" file="filters/test_add_md_toc.py" line="24" time="0.021" /><testcase classname="filters.test_add_md_toc.TestAddMdTocFilter" name="test_add_md_toc[2-1-None]" file="filters/test_add_md_toc.py" line="24" time="0.010" /><testcase classname="filters.test_add_md_toc.TestAddMdTocFilter" name="test_add_md_toc[1-2-None]" file="filters/test_add_md_toc.py" line="24" time="0.006" /><testcase classname="filters.test_add_md_toc.TestAddMdTocFilter" name="test_add_md_toc[2-2-None]" file="filters/test_add_md_toc.py" line="24" time="0.005" /><testcase classname="filters.test_add_md_toc.TestAddMdTocFilter" name="test_add_md_toc[2-1-/root/ansible_collections/arista/avd/tests/unit/filters/toc_files/valid_file.md]" file="filters/test_add_md_toc.py" line="24" time="0.022" /><testcase classname="filters.test_add_md_toc.TestAddMdTocFilter" name="test_add_md_toc[1-3-/root/ansible_collections/arista/avd/tests/unit/filters/toc_files/valid_file.md]" file="filters/test_add_md_toc.py" line="24" time="0.023" /><testcase classname="filters.test_add_md_toc.TestAddMdTocFilter" name="test_add_md_toc[2-3-None]" file="filters/test_add_md_toc.py" line="24" time="0.015" /><testcase classname="filters.test_add_md_toc.TestAddMdTocFilter" name="test_add_md_toc[1-3-None]" file="filters/test_add_md_toc.py" line="24" time="0.007" /><testcase classname="filters.test_convert_dicts.TestConvertDicts" name="test_convert_dicts_with_nested_dict_default" file="filters/test_convert_dicts.py" line="19" time="0.004" /><testcase classname="filters.test_add_md_toc.TestAddMdTocFilter" name="test_add_md_toc_invalid_toc_level[/root/ansible_collections/arista/avd/tests/unit/filters/toc_files/valid_file.md]" file="filters/test_add_md_toc.py" line="43" time="0.005" /><testcase classname="filters.test_add_md_toc.TestAddMdTocFilter" name="test_add_md_toc[2-2-/root/ansible_collections/arista/avd/tests/unit/filters/toc_files/valid_file.md]" file="filters/test_add_md_toc.py" line="24" time="0.033" /><testcase classname="filters.test_add_md_toc.TestAddMdTocFilter" name="test_add_md_toc_invalid" file="filters/test_add_md_toc.py" line="50" time="0.017" /><testcase classname="filters.test_convert_dicts.TestConvertDicts" name="test_convert_dicts_with_list_default" file="filters/test_convert_dicts.py" line="57" time="0.003" /><testcase classname="filters.test_convert_dicts.TestConvertDicts" name="test_convert_dicts_with_nested_dict_secondary_key" file="filters/test_convert_dicts.py" line="27" time="0.005" /><testcase classname="filters.test_add_md_toc.TestAddMdTocFilter" name="test_add_md_toc[1-2-/root/ansible_collections/arista/avd/tests/unit/filters/toc_files/valid_file.md]" file="filters/test_add_md_toc.py" line="24" time="0.030" /><testcase classname="filters.test_add_md_toc.TestAddMdTocFilter" name="test_add_md_toc_btw_specific_markers" file="filters/test_add_md_toc.py" line="59" time="0.027" /><testcase classname="filters.test_convert_dicts.TestConvertDicts" name="test_convert_dicts_with_nested_dict_primary_key" file="filters/test_convert_dicts.py" line="23" time="0.003" /><testcase classname="filters.test_convert_dicts.TestConvertDicts" name="test_convert_dicts_with_listofdict_secondary_key" file="filters/test_convert_dicts.py" line="43" time="0.004" /><testcase classname="filters.test_add_md_toc.TestAddMdTocFilter" name="test_add_md_toc_invalid_toc_level[None]" file="filters/test_add_md_toc.py" line="43" time="0.010" /><testcase classname="filters.test_convert_dicts.TestConvertDicts" name="test_convert_dicts_with_list_of_dict_default" file="filters/test_convert_dicts.py" line="89" time="0.004" /><testcase classname="filters.test_convert_dicts.TestConvertDicts" name="test_convert_dicts_with_listofdict_primary_and_secondary_key" file="filters/test_convert_dicts.py" line="50" time="0.004" /><testcase classname="filters.test_convert_dicts.TestConvertDicts" name="test_convert_dicts_with_list_secondary_key" file="filters/test_convert_dicts.py" line="65" time="0.006" /><testcase classname="filters.test_convert_dicts.TestConvertDicts" name="test_convert_dicts_with_listofdict_primary_key" file="filters/test_convert_dicts.py" line="39" time="0.015" /><testcase classname="filters.test_convert_dicts.TestConvertDicts" name="test_convert_dicts_with_string_value_secondary_key" file="filters/test_convert_dicts.py" line="81" time="0.003" /><testcase classname="filters.test_default.TestDefaultFilter" name="test_default[DEFAULT_VALUE0-Undefined]" file="filters/test_default.py" line="16" time="0.009" /><testcase classname="filters.test_convert_dicts.TestConvertDicts" name="test_convert_dicts_with_listofdict_default" file="filters/test_convert_dicts.py" line="35" time="0.015" /><testcase classname="filters.test_convert_dicts.TestConvertDicts" name="test_convert_dicts_with_string_value_primary_key_and_secondary_key" file="filters/test_convert_dicts.py" line="85" time="0.005" /><testcase classname="filters.test_add_md_toc.TestAddMdTocFilter" name="test_add_md_toc[2-3-/root/ansible_collections/arista/avd/tests/unit/filters/toc_files/valid_file.md]" file="filters/test_add_md_toc.py" line="24" time="0.034" /><testcase classname="filters.test_convert_dicts.TestConvertDicts" name="test_convert_dicts_with_list_primary_key" file="filters/test_convert_dicts.py" line="61" time="0.005" /><testcase classname="filters.test_default.TestDefaultFilter" name="test_default[DEFAULT_VALUE1-PRIMARY_VALUE4]" file="filters/test_default.py" line="16" time="0.004" /><testcase classname="filters.test_convert_dicts.TestConvertDicts" name="test_convert_dicts_with_list_of_dict_secondary_key" file="filters/test_convert_dicts.py" line="97" time="0.005" /><testcase classname="filters.test_convert_dicts.TestConvertDicts" name="test_convert_dicts_with_string_value_default" file="filters/test_convert_dicts.py" line="73" time="0.006" /><testcase classname="filters.test_convert_dicts.TestConvertDicts" name="test_convert_dicts_with_string_value_primary_key" file="filters/test_convert_dicts.py" line="77" time="0.003" /><testcase classname="filters.test_default.TestDefaultFilter" name="test_default[DEFAULT_VALUE2-PRIMARY_VALUE5]" file="filters/test_default.py" line="16" time="0.006" /><testcase classname="filters.test_default.TestDefaultFilter" name="test_default[DEFAULT_VALUE0-None]" file="filters/test_default.py" line="16" time="0.008" /><testcase classname="filters.test_default.TestDefaultFilter" name="test_default[DEFAULT_VALUE0-PRIMARY_VALUE5]" file="filters/test_default.py" line="16" time="0.004" /><testcase classname="filters.test_convert_dicts.TestConvertDicts" name="test_convert_dicts_filter" file="filters/test_convert_dicts.py" line="107" time="0.003" /><testcase classname="filters.test_convert_dicts.TestConvertDicts" name="test_convert_dicts_with_nested_dict_primary_and_secondary_key" file="filters/test_convert_dicts.py" line="31" time="0.013" /><testcase classname="filters.test_default.TestDefaultFilter" name="test_default[DEFAULT_VALUE0-ABC]" file="filters/test_default.py" line="16" time="0.006" /><testcase classname="filters.test_convert_dicts.TestConvertDicts" name="test_convert_dicts_with_list_of_dict_primary_key" file="filters/test_convert_dicts.py" line="93" time="0.004" /><testcase classname="filters.test_default.TestDefaultFilter" name="test_default[DEFAULT_VALUE3-PRIMARY_VALUE6]" file="filters/test_default.py" line="16" time="0.005" /><testcase classname="filters.test_default.TestDefaultFilter" name="test_default[DEFAULT_VALUE0-1]" file="filters/test_default.py" line="16" time="0.012" /><testcase classname="filters.test_default.TestDefaultFilter" name="test_default[DEFAULT_VALUE1-PRIMARY_VALUE6]" file="filters/test_default.py" line="16" time="0.004" /><testcase classname="filters.test_default.TestDefaultFilter" name="test_default[DEFAULT_VALUE1-Undefined]" file="filters/test_default.py" line="16" time="0.005" /><testcase classname="filters.test_default.TestDefaultFilter" name="test_default[DEFAULT_VALUE1-1]" file="filters/test_default.py" line="16" time="0.013" /><testcase classname="filters.test_default.TestDefaultFilter" name="test_default[DEFAULT_VALUE0-PRIMARY_VALUE4]" file="filters/test_default.py" line="16" time="0.004" /><testcase classname="filters.test_default.TestDefaultFilter" name="test_default[DEFAULT_VALUE1-ABC]" file="filters/test_default.py" line="16" time="0.010" /><testcase classname="filters.test_convert_dicts.TestConvertDicts" name="test_convert_dicts_with_list_primary_and_secondary_key" file="filters/test_convert_dicts.py" line="69" time="0.005" /><testcase classname="filters.test_default.TestDefaultFilter" name="test_default[DEFAULT_VALUE3-1]" file="filters/test_default.py" line="16" time="0.006" /><testcase classname="filters.test_default.TestDefaultFilter" name="test_default[DEFAULT_VALUE1-None]" file="filters/test_default.py" line="16" time="0.011" /><testcase classname="filters.test_default.TestDefaultFilter" name="test_default[DEFAULT_VALUE2-PRIMARY_VALUE4]" file="filters/test_default.py" line="16" time="0.005" /><testcase classname="filters.test_default.TestDefaultFilter" name="test_default[DEFAULT_VALUE2-Undefined]" file="filters/test_default.py" line="16" time="0.004" /><testcase classname="filters.test_default.TestDefaultFilter" name="test_default_filter" file="filters/test_default.py" line="28" time="0.007" /><testcase classname="filters.test_convert_dicts.TestConvertDicts" name="test_convert_dicts_with_list_of_dict_primary_key_and_secondary_key" file="filters/test_convert_dicts.py" line="102" time="0.014" /><testcase classname="filters.test_default.TestDefaultFilter" name="test_default[DEFAULT_VALUE1-PRIMARY_VALUE5]" file="filters/test_default.py" line="16" time="0.008" /><testcase classname="filters.test_default.TestDefaultFilter" name="test_default[DEFAULT_VALUE2-None]" file="filters/test_default.py" line="16" time="0.013" /><testcase classname="filters.test_default.TestDefaultFilter" name="test_default[DEFAULT_VALUE2-PRIMARY_VALUE6]" file="filters/test_default.py" line="16" time="0.004" /><testcase classname="filters.test_default.TestDefaultFilter" name="test_default[DEFAULT_VALUE3-PRIMARY_VALUE5]" file="filters/test_default.py" line="16" time="0.016" /><testcase classname="filters.test_default.TestDefaultFilter" name="test_default[DEFAULT_VALUE4-ABC]" file="filters/test_default.py" line="16" time="0.012" /><testcase classname="filters.test_default.TestDefaultFilter" name="test_default[DEFAULT_VALUE2-ABC]" file="filters/test_default.py" line="16" time="0.004" /><testcase classname="filters.test_default.TestDefaultFilter" name="test_default[DEFAULT_VALUE0-PRIMARY_VALUE6]" file="filters/test_default.py" line="16" time="0.005" /><testcase classname="filters.test_default.TestDefaultFilter" name="test_default[DEFAULT_VALUE3-PRIMARY_VALUE4]" file="filters/test_default.py" line="16" time="0.016" /><testcase classname="filters.test_default.TestDefaultFilter" name="test_default[DEFAULT_VALUE4-PRIMARY_VALUE6]" file="filters/test_default.py" line="16" time="0.004" /><testcase classname="filters.test_list_compress.TestListCompressFilter" name="test_list_compress_invalid[33]" file="filters/test_list_compress.py" line="17" time="0.012" /><testcase classname="filters.test_default.TestDefaultFilter" name="test_default[DEFAULT_VALUE4-1]" file="filters/test_default.py" line="16" time="0.007" /><testcase classname="filters.test_default.TestDefaultFilter" name="test_default[DEFAULT_VALUE2-1]" file="filters/test_default.py" line="16" time="0.004" /><testcase classname="filters.test_esi_management.TestEsiManagementFilter" name="test_generate_esi_with_prefix" file="filters/test_esi_management.py" line="20" time="0.004" /><testcase classname="filters.test_default.TestDefaultFilter" name="test_default[DEFAULT_VALUE4-PRIMARY_VALUE5]" file="filters/test_default.py" line="16" time="0.005" /><testcase classname="filters.test_default.TestDefaultFilter" name="test_default[DEFAULT_VALUE3-Undefined]" file="filters/test_default.py" line="16" time="0.016" /><testcase classname="filters.test_list_compress.TestListCompressFilter" name="test_list_compress_invalid[LIST_TO_COMPRESS_INVALID1]" file="filters/test_list_compress.py" line="17" time="0.005" /><testcase classname="filters.test_markdown_rendering.TestMarkdownRenderingFilter" name="test_markdown_rendering_filter" file="filters/test_markdown_rendering.py" line="32" time="0.007" /><testcase classname="filters.test_default.TestDefaultFilter" name="test_default[DEFAULT_VALUE3-None]" file="filters/test_default.py" line="16" time="0.009" /><testcase classname="filters.test_list_compress.TestListCompressFilter" name="test_list_compress_valid[LIST_TO_COMPRESS_VALID1]" file="filters/test_list_compress.py" line="23" time="0.004" /><testcase classname="filters.test_default.TestDefaultFilter" name="test_default[DEFAULT_VALUE3-ABC]" file="filters/test_default.py" line="16" time="0.004" /><testcase classname="filters.test_esi_management.TestEsiManagementFilter" name="test_generate_esi_without_prefix" file="filters/test_esi_management.py" line="16" time="0.004" /><testcase classname="filters.test_markdown_rendering.TestMarkdownRenderingFilter" name="test_status_render_invalid[FAIL]" file="filters/test_markdown_rendering.py" line="27" time="0.005" /><testcase classname="filters.test_default.TestDefaultFilter" name="test_default[DEFAULT_VALUE4-Undefined]" file="filters/test_default.py" line="16" time="0.004" /><testcase classname="filters.test_default.TestDefaultFilter" name="test_default[DEFAULT_VALUE4-PRIMARY_VALUE4]" file="filters/test_default.py" line="16" time="0.004" /><testcase classname="filters.test_natural_sort.TestNaturalSortFilter" name="test_convert_function[200]" file="filters/test_natural_sort.py" line="18" time="0.013" /><testcase classname="filters.test_list_compress.TestListCompressFilter" name="test_list_compress_invalid[1-3]" file="filters/test_list_compress.py" line="17" time="0.011" /><testcase classname="filters.test_natural_sort.TestNaturalSortFilter" name="test_natural_sort_invalid[ITEM_TO_NATURAL_SORT4]" file="filters/test_natural_sort.py" line="26" time="0.013" /><testcase classname="filters.test_default.TestDefaultFilter" name="test_default[DEFAULT_VALUE4-None]" file="filters/test_default.py" line="16" time="0.020" /><testcase classname="filters.test_list_compress.TestListCompressFilter" name="test_list_compress_valid[LIST_TO_COMPRESS_VALID0]" file="filters/test_list_compress.py" line="23" time="0.004" /><testcase classname="filters.test_esi_management.TestEsiManagementFilter" name="test_esi_management_filter" file="filters/test_esi_management.py" line="38" time="0.004" /><testcase classname="filters.test_natural_sort.TestNaturalSortFilter" name="test_natural_sort_invalid[]" file="filters/test_natural_sort.py" line="26" time="0.012" /><testcase classname="filters.test_natural_sort.TestNaturalSortFilter" name="test_natural_sort_filter" file="filters/test_natural_sort.py" line="35" time="0.004" /><testcase classname="filters.test_esi_management.TestEsiManagementFilter" name="test_generate_route_target" file="filters/test_esi_management.py" line="31" time="0.008" /><testcase classname="filters.test_range_expand.TestListCompressFilter" name="test_range_expand_valid[Eth 3-5,7-8]" file="filters/test_range_expand.py" line="51" time="0.007" /><testcase classname="filters.test_esi_management.TestEsiManagementFilter" name="test_lacp_id" file="filters/test_esi_management.py" line="25" time="0.015" /><testcase classname="filters.test_markdown_rendering.TestMarkdownRenderingFilter" name="test_status_render_invalid[PASS]" file="filters/test_markdown_rendering.py" line="27" time="0.007" /><testcase classname="filters.test_range_expand.TestListCompressFilter" name="test_range_expand_valid[Ethernet1-2]" file="filters/test_range_expand.py" line="51" time="0.007" /><testcase classname="filters.test_natural_sort.TestNaturalSortFilter" name="test_convert_function[100]" file="filters/test_natural_sort.py" line="18" time="0.004" /><testcase classname="filters.test_markdown_rendering.TestMarkdownRenderingFilter" name="test_status_render_valid[FAIL]" file="filters/test_markdown_rendering.py" line="22" time="0.007" /><testcase classname="filters.test_range_expand.TestListCompressFilter" name="test_range_expand_valid[RANGE_TO_EXPAND_VALID4]" file="filters/test_range_expand.py" line="51" time="0.010" /><testcase classname="filters.test_range_expand.TestListCompressFilter" name="test_range_expand_valid[RANGE_TO_EXPAND_VALID10]" file="filters/test_range_expand.py" line="51" time="0.007" /><testcase classname="filters.test_markdown_rendering.TestMarkdownRenderingFilter" name="test_status_render_valid[PASS]" file="filters/test_markdown_rendering.py" line="22" time="0.007" /><testcase classname="filters.test_list_compress.TestListCompressFilter" name="test_list_compress_filter" file="filters/test_list_compress.py" line="28" time="0.007" /><testcase classname="filters.test_natural_sort.TestNaturalSortFilter" name="test_natural_sort_invalid[ITEM_TO_NATURAL_SORT1]" file="filters/test_natural_sort.py" line="26" time="0.007" /><testcase classname="filters.test_natural_sort.TestNaturalSortFilter" name="test_natural_sort_invalid[ITEM_TO_NATURAL_SORT2]" file="filters/test_natural_sort.py" line="26" time="0.007" /><testcase classname="filters.test_natural_sort.TestNaturalSortFilter" name="test_natural_sort_invalid[ITEM_TO_NATURAL_SORT5]" file="filters/test_natural_sort.py" line="26" time="0.007" /><testcase classname="filters.test_range_expand.TestListCompressFilter" name="test_range_expand_valid[Et1-2/3-4/5-6]" file="filters/test_range_expand.py" line="51" time="0.009" /><testcase classname="filters.test_natural_sort.TestNaturalSortFilter" name="test_natural_sort_invalid[None]" file="filters/test_natural_sort.py" line="26" time="0.005" /><testcase classname="filters.test_snmp_hash.TestSNMPHashFilter" name="test_get_hash_object[sha512-sha512-expectation4]" file="filters/test_snmp_hash.py" line="15" time="0.007" /><testcase classname="filters.test_range_expand.TestListCompressFilter" name="test_range_expand_valid[1-3]" file="filters/test_range_expand.py" line="51" time="0.006" /><testcase classname="filters.test_range_expand.TestListCompressFilter" name="test_range_expand_invalid[33]" file="filters/test_range_expand.py" line="45" time="0.005" /><testcase classname="filters.test_range_expand.TestListCompressFilter" name="test_range_expand_valid[Ethernet1]" file="filters/test_range_expand.py" line="51" time="0.008" /><testcase classname="filters.test_range_expand.TestListCompressFilter" name="test_range_expand_valid[et2-6,po1-2]" file="filters/test_range_expand.py" line="51" time="0.007" /><testcase classname="filters.test_natural_sort.TestNaturalSortFilter" name="test_convert_function[ABC]" file="filters/test_natural_sort.py" line="18" time="0.005" /><testcase classname="filters.test_snmp_hash.TestSNMPHashFilter" name="test_key_from_passphrase[testauth-toto-None-expectation6]" file="filters/test_snmp_hash.py" line="30" time="0.006" /><testcase classname="filters.test_snmp_hash.TestSNMPHashFilter" name="test_get_hash_object[sha384-sha384-expectation3]" file="filters/test_snmp_hash.py" line="15" time="0.015" /><testcase classname="filters.test_range_expand.TestListCompressFilter" name="test_range_expand_invalid[RANGE_TO_EXPAND_INVALID1]" file="filters/test_range_expand.py" line="45" time="0.009" /><testcase classname="filters.test_range_expand.TestListCompressFilter" name="test_range_expand_valid[RANGE_TO_EXPAND_VALID8]" file="filters/test_range_expand.py" line="51" time="0.008" /><testcase classname="filters.test_range_expand.TestListCompressFilter" name="test_range_expand_valid[RANGE_TO_EXPAND_VALID7]" file="filters/test_range_expand.py" line="51" time="0.011" /><testcase classname="filters.test_range_expand.TestListCompressFilter" name="test_range_expand_valid[vlan1-3]" file="filters/test_range_expand.py" line="51" time="0.010" /><testcase classname="filters.test_range_expand.TestListCompressFilter" name="test_range_expand_invalid[True]" file="filters/test_range_expand.py" line="45" time="0.006" /><testcase classname="filters.test_snmp_hash.TestSNMPHashFilter" name="test_get_hash_object[sha256-sha256-expectation2]" file="filters/test_snmp_hash.py" line="15" time="0.005" /><testcase classname="filters.test_range_expand.TestListCompressFilter" name="test_range_expand_valid[RANGE_TO_EXPAND_VALID6]" file="filters/test_range_expand.py" line="51" time="0.013" /><testcase classname="filters.test_snmp_hash.TestSNMPHashFilter" name="test_get_hash_object[sha-sha1-expectation1]" file="filters/test_snmp_hash.py" line="15" time="0.005" /><testcase classname="filters.test_snmp_hash.TestSNMPHashFilter" name="test_get_hash_object[toto-None-expectation5]" file="filters/test_snmp_hash.py" line="15" time="0.009" /><testcase classname="filters.test_range_expand.TestListCompressFilter" name="test_range_expand_valid[RANGE_TO_EXPAND_VALID5]" file="filters/test_range_expand.py" line="51" time="0.012" /><testcase classname="filters.test_snmp_hash.TestSNMPHashFilter" name="test_get_hash_object[md5-md5-expectation0]" file="filters/test_snmp_hash.py" line="15" time="0.005" /><testcase classname="filters.test_range_expand.TestListCompressFilter" name="test_range_expand_filter" file="filters/test_range_expand.py" line="56" time="0.003" /><testcase classname="filters.test_snmp_hash.TestSNMPHashFilter" name="test_key_from_passphrase[testauth-md5-7a3d6867d36341fcc49c7d6dd0182078-expectation0]" file="filters/test_snmp_hash.py" line="30" time="0.340" /><testcase classname="filters.test_snmp_hash.TestSNMPHashFilter" name="test_key_from_passphrase[testauth-sha384-bf8300efa68bb5d99945fef87fafb9b564ebaccd9c371bb8184fdba1df95eaa5d05b5f0fcaacfb0a3906b6e37693c6dd-expectation4]" file="filters/test_snmp_hash.py" line="30" time="0.296" /><testcase classname="filters.test_snmp_hash.TestSNMPHashFilter" name="test_localize_passphrase[testpriv-sha512-424242424242424242-des-ca5e54b5c49e7addba0046c591f8f541-expectation7]" file="filters/test_snmp_hash.py" line="71" time="0.324" /><testcase classname="module_utils.test_strip_empties.TestStripEmpties" name="test_strip_empties_string[empty_string]" file="module_utils/test_strip_empties.py" line="41" time="0.012" /><testcase classname="filters.test_snmp_hash.TestSNMPHashFilter" name="test_localize_passphrase[testauth-md5-424242424242424242-None-a487532d40f65644034ba50bec29bd90-expectation0]" file="filters/test_snmp_hash.py" line="71" time="0.296" /><testcase classname="filters.test_snmp_hash.TestSNMPHashFilter" name="test_key_from_passphrase[testauth-sha256-bd7b6e2a86527e0b93b65ad3d67d1fc870a420c49d53b4d652364d81e954f704-expectation3]" file="filters/test_snmp_hash.py" line="30" time="0.304" /><testcase classname="filters.test_snmp_hash.TestSNMPHashFilter" name="test_key_from_passphrase[testauth-sha512-c005b901a9a29e140e2749bb5d51789bba97f614c3c8060a1c080d775f12494ba6d968dc22526bb06532e96e2e4d3bd0e746f2696439a4a034d040e1c7de0aaa-expectation5]" file="filters/test_snmp_hash.py" line="30" time="0.352" /><testcase classname="filters.test_snmp_hash.TestSNMPHashFilter" name="test_key_from_passphrase[testauth-sha224-b4cdc03923d5fa37bb20ca665bf2e971b9d7521c3cc311a7d29bfed2-expectation2]" file="filters/test_snmp_hash.py" line="30" time="0.293" /><testcase classname="module_utils.test_strip_empties.TestStripEmpties" name="test_strip_empties_list[None_in_nested_dict]" file="module_utils/test_strip_empties.py" line="46" time="0.004" /><testcase classname="filters.test_snmp_hash.TestSNMPHashFilter" name="test_localize_passphrase[testauth-toto-424242424242424242-None-None-expectation6]" file="filters/test_snmp_hash.py" line="71" time="0.004" /><testcase classname="module_utils.test_strip_empties.TestStripEmpties" name="test_strip_empties_string[None]" file="module_utils/test_strip_empties.py" line="41" time="0.004" /><testcase classname="module_utils.test_utils.TestUtils" name="test_get[DATA1]" file="module_utils/test_utils.py" line="93" time="0.004" /><testcase classname="module_utils.test_strip_empties.TestStripEmpties" name="test_strip_empties_list[None_in_nested_list]" file="module_utils/test_strip_empties.py" line="46" time="0.005" /><testcase classname="modules.test_configlet_build_config.TestConfigletBuildConfig" name="test_get_configlet[non_default_prefix]" file="modules/test_configlet_build_config.py" line="36" time="0.016" /><testcase classname="filters.test_snmp_hash.TestSNMPHashFilter" name="test_key_from_passphrase[testauth-sha-d6997cbe7ffa9efa756721303e367478d0a9a61b-expectation1]" file="filters/test_snmp_hash.py" line="30" time="0.361" /><testcase classname="modules.test_inventory_to_container.TestInventoryToContainer" name="test_isIterable_valid_iterable[DATA0]" file="modules/test_inventory_to_container.py" line="110" time="0.004" /><testcase classname="module_utils.test_utils.TestUtils" name="test_get[DATA0]" file="module_utils/test_utils.py" line="93" time="0.009" /><testcase classname="modules.test_inventory_to_container.TestInventoryToContainer" name="test_isLeaf_none_leaf" file="modules/test_inventory_to_container.py" line="128" time="0.003" /><testcase classname="modules.test_configlet_build_config.TestConfigletBuildConfig" name="test_get_configlet[default_prefix]" file="modules/test_configlet_build_config.py" line="36" time="0.006" /><testcase classname="modules.test_inventory_to_container.TestInventoryToContainer" name="test_isIterable_default_iterable" file="modules/test_inventory_to_container.py" line="106" time="0.004" /><testcase classname="modules.test_inventory_to_container.TestInventoryToContainer" name="test_get_devices_preexisting_devices" file="modules/test_inventory_to_container.py" line="164" time="0.042" /><testcase classname="modules.test_inventory_to_container.TestInventoryToContainer" name="test_isLeaf_invalid_leaf" file="modules/test_inventory_to_container.py" line="124" time="0.003" /><testcase classname="modules.test_inventory_to_container.TestInventoryToContainer" name="test_get_devices_non_default_search_container" file="modules/test_inventory_to_container.py" line="160" time="0.021" /><testcase classname="modules.test_inventory_to_container.TestInventoryToContainer" name="test_serialize_none_parent_container_with_tree_topology" file="modules/test_inventory_to_container.py" line="191" time="0.030" /><testcase classname="plugins.plugin_utils.schema.test_avdschema.TestAvdSchema" name="test_avd_schema_init_with_schema[TEST_SCHEMA3]" file="plugins/plugin_utils/schema/test_avdschema.py" line="77" time="0.019" /><testcase classname="plugins.plugin_utils.schema.test_avdschema.TestAvdSchema" name="test_avd_schema_init_with_invalid_schema" file="plugins/plugin_utils/schema/test_avdschema.py" line="83" time="0.009" /><testcase classname="filters.test_snmp_hash.TestSNMPHashFilter" name="test_localize_passphrase[testauth-sha-424242424242424242-None-14c3e7d55a9d67b7341e0dafba817bd33d3eb2e4-expectation1]" file="filters/test_snmp_hash.py" line="71" time="0.341" /><testcase classname="filters.test_snmp_hash.TestSNMPHashFilter" name="test_localize_passphrase[testauth-sha512-424242424242424242-None-bccbd436115c60540422ad8e98b8373dee507fd9e77730372f03dcf8e8a074a43d9f04bd6b7be64eb806bdbaeff43ccd1ca93c4606ab46eb797720e4c59abcc7-expectation5]" file="filters/test_snmp_hash.py" line="71" time="0.329" /><testcase classname="plugins.plugin_utils.schema.test_avdschema.TestAvdSchema" name="test_avd_schema_validate_schema[TEST_SCHEMA0]" file="plugins/plugin_utils/schema/test_avdschema.py" line="87" time="0.010" /><testcase classname="modules.test_inventory_to_container.TestInventoryToContainer" name="test_serialize_non_default_parent_container_with_tree_topology" file="modules/test_inventory_to_container.py" line="198" time="0.034" /><testcase classname="filters.test_snmp_hash.TestSNMPHashFilter" name="test_snmp_hash_filter" file="filters/test_snmp_hash.py" line="189" time="0.003" /><testcase classname="module_utils.test_strip_empties.TestStripEmpties" name="test_strip_empties_list[empty_dict]" file="module_utils/test_strip_empties.py" line="46" time="0.005" /><testcase classname="plugins.plugin_utils.schema.test_avdschema.TestAvdSchema" name="test_avd_schema_validate_schema[TEST_SCHEMA1]" file="plugins/plugin_utils/schema/test_avdschema.py" line="87" time="0.019" /><testcase classname="module_utils.test_strip_empties.TestStripEmpties" name="test_strip_empties_dict[None_in_nested_dict]" file="module_utils/test_strip_empties.py" line="59" time="0.005" /><testcase classname="modules.test_inventory_to_container.TestInventoryToContainer" name="test_get_containers[default_parent]" file="modules/test_inventory_to_container.py" line="205" time="0.028" /><testcase classname="plugins.plugin_utils.schema.test_avdschema.TestAvdSchema" name="test_avd_schema_validate_schema[TEST_SCHEMA2]" file="plugins/plugin_utils/schema/test_avdschema.py" line="87" time="0.018" /><testcase classname="filters.test_snmp_hash.TestSNMPHashFilter" name="test_localize_passphrase[testauth-sha256-424242424242424242-None-ca08c9b519c910b678faf598bc33e118272f37fd9a1522d5b4b764fea26fd9ca-expectation3]" file="filters/test_snmp_hash.py" line="71" time="0.353" /><testcase classname="modules.test_configlet_build_config.TestConfigletBuildConfig" name="test_get_configlet[valid_source]" file="modules/test_configlet_build_config.py" line="36" time="0.006" /><testcase classname="modules.test_inventory_to_container.TestInventoryToContainer" name="test_is_in_filter_invalid_filter" file="modules/test_inventory_to_container.py" line="102" time="0.004" /><testcase classname="filters.test_snmp_hash.TestSNMPHashFilter" name="test_localize_passphrase[testauth-sha224-424242424242424242-None-b74ddba450a2b8a2b7f1823df22b4a1efa984071c5afcefadd72cc3f-expectation2]" file="filters/test_snmp_hash.py" line="71" time="0.309" /><testcase classname="modules.test_inventory_to_container.TestInventoryToContainer" name="test_get_containers[non_default_parent]" file="modules/test_inventory_to_container.py" line="205" time="0.032" /><testcase classname="plugins.plugin_utils.schema.test_avdschema.TestAvdSchema" name="test_avd_schema_validate_schema[TEST_SCHEMA3]" file="plugins/plugin_utils/schema/test_avdschema.py" line="87" time="0.025" /><testcase classname="modules.test_inventory_to_container.TestInventoryToContainer" name="test_isLeaf_valid_leaf" file="modules/test_inventory_to_container.py" line="120" time="0.004" /><testcase classname="filters.test_snmp_hash.TestSNMPHashFilter" name="test_localize_passphrase[testauth-sha384-424242424242424242-None-84e53e90d79c258426a67a229759cfe46058339d2d9db41e12ba29fe671ecf8085c4d45049b419ea23ae2e1fa0773bff-expectation4]" file="filters/test_snmp_hash.py" line="71" time="0.432" /><testcase classname="filters.test_snmp_hash.TestSNMPHashFilter" name="test_localize_passphrase[testpriv-sha512-424242424242424242-aes-ca5e54b5c49e7addba0046c591f8f541-expectation8]" file="filters/test_snmp_hash.py" line="71" time="0.432" /><testcase classname="plugins.plugin_utils.schema.test_avdschema.TestAvdSchema" name="test_avd_schema_validate_invalid_schema" file="plugins/plugin_utils/schema/test_avdschema.py" line="96" time="0.011" /><testcase classname="modules.test_inventory_to_container.TestInventoryToContainer" name="test_get_devices_default_search_container" file="modules/test_inventory_to_container.py" line="156" time="0.026" /><testcase classname="module_utils.test_strip_empties.TestStripEmpties" name="test_strip_empties_string[valid_string]" file="module_utils/test_strip_empties.py" line="41" time="0.005" /><testcase classname="plugins.filter.test_password" name="test_bgp_encrypt[42.42.42.42-arista-3QGcqpU2YTwKh2jVQ4Vj/A==]" file="plugins/filter/test_password.py" line="56" time="0.009" /><testcase classname="plugins.plugin_utils.schema.test_avdschema.TestAvdSchema" name="test_avd_schema_validate_without_schema[TEST_DATA0]" file="plugins/plugin_utils/schema/test_avdschema.py" line="103" time="0.012" /><testcase classname="plugins.plugin_utils.schema.test_avdschema.TestAvdSchema" name="test_avd_schema_validate_with_loaded_schema[TEST_DATA2-TEST_SCHEMA0]" file="plugins/plugin_utils/schema/test_avdschema.py" line="112" time="0.010" /><testcase classname="module_utils.test_strip_empties.TestStripEmpties" name="test_strip_empties_dict[None]" file="module_utils/test_strip_empties.py" line="59" time="0.010" /><testcase classname="plugins.filter.test_password" name="test_bgp_encrypt[AVD-TEST-arista-bM7t58t04qSqLHAfZR/Szg==]" file="plugins/filter/test_password.py" line="56" time="0.006" /><testcase classname="plugins.plugin_utils.schema.test_avdschema.TestAvdSchema" name="test_avd_schema_validate_without_schema[TEST_DATA1]" file="plugins/plugin_utils/schema/test_avdschema.py" line="103" time="0.010" /><testcase classname="plugins.plugin_utils.schema.test_avdschema.TestAvdSchema" name="test_avd_schema_validate_with_loaded_schema[TEST_DATA2-TEST_SCHEMA1]" file="plugins/plugin_utils/schema/test_avdschema.py" line="112" time="0.019" /><testcase classname="module_utils.test_utils.TestUtils" name="test_get[DATA2]" file="module_utils/test_utils.py" line="93" time="0.005" /><testcase classname="plugins.filter.test_password" name="test_bgp_decrypt_success[42.42.42.42-3QGcqpU2YTwKh2jVQ4Vj/A==-arista]" file="plugins/filter/test_password.py" line="64" time="0.005" /><testcase classname="plugins.plugin_utils.schema.test_avdschema.TestAvdSchema" name="test_avd_schema_validate_without_schema[TEST_DATA2]" file="plugins/plugin_utils/schema/test_avdschema.py" line="103" time="0.010" /><testcase classname="modules.test_configlet_build_config.TestConfigletBuildConfig" name="test_get_configlet_invalid_source" file="modules/test_configlet_build_config.py" line="50" time="0.005" /><testcase classname="plugins.plugin_utils.schema.test_avdschema.TestAvdSchema" name="test_avd_schema_validate_with_loaded_schema[TEST_DATA2-TEST_SCHEMA2]" file="plugins/plugin_utils/schema/test_avdschema.py" line="112" time="0.022" /><testcase classname="plugins.filter.test_password" name="test_bgp_decrypt_success[AVD-TEST-bM7t58t04qSqLHAfZR/Szg==-arista]" file="plugins/filter/test_password.py" line="64" time="0.021" /><testcase classname="plugins.plugin_utils.schema.test_avdschema.TestAvdSchema" name="test_avd_schema_validate_with_loaded_schema[TEST_DATA2-TEST_SCHEMA3]" file="plugins/plugin_utils/schema/test_avdschema.py" line="112" time="0.020" /><testcase classname="plugins.plugin_utils.schema.test_avdschema.TestAvdSchema" name="test_avd_schema_validate_without_schema[TEST_DATA3]" file="plugins/plugin_utils/schema/test_avdschema.py" line="103" time="0.024" /><testcase classname="modules.test_inventory_to_container.TestInventoryToContainer" name="test_isIterable_valid_iterable[DATA1]" file="modules/test_inventory_to_container.py" line="110" time="0.004" /><testcase classname="plugins.plugin_utils.schema.test_avdschema.TestAvdSchema" name="test_avd_schema_validate_with_loaded_schema[TEST_DATA3-TEST_SCHEMA0]" file="plugins/plugin_utils/schema/test_avdschema.py" line="112" time="0.009" /><testcase classname="plugins.filter.test_password" name="test_bgp_decrypt_failure[10.42.42.43-3QGcqpU2YTwKh2jVQ4Vj/A==]" file="plugins/filter/test_password.py" line="72" time="0.006" /><testcase classname="plugins.plugin_utils.schema.test_avdschema.TestAvdSchema" name="test_avd_schema_validate_with_loaded_schema[TEST_DATA0-TEST_SCHEMA0]" file="plugins/plugin_utils/schema/test_avdschema.py" line="112" time="0.010" /><testcase classname="plugins.filter.test_password" name="test_bgp_decrypt_failure[AVD-TEST-DUMMY-bM7t58t04qSqLHAfZR/Szg==]" file="plugins/filter/test_password.py" line="72" time="0.006" /><testcase classname="modules.test_inventory_to_container.TestInventoryToContainer" name="test_get_device_option_value_valid" file="modules/test_inventory_to_container.py" line="132" time="0.029" /><testcase classname="plugins.plugin_utils.schema.test_avdschema.TestAvdSchema" name="test_avd_schema_validate_with_loaded_schema[TEST_DATA3-TEST_SCHEMA1]" file="plugins/plugin_utils/schema/test_avdschema.py" line="112" time="0.025" /><testcase classname="plugins.filter.test_password" name="test_molecule_bgp_encrypt[UNDERLAY-PEERS-arista123-0nsCUm70mvSTxVO0ldytrg==]" file="plugins/filter/test_password.py" line="81" time="0.008" /><testcase classname="plugins.plugin_utils.schema.test_avdschema.TestAvdSchema" name="test_avd_schema_validate_with_loaded_schema[TEST_DATA0-TEST_SCHEMA1]" file="plugins/plugin_utils/schema/test_avdschema.py" line="112" time="0.019" /><testcase classname="plugins.filter.test_password" name="test_molecule_bgp_encrypt[UNDERLAY_PEERS-arista123-af6F4WLl4wUrWRZcwbEwkQ==]" file="plugins/filter/test_password.py" line="81" time="0.004" /><testcase classname="plugins.filter.test_password" name="test_molecule_bgp_encrypt[123.1.1.10-arista123-oBztv71m2uhR7hh58/OCNA==]" file="plugins/filter/test_password.py" line="81" time="0.005" /><testcase classname="plugins.plugin_utils.schema.test_avdschema.TestAvdSchema" name="test_avd_schema_validate_with_loaded_schema[TEST_DATA0-TEST_SCHEMA2]" file="plugins/plugin_utils/schema/test_avdschema.py" line="112" time="0.024" /><testcase classname="modules.test_inventory_to_container.TestInventoryToContainer" name="test_get_devices_preexisting_devices_with_device_filter" file="modules/test_inventory_to_container.py" line="169" time="0.047" /><testcase classname="plugins.plugin_utils.schema.test_avdschema.TestAvdSchema" name="test_avd_schema_validate_with_loaded_schema[TEST_DATA3-TEST_SCHEMA2]" file="plugins/plugin_utils/schema/test_avdschema.py" line="112" time="0.037" /><testcase classname="filters.test_snmp_hash.TestSNMPHashFilter" name="test_localize_passphrase[testpriv-sha512-424242424242424242-aes192-ca5e54b5c49e7addba0046c591f8f5417338cdc1043068ab-expectation9]" file="filters/test_snmp_hash.py" line="71" time="0.442" /><testcase classname="plugins.filter.test_password" name="test_molecule_bgp_encrypt[123.1.1.11-arista123-oBztv71m2uhR7hh58/OCNA==]" file="plugins/filter/test_password.py" line="81" time="0.013" /><testcase classname="filters.test_snmp_hash.TestSNMPHashFilter" name="test_localize_passphrase[testpriv-sha512-424242424242424242-toto-None-expectation11]" file="filters/test_snmp_hash.py" line="71" time="0.396" /><testcase classname="plugins.filter.test_password" name="test_molecule_bgp_encrypt[MPLS-IBGP-PEERS-arista123-mWV4B6WpLCfOTyKATLWuBg==]" file="plugins/filter/test_password.py" line="81" time="0.006" /><testcase classname="module_utils.test_strip_empties.TestStripEmpties" name="test_strip_empties_list[empty_string]" file="module_utils/test_strip_empties.py" line="46" time="0.004" /><testcase classname="plugins.plugin_utils.schema.test_avdschema.TestAvdSchema" name="test_avd_schema_validate_with_loaded_schema[TEST_DATA0-TEST_SCHEMA3]" file="plugins/plugin_utils/schema/test_avdschema.py" line="112" time="0.031" /><testcase classname="plugins.filter.test_password" name="test_molecule_bgp_encrypt[EVPN-OVERLAY-RS-PEERS-arista123-dRx9sULvl+hzkCMYJLEQCw==]" file="plugins/filter/test_password.py" line="81" time="0.005" /><testcase classname="plugins.plugin_utils.schema.test_avdschema.TestAvdSchema" name="test_avd_schema_validate_with_adhoc_schema[TEST_DATA2-TEST_SCHEMA2]" file="plugins/plugin_utils/schema/test_avdschema.py" line="122" time="0.039" /><testcase classname="module_utils.test_strip_empties.TestStripEmpties" name="test_strip_empties_string[valid_number]" file="module_utils/test_strip_empties.py" line="41" time="0.005" /><testcase classname="module_utils.test_strip_empties.TestStripEmpties" name="test_strip_empties_dict[empty_string]" file="module_utils/test_strip_empties.py" line="59" time="0.005" /><testcase classname="plugins.filter.test_password" name="test_molecule_bgp_encrypt[EVPN-OVERLAY-arista123-MY+KbyJy4kSu+X/blnVwsg==]" file="plugins/filter/test_password.py" line="81" time="0.008" /><testcase classname="plugins.plugin_utils.schema.test_avdschema.TestAvdSchema" name="test_avd_schema_validate_with_loaded_schema[TEST_DATA3-TEST_SCHEMA3]" file="plugins/plugin_utils/schema/test_avdschema.py" line="112" time="0.034" /><testcase classname="module_utils.test_strip_empties.TestStripEmpties" name="test_strip_empties_dict[empty_dict]" file="module_utils/test_strip_empties.py" line="59" time="0.010" /><testcase classname="plugins.filter.test_password" name="test_molecule_bgp_encrypt[IPV4-UNDERLAY-arista123-dt5J2fw8tymeDFPyoYLB3w==]" file="plugins/filter/test_password.py" line="81" time="0.005" /><testcase classname="module_utils.test_utils.TestUtils" name="test_get[DATA3]" file="module_utils/test_utils.py" line="93" time="0.005" /><testcase classname="filters.test_snmp_hash.TestSNMPHashFilter" name="test_localize_passphrase[testpriv-sha512-zzzzzzzzzzzz-toto-None-expectation12]" file="filters/test_snmp_hash.py" line="71" time="0.424" /><testcase classname="plugins.plugin_utils.schema.test_avdschema.TestAvdSchema" name="test_avd_schema_validate_with_adhoc_schema[TEST_DATA2-TEST_SCHEMA3]" file="plugins/plugin_utils/schema/test_avdschema.py" line="122" time="0.031" /><testcase classname="plugins.plugin_utils.schema.test_avdschema.TestAvdSchema" name="test_avd_schema_validate_with_loaded_schema[TEST_DATA1-TEST_SCHEMA0]" file="plugins/plugin_utils/schema/test_avdschema.py" line="112" time="0.041" /><testcase classname="plugins.filter.test_password" name="test_molecule_bgp_encrypt[IPV6-UNDERLAY-arista123-WkH9/oj4atEwv2MgOprY8A==]" file="plugins/filter/test_password.py" line="81" time="0.006" /><testcase classname="plugins.plugin_utils.schema.test_avdschema.TestAvdSchema" name="test_avd_schema_validate_with_adhoc_schema[TEST_DATA0-TEST_SCHEMA0]" file="plugins/plugin_utils/schema/test_avdschema.py" line="122" time="0.012" /><testcase classname="module_utils.test_utils.TestUtils" name="test_get[DATA5]" file="module_utils/test_utils.py" line="93" time="0.005" /><testcase classname="module_utils.test_strip_empties.TestStripEmpties" name="test_strip_empties_list[empty_list]" file="module_utils/test_strip_empties.py" line="46" time="0.005" /><testcase classname="modules.test_configlet_build_config.TestConfigletBuildConfig" name="test_get_configlet_none_prefix" file="modules/test_configlet_build_config.py" line="54" time="0.006" /><testcase classname="plugins.filter.test_password" name="test_molecule_bgp_encrypt[IPV6-UNDERLAY-MLAG-arista123-CXS0NveSYzQRmm6SRGp42w==]" file="plugins/filter/test_password.py" line="81" time="0.016" /><testcase classname="filters.test_snmp_hash.TestSNMPHashFilter" name="test_localize_passphrase[testpriv-sha512-424242424242424242-aes256-ca5e54b5c49e7addba0046c591f8f5417338cdc1043068abf8c2a7ab751f13dc-expectation10]" file="filters/test_snmp_hash.py" line="71" time="0.509" /><testcase classname="module_utils.test_strip_empties.TestStripEmpties" name="test_strip_empties_dict[None_in_nested_list]" file="module_utils/test_strip_empties.py" line="59" time="0.006" /><testcase classname="modules.test_inventory_to_container.TestInventoryToContainer" name="test_isIterable_valid_iterable[DATA2]" file="modules/test_inventory_to_container.py" line="110" time="0.006" /><testcase classname="modules.test_inventory_to_container.TestInventoryToContainer" name="test_is_in_filter_valid_hostname" file="modules/test_inventory_to_container.py" line="93" time="0.005" /><testcase classname="plugins.plugin_utils.schema.test_avdschema.TestAvdSchema" name="test_avd_schema_validate_with_loaded_schema[TEST_DATA1-TEST_SCHEMA1]" file="plugins/plugin_utils/schema/test_avdschema.py" line="112" time="0.049" /><testcase classname="plugins.plugin_utils.schema.test_avdschema.TestAvdSchema" name="test_avd_schema_validate_with_adhoc_schema[TEST_DATA0-TEST_SCHEMA1]" file="plugins/plugin_utils/schema/test_avdschema.py" line="122" time="0.030" /><testcase classname="plugins.plugin_utils.schema.test_avdschema.TestAvdSchema" name="test_avd_schema_validate_with_adhoc_schema[TEST_DATA3-TEST_SCHEMA0]" file="plugins/plugin_utils/schema/test_avdschema.py" line="122" time="0.024" /><testcase classname="module_utils.test_strip_empties.TestStripEmpties" name="test_strip_empties_list[None]" file="module_utils/test_strip_empties.py" line="46" time="0.009" /><testcase classname="modules.test_inventory_to_container.TestInventoryToContainer" name="test_isIterable_invalid_iterable[None]" file="modules/test_inventory_to_container.py" line="115" time="0.006" /><testcase classname="plugins.plugin_utils.test_bgp_utils" name="test_cbc_decrypt[42.42.42.42-3QGcqpU2YTwKh2jVQ4Vj/A==]" file="plugins/plugin_utils/test_bgp_utils.py" line="22" time="0.016" /><testcase classname="module_utils.test_utils.TestUtils" name="test_get[DATA6]" file="module_utils/test_utils.py" line="93" time="0.027" /><testcase classname="module_utils.test_strip_empties.TestStripEmpties" name="test_strip_empties_dict[empty_list]" file="module_utils/test_strip_empties.py" line="59" time="0.005" /><testcase classname="modules.test_inventory_to_container.TestInventoryToContainer" name="test_get_device_option_value_invalid" file="modules/test_inventory_to_container.py" line="138" time="0.043" /><testcase classname="plugins.plugin_utils.schema.test_avdschema.TestAvdSchema" name="test_avd_schema_validate_with_adhoc_schema[TEST_DATA0-TEST_SCHEMA2]" file="plugins/plugin_utils/schema/test_avdschema.py" line="122" time="0.034" /><testcase classname="modules.test_inventory_to_container.TestInventoryToContainer" name="test_is_in_filter_invalid_hostname" file="modules/test_inventory_to_container.py" line="97" time="0.005" /><testcase classname="plugins.plugin_utils.schema.test_avdschema.TestAvdSchema" name="test_avd_schema_validate_with_loaded_schema[TEST_DATA1-TEST_SCHEMA2]" file="plugins/plugin_utils/schema/test_avdschema.py" line="112" time="0.025" /><testcase classname="plugins.plugin_utils.test_bgp_utils" name="test_cbc_decrypt[AVD-TEST-bM7t58t04qSqLHAfZR/Szg==]" file="plugins/plugin_utils/test_bgp_utils.py" line="22" time="0.011" /><testcase classname="modules.test_inventory_to_container.TestInventoryToContainer" name="test_serialize_empty_inventory[None]" file="modules/test_inventory_to_container.py" line="173" time="0.006" /><testcase classname="modules.test_inventory_to_container.TestInventoryToContainer" name="test_get_device_option_value_empty_data" file="modules/test_inventory_to_container.py" line="148" time="0.039" /><testcase classname="module_utils.test_utils.TestUtils" name="test_get[DATA4]" file="module_utils/test_utils.py" line="93" time="0.011" /><testcase classname="plugins.plugin_utils.test_bgp_utils" name="test_cbc_check_password_success[42.42.42.42-3QGcqpU2YTwKh2jVQ4Vj/A==]" file="plugins/plugin_utils/test_bgp_utils.py" line="31" time="0.007" /><testcase classname="modules.test_inventory_to_container.TestInventoryToContainer" name="test_isIterable_invalid_iterable[0]" file="modules/test_inventory_to_container.py" line="115" time="0.015" /><testcase classname="plugins.filter.test_password" name="test_molecule_bgp_encrypt[IPV4-UNDERLAY-MLAG-arista123-46jF9S9T7v5RRceVzhrlBg==]" file="plugins/filter/test_password.py" line="81" time="0.007" /><testcase classname="plugins.plugin_utils.schema.test_avdschema.TestAvdSchema" name="test_avd_schema_validate_with_adhoc_schema[TEST_DATA0-TEST_SCHEMA3]" file="plugins/plugin_utils/schema/test_avdschema.py" line="122" time="0.044" /><testcase classname="plugins.plugin_utils.schema.test_avdschema.TestAvdSchema" name="test_avd_schema_validate_with_loaded_schema[TEST_DATA1-TEST_SCHEMA3]" file="plugins/plugin_utils/schema/test_avdschema.py" line="112" time="0.050" /><testcase classname="plugins.plugin_utils.schema.test_avdschema.TestAvdSchema" name="test_avd_schema_validate_with_adhoc_schema[TEST_DATA3-TEST_SCHEMA1]" file="plugins/plugin_utils/schema/test_avdschema.py" line="122" time="0.069" /><testcase classname="modules.test_inventory_to_container.TestInventoryToContainer" name="test_is_in_filter_default_filter" file="modules/test_inventory_to_container.py" line="89" time="0.005" /><testcase classname="modules.test_inventory_to_container.TestInventoryToContainer" name="test_serialize_parent_container[default_parent]" file="modules/test_inventory_to_container.py" line="184" time="0.043" /><testcase classname="plugins.plugin_utils.test_bgp_utils" name="test_cbc_check_password_success[AVD-TEST-bM7t58t04qSqLHAfZR/Szg==]" file="plugins/plugin_utils/test_bgp_utils.py" line="31" time="0.011" /><testcase classname="modules.test_inventory_to_container.TestInventoryToContainer" name="test_get_devices_empty_inventory" file="modules/test_inventory_to_container.py" line="152" time="0.006" /><testcase classname="plugins.plugin_utils.schema.test_avdschema.TestAvdSchema" name="test_avd_schema_validate_with_adhoc_schema[TEST_DATA1-TEST_SCHEMA0]" file="plugins/plugin_utils/schema/test_avdschema.py" line="122" time="0.014" /><testcase classname="plugins.filter.test_password" name="test_molecule_bgp_encrypt[MPLS-OVERLAY-PEERS-arista123-SHsTgDgjVUU5a9blyxSt3Q==]" file="plugins/filter/test_password.py" line="81" time="0.013" /><testcase classname="plugins.plugin_utils.test_bgp_utils" name="test_cbc_check_password_invalid_values[10.42.42.43-3QGcqpU2YTwKh2jVQ4Vj/A==]" file="plugins/plugin_utils/test_bgp_utils.py" line="40" time="0.006" /><testcase classname="modules.test_inventory_to_container.TestInventoryToContainer" name="test_isIterable_valid_iterable[string1]" file="modules/test_inventory_to_container.py" line="110" time="0.010" /><testcase classname="plugins.plugin_utils.schema.test_avdschema.TestAvdSchema" name="test_avd_schema_validate_with_adhoc_schema[TEST_DATA3-TEST_SCHEMA2]" file="plugins/plugin_utils/schema/test_avdschema.py" line="122" time="0.029" /><testcase classname="plugins.plugin_utils.schema.test_avdschema.TestAvdSchema" name="test_avd_schema_load_valid_schema[TEST_SCHEMA3]" file="plugins/plugin_utils/schema/test_avdschema.py" line="180" time="0.054" /><testcase classname="plugins.filter.test_password" name="test_molecule_bgp_encrypt[192.168.48.1-arista123-toZKiUFLVUTU4hdS5V8F4Q==]" file="plugins/filter/test_password.py" line="81" time="0.007" /><testcase classname="plugins.plugin_utils.test_bgp_utils" name="test_cbc_check_password_invalid_values[AVD-TEST-DUMMY-bM7t58t04qSqLHAfZR/Szg==]" file="plugins/plugin_utils/test_bgp_utils.py" line="40" time="0.009" /><testcase classname="plugins.plugin_utils.schema.test_avdschema.TestAvdSchema" name="test_avd_schema_is_valid_with_loaded_schema[TEST_DATA3-TEST_SCHEMA2]" file="plugins/plugin_utils/schema/test_avdschema.py" line="155" time="0.042" /><testcase classname="plugins.plugin_utils.schema.test_avdschema.TestAvdSchema" name="test_avd_schema_load_invalid_schema" file="plugins/plugin_utils/schema/test_avdschema.py" line="189" time="0.013" /><testcase classname="modules.test_inventory_to_container.TestInventoryToContainer" name="test_serialize_parent_container[non_default_parent]" file="modules/test_inventory_to_container.py" line="184" time="0.052" /><testcase classname="plugins.plugin_utils.schema.test_avdschema.TestAvdSchema" name="test_avd_schema_validate_with_adhoc_schema[TEST_DATA3-TEST_SCHEMA3]" file="plugins/plugin_utils/schema/test_avdschema.py" line="122" time="0.032" /><testcase classname="plugins.plugin_utils.schema.test_avdschema.TestAvdSchema" name="test_avd_schema_validate_with_adhoc_schema[TEST_DATA1-TEST_SCHEMA1]" file="plugins/plugin_utils/schema/test_avdschema.py" line="122" time="0.048" /><testcase classname="test.test_defined_plugin.TestModule" name="tests" file="../../plugins/test/defined.py" line="128" time="0.006" /><testcase classname="modules.test_inventory_to_container.TestInventoryToContainer" name="test_get_device_option_value_none" file="modules/test_inventory_to_container.py" line="143" time="0.050" /><testcase classname="plugins.filter.test_password" name="test_molecule_bgp_encrypt[192.168.48.3-arista123-OajzUG59/YF0NkgvOQyRnQ==]" file="plugins/filter/test_password.py" line="81" time="0.008" /><testcase classname="plugins.filter.test_password" name="test_molecule_bgp_encrypt[MLAG-PEERS-arista123-15AwQNBEJ1nyF/kBEtoAGw==]" file="plugins/filter/test_password.py" line="81" time="0.007" /><testcase classname="plugins.plugin_utils.schema.test_avdschema.TestAvdSchema" name="test_avd_schema_validate_with_invalid_adhoc_schema" file="plugins/plugin_utils/schema/test_avdschema.py" line="132" time="0.029" /><testcase classname="plugins.plugin_utils.schema.test_avdschema.TestAvdSchema" name="test_avd_schema_extend_valid_schema[TEST_SCHEMA0]" file="plugins/plugin_utils/schema/test_avdschema.py" line="194" time="0.022" /><testcase classname="test.test_defined_plugin.TestDefinedPlugin" name="test_defined_plugin_value_undefined_or_none[ab-warning-ab]" file="test/test_defined_plugin.py" line="34" time="0.005" /><testcase classname="plugins.plugin_utils.schema.test_avdschema.TestAvdSchema" name="test_avd_schema_is_valid_without_schema[TEST_DATA1]" file="plugins/plugin_utils/schema/test_avdschema.py" line="151" time="0.019" /><testcase classname="plugins.plugin_utils.schema.test_avdschema.TestAvdSchema" name="test_avd_schema_is_valid_with_loaded_schema[TEST_DATA3-TEST_SCHEMA3]" file="plugins/plugin_utils/schema/test_avdschema.py" line="155" time="0.063" /><testcase classname="plugins.plugin_utils.schema.test_avdschema.TestAvdSchema" name="test_avd_schema_validate_with_adhoc_schema[TEST_DATA1-TEST_SCHEMA2]" file="plugins/plugin_utils/schema/test_avdschema.py" line="122" time="0.048" /><testcase classname="plugins.filter.test_password" name="test_molecule_bgp_encrypt[OVERLAY-PEERS-arista123-64fqSH5CFUNLRHErezMrRg==]" file="plugins/filter/test_password.py" line="81" time="0.007" /><testcase classname="modules.test_inventory_to_container.TestInventoryToContainer" name="test_serialize_valid_inventory" file="modules/test_inventory_to_container.py" line="178" time="0.035" /><testcase classname="test.test_defined_plugin.TestDefinedPlugin" name="test_defined_plugin_value_undefined_or_none[ab-warning-None]" file="test/test_defined_plugin.py" line="34" time="0.012" /><testcase classname="plugins.plugin_utils.schema.test_avdschema.TestAvdSchema" name="test_avd_schema_is_valid_without_schema[TEST_DATA2]" file="plugins/plugin_utils/schema/test_avdschema.py" line="151" time="0.022" /><testcase classname="plugins.filter.test_password" name="test_molecule_bgp_encrypt[RR-OVERLAY-PEERS-arista123-04FdfTXWrEfpDTUc3mlSjg==]" file="plugins/filter/test_password.py" line="81" time="0.008" /><testcase classname="plugins.plugin_utils.schema.test_avdschema.TestAvdSchema" name="test_avd_schema_validate_with_invalid_data[String]" file="plugins/plugin_utils/schema/test_avdschema.py" line="139" time="0.039" /><testcase classname="plugins.plugin_utils.schema.test_avdschema.TestAvdSchema" name="test_avd_schema_is_valid_with_adhoc_schema[TEST_DATA0-TEST_SCHEMA0]" file="plugins/plugin_utils/schema/test_avdschema.py" line="160" time="0.016" /><testcase classname="test.test_defined_plugin.TestDefinedPlugin" name="test_defined_plugin_value_undefined_or_none[ab-warning-1]" file="test/test_defined_plugin.py" line="34" time="0.004" /><testcase classname="plugins.plugin_utils.schema.test_avdschema.TestAvdSchema" name="test_avd_schema_extend_valid_schema[TEST_SCHEMA1]" file="plugins/plugin_utils/schema/test_avdschema.py" line="194" time="0.031" /><testcase classname="plugins.plugin_utils.schema.test_avdschema.TestAvdSchema" name="test_avd_schema_is_valid_with_adhoc_schema[TEST_DATA3-TEST_SCHEMA3]" file="plugins/plugin_utils/schema/test_avdschema.py" line="160" time="0.044" /><testcase classname="plugins.plugin_utils.schema.test_avdschema.TestAvdSchema" name="test_avd_schema_is_valid_without_schema[TEST_DATA3]" file="plugins/plugin_utils/schema/test_avdschema.py" line="151" time="0.012" /><testcase classname="test.test_defined_plugin.TestDefinedPlugin" name="test_defined_plugin_value_undefined_or_none[ab-warning-True]" file="test/test_defined_plugin.py" line="34" time="0.005" /><testcase classname="plugins.plugin_utils.schema.test_avdschema.TestAvdSchema" name="test_avd_schema_is_valid_with_adhoc_schema[TEST_DATA0-TEST_SCHEMA1]" file="plugins/plugin_utils/schema/test_avdschema.py" line="160" time="0.027" /><testcase classname="plugins.plugin_utils.schema.test_avdschema.TestAvdSchema" name="test_avd_schema_validate_with_adhoc_schema[TEST_DATA1-TEST_SCHEMA3]" file="plugins/plugin_utils/schema/test_avdschema.py" line="122" time="0.056" /><testcase classname="plugins.plugin_utils.schema.test_avdschema.TestAvdSchema" name="test_avd_schema_is_valid_with_invalid_adhoc_schema" file="plugins/plugin_utils/schema/test_avdschema.py" line="165" time="0.013" /><testcase classname="plugins.filter.test_password" name="test_molecule_bgp_encrypt[MLAG_PEER-arista123-arwUnrq9ydqIhjfTwRhAlg==]" file="plugins/filter/test_password.py" line="81" time="0.031" /><testcase classname="plugins.plugin_utils.schema.test_avdschema.TestAvdSchema" name="test_avd_schema_extend_valid_schema[TEST_SCHEMA2]" file="plugins/plugin_utils/schema/test_avdschema.py" line="194" time="0.036" /><testcase classname="test.test_defined_plugin.TestDefinedPlugin" name="test_defined_plugin_value_undefined_or_none[ab-warning-VALUE4]" file="test/test_defined_plugin.py" line="34" time="0.013" /><testcase classname="plugins.plugin_utils.schema.test_avdschema.TestAvdSchema" name="test_avd_schema_is_valid_with_loaded_schema[TEST_DATA0-TEST_SCHEMA0]" file="plugins/plugin_utils/schema/test_avdschema.py" line="155" time="0.017" /><testcase classname="plugins.plugin_utils.schema.test_avdschema.TestAvdSchema" name="test_avd_schema_validate_with_invalid_data[None]" file="plugins/plugin_utils/schema/test_avdschema.py" line="139" time="0.074" /><testcase classname="plugins.plugin_utils.schema.test_avdschema.TestAvdSchema" name="test_avd_schema_validate_with_adhoc_schema[TEST_DATA2-TEST_SCHEMA0]" file="plugins/plugin_utils/schema/test_avdschema.py" line="122" time="0.019" /><testcase classname="plugins.filter.test_password" name="test_encrypt[Missing Type]" file="plugins/filter/test_password.py" line="92" time="0.011" /><testcase classname="plugins.plugin_utils.schema.test_avdschema.TestAvdSchema" name="test_avd_schema_is_valid_with_adhoc_schema[TEST_DATA0-TEST_SCHEMA2]" file="plugins/plugin_utils/schema/test_avdschema.py" line="160" time="0.035" /><testcase classname="test.test_defined_plugin.TestDefinedPlugin" name="test_defined_plugin_value_undefined_or_none[ab-error-ab]" file="test/test_defined_plugin.py" line="34" time="0.005" /><testcase classname="plugins.plugin_utils.schema.test_avdschema.TestAvdSchema" name="test_avd_schema_is_valid_with_loaded_schema[TEST_DATA0-TEST_SCHEMA1]" file="plugins/plugin_utils/schema/test_avdschema.py" line="155" time="0.022" /><testcase classname="plugins.plugin_utils.schema.test_avdschema.TestAvdSchema" name="test_avd_schema_is_valid_with_invalid_data[String]" file="plugins/plugin_utils/schema/test_avdschema.py" line="169" time="0.049" /><testcase classname="plugins.filter.test_password" name="test_encrypt[Wrong Type]" file="plugins/filter/test_password.py" line="92" time="0.006" /><testcase classname="plugins.plugin_utils.schema.test_avdschema.TestAvdSchema" name="test_avd_schema_validate_with_invalid_data[INVALID_DATA2]" file="plugins/plugin_utils/schema/test_avdschema.py" line="139" time="0.040" /><testcase classname="test.test_defined_plugin.TestDefinedPlugin" name="test_defined_plugin_value_undefined_or_none[ab-error-None]" file="test/test_defined_plugin.py" line="34" time="0.009" /><testcase classname="plugins.plugin_utils.schema.test_avdschema.TestAvdSchema" name="test_avd_schema_is_valid_with_loaded_schema[TEST_DATA0-TEST_SCHEMA2]" file="plugins/plugin_utils/schema/test_avdschema.py" line="155" time="0.019" /><testcase classname="test.test_defined_plugin.TestDefinedPlugin" name="test_defined_plugin_value_undefined_or_none[ab-error-1]" file="test/test_defined_plugin.py" line="34" time="0.004" /><testcase classname="plugins.plugin_utils.schema.test_avdschema.TestAvdSchema" name="test_avd_schema_extend_valid_schema[TEST_SCHEMA3]" file="plugins/plugin_utils/schema/test_avdschema.py" line="194" time="0.092" /><testcase classname="plugins.plugin_utils.schema.test_avdschema.TestAvdSchema" name="test_avd_schema_is_valid_with_adhoc_schema[TEST_DATA0-TEST_SCHEMA3]" file="plugins/plugin_utils/schema/test_avdschema.py" line="160" time="0.044" /><testcase classname="plugins.plugin_utils.schema.test_avdschema.TestAvdSchema" name="test_avd_schema_validate_with_adhoc_schema[TEST_DATA2-TEST_SCHEMA1]" file="plugins/plugin_utils/schema/test_avdschema.py" line="122" time="0.058" /><testcase classname="plugins.plugin_utils.schema.test_avdschema.TestAvdSchema" name="test_avd_schema_validate_with_invalid_data[INVALID_DATA3]" file="plugins/plugin_utils/schema/test_avdschema.py" line="139" time="0.029" /><testcase classname="plugins.filter.test_password" name="test_encrypt[Implemented Type]" file="plugins/filter/test_password.py" line="92" time="0.014" /><testcase classname="test.test_defined_plugin.TestDefinedPlugin" name="test_defined_plugin_value_undefined_or_none[1-warning-True]" file="test/test_defined_plugin.py" line="34" time="0.005" /><testcase classname="plugins.plugin_utils.schema.test_avdschema.TestAvdSchema" name="test_avd_schema_is_valid_with_loaded_schema[TEST_DATA0-TEST_SCHEMA3]" file="plugins/plugin_utils/schema/test_avdschema.py" line="155" time="0.029" /><testcase classname="test.test_defined_plugin.TestDefinedPlugin" name="test_defined_plugin_value_undefined_or_none[ab-error-True]" file="test/test_defined_plugin.py" line="34" time="0.009" /><testcase classname="plugins.plugin_utils.schema.test_avdschema.TestAvdSchema" name="test_avd_schema_is_valid_with_invalid_data[None]" file="plugins/plugin_utils/schema/test_avdschema.py" line="169" time="0.051" /><testcase classname="plugins.filter.test_password" name="test_encrypt[Password in not a string]" file="plugins/filter/test_password.py" line="92" time="0.006" /><testcase classname="plugins.plugin_utils.schema.test_avdschema.TestAvdSchema" name="test_avd_schema_extend_invalid_schema" file="plugins/plugin_utils/schema/test_avdschema.py" line="206" time="0.025" /><testcase classname="test.test_defined_plugin.TestDefinedPlugin" name="test_defined_plugin_value_undefined_or_none[1-warning-VALUE4]" file="test/test_defined_plugin.py" line="34" time="0.005" /><testcase classname="plugins.plugin_utils.schema.test_avdschema.TestAvdSchema" name="test_avd_schema_is_valid_with_adhoc_schema[TEST_DATA1-TEST_SCHEMA0]" file="plugins/plugin_utils/schema/test_avdschema.py" line="160" time="0.039" /><testcase classname="plugins.plugin_utils.schema.test_avdschema.TestAvdSchema" name="test_avd_schema_is_valid_with_loaded_schema[TEST_DATA1-TEST_SCHEMA0]" file="plugins/plugin_utils/schema/test_avdschema.py" line="155" time="0.013" /><testcase classname="plugins.plugin_utils.schema.test_avdschema.TestAvdSchema" name="test_avd_schema_validate_with_invalid_data[INVALID_DATA4]" file="plugins/plugin_utils/schema/test_avdschema.py" line="139" time="0.039" /><testcase classname="test.test_defined_plugin.TestDefinedPlugin" name="test_defined_plugin_value_undefined_or_none[ab-error-VALUE4]" file="test/test_defined_plugin.py" line="34" time="0.013" /><testcase classname="test.test_defined_plugin.TestDefinedPlugin" name="test_defined_plugin_value_undefined_or_none[1-error-ab]" file="test/test_defined_plugin.py" line="34" time="0.005" /><testcase classname="plugins.filter.test_password" name="test_decrypt[Missing Type]" file="plugins/filter/test_password.py" line="109" time="0.013" /><testcase classname="test.test_defined_plugin.TestDefinedPlugin" name="test_defined_plugin_value_undefined_or_none[None-warning-ab]" file="test/test_defined_plugin.py" line="34" time="0.005" /><testcase classname="plugins.plugin_utils.schema.test_avdschema.TestAvdSchema" name="test_avd_schema_is_valid_with_adhoc_schema[TEST_DATA1-TEST_SCHEMA1]" file="plugins/plugin_utils/schema/test_avdschema.py" line="160" time="0.025" /><testcase classname="plugins.plugin_utils.schema.test_avdschema.TestAvdSchema" name="test_avd_schema_subschema_with_adhoc_schema[TEST_PATH0]" file="plugins/plugin_utils/schema/test_avdschema.py" line="211" time="0.044" /><testcase classname="plugins.plugin_utils.schema.test_avdschema.TestAvdSchema" name="test_avd_schema_is_valid_with_loaded_schema[TEST_DATA1-TEST_SCHEMA1]" file="plugins/plugin_utils/schema/test_avdschema.py" line="155" time="0.043" /><testcase classname="plugins.plugin_utils.schema.test_avdschema.TestAvdSchema" name="test_avd_schema_is_valid_with_invalid_data[INVALID_DATA2]" file="plugins/plugin_utils/schema/test_avdschema.py" line="169" time="0.053" /><testcase classname="test.test_defined_plugin.TestDefinedPlugin" name="test_defined_plugin_value_undefined_or_none[1-error-None]" file="test/test_defined_plugin.py" line="34" time="0.007" /><testcase classname="plugins.plugin_utils.schema.test_avdschema.TestAvdSchema" name="test_avd_schema_validate_with_invalid_data[INVALID_DATA5]" file="plugins/plugin_utils/schema/test_avdschema.py" line="139" time="0.036" /><testcase classname="plugins.filter.test_password" name="test_decrypt[Wrong Type]" file="plugins/filter/test_password.py" line="109" time="0.014" /><testcase classname="test.test_defined_plugin.TestDefinedPlugin" name="test_defined_plugin_value_undefined_or_none[None-warning-None]" file="test/test_defined_plugin.py" line="34" time="0.015" /><testcase classname="test.test_defined_plugin.TestDefinedPlugin" name="test_defined_plugin_value_undefined_or_none[1-error-1]" file="test/test_defined_plugin.py" line="34" time="0.007" /><testcase classname="plugins.plugin_utils.schema.test_avdschema.TestAvdSchema" name="test_avd_schema_is_valid_with_adhoc_schema[TEST_DATA1-TEST_SCHEMA2]" file="plugins/plugin_utils/schema/test_avdschema.py" line="160" time="0.032" /><testcase classname="plugins.plugin_utils.schema.test_avdschema.TestAvdSchema" name="test_avd_schema_is_valid_with_loaded_schema[TEST_DATA1-TEST_SCHEMA2]" file="plugins/plugin_utils/schema/test_avdschema.py" line="155" time="0.030" /><testcase classname="plugins.filter.test_password" name="test_decrypt[Implemented Type]" file="plugins/filter/test_password.py" line="109" time="0.011" /><testcase classname="test.test_defined_plugin.TestDefinedPlugin" name="test_defined_plugin_value_undefined_or_none[None-warning-1]" file="test/test_defined_plugin.py" line="34" time="0.005" /><testcase classname="plugins.plugin_utils.schema.test_avdschema.TestAvdSchema" name="test_avd_schema_subschema_with_adhoc_schema[TEST_PATH1]" file="plugins/plugin_utils/schema/test_avdschema.py" line="211" time="0.047" /><testcase classname="plugins.plugin_utils.schema.test_avdschema.TestAvdSchema" name="test_avd_schema_validate_with_invalid_data[INVALID_DATA6]" file="plugins/plugin_utils/schema/test_avdschema.py" line="139" time="0.029" /><testcase classname="test.test_defined_plugin.TestDefinedPlugin" name="test_defined_plugin_value_undefined_or_none[1-error-True]" file="test/test_defined_plugin.py" line="34" time="0.009" /><testcase classname="plugins.plugin_utils.schema.test_avdschema.TestAvdSchema" name="test_avd_schema_is_valid_with_invalid_data[INVALID_DATA3]" file="plugins/plugin_utils/schema/test_avdschema.py" line="169" time="0.060" /><testcase classname="test.test_defined_plugin.TestDefinedPlugin" name="test_defined_plugin_value_undefined_or_none[None-warning-True]" file="test/test_defined_plugin.py" line="34" time="0.005" /><testcase classname="plugins.filter.test_password" name="test_password_module" file="plugins/filter/test_password.py" line="125" time="0.003" /><testcase classname="plugins.plugin_utils.schema.test_avdschema.TestAvdSchema" name="test_avd_schema_is_valid_with_loaded_schema[TEST_DATA1-TEST_SCHEMA3]" file="plugins/plugin_utils/schema/test_avdschema.py" line="155" time="0.036" /><testcase classname="plugins.plugin_utils.schema.test_avdschema.TestAvdSchema" name="test_avd_schema_is_valid_with_adhoc_schema[TEST_DATA1-TEST_SCHEMA3]" file="plugins/plugin_utils/schema/test_avdschema.py" line="160" time="0.039" /><testcase classname="test.test_defined_plugin.TestDefinedPlugin" name="test_defined_plugin_value_undefined_or_none[1-error-VALUE4]" file="test/test_defined_plugin.py" line="34" time="0.006" /><testcase classname="plugins.plugin_utils.schema.test_avdschema.TestAvdSchema" name="test_avd_schema_subschema_with_adhoc_schema[TEST_PATH2]" file="plugins/plugin_utils/schema/test_avdschema.py" line="211" time="0.044" /><testcase classname="plugins.plugin_utils.schema.test_avdschema.TestAvdSchema" name="test_avd_schema_init_without_schema" file="plugins/plugin_utils/schema/test_avdschema.py" line="72" time="0.011" /><testcase classname="plugins.plugin_utils.schema.test_avdschema.TestAvdSchema" name="test_avd_schema_validate_with_invalid_data[INVALID_DATA7]" file="plugins/plugin_utils/schema/test_avdschema.py" line="139" time="0.037" /><testcase classname="test.test_defined_plugin.TestDefinedPlugin" name="test_defined_plugin_value_undefined_or_none[None-warning-VALUE4]" file="test/test_defined_plugin.py" line="34" time="0.013" /><testcase classname="plugins.plugin_utils.schema.test_avdschema.TestAvdSchema" name="test_avd_schema_is_valid_with_loaded_schema[TEST_DATA2-TEST_SCHEMA0]" file="plugins/plugin_utils/schema/test_avdschema.py" line="155" time="0.015" /><testcase classname="plugins.plugin_utils.schema.test_avdschema.TestAvdSchema" name="test_avd_schema_is_valid_with_adhoc_schema[TEST_DATA2-TEST_SCHEMA0]" file="plugins/plugin_utils/schema/test_avdschema.py" line="160" time="0.013" /><testcase classname="plugins.plugin_utils.schema.test_avdschema.TestAvdSchema" name="test_avd_schema_is_valid_with_invalid_data[INVALID_DATA4]" file="plugins/plugin_utils/schema/test_avdschema.py" line="169" time="0.054" /><testcase classname="plugins.plugin_utils.schema.test_avdschema.TestAvdSchema" name="test_avd_schema_init_with_schema[TEST_SCHEMA0]" file="plugins/plugin_utils/schema/test_avdschema.py" line="77" time="0.017" /><testcase classname="test.test_defined_plugin.TestDefinedPlugin" name="test_defined_plugin_value_not_none_and_define[ab]" file="test/test_defined_plugin.py" line="54" time="0.016" /><testcase classname="test.test_defined_plugin.TestDefinedPlugin" name="test_defined_plugin_value_undefined_or_none[None-error-ab]" file="test/test_defined_plugin.py" line="34" time="0.015" /><testcase classname="plugins.plugin_utils.schema.test_avdschema.TestAvdSchema" name="test_avd_schema_validate_with_invalid_data[INVALID_DATA8]" file="plugins/plugin_utils/schema/test_avdschema.py" line="139" time="0.033" /><testcase classname="plugins.plugin_utils.schema.test_avdschema.TestAvdSchema" name="test_avd_schema_is_valid_with_invalid_data[INVALID_DATA5]" file="plugins/plugin_utils/schema/test_avdschema.py" line="169" time="0.028" /><testcase classname="test.test_defined_plugin.TestDefinedPlugin" name="test_defined_plugin_value_not_none_and_define[None]" file="test/test_defined_plugin.py" line="54" time="0.005" /><testcase classname="plugins.plugin_utils.schema.test_avdschema.TestAvdSchema" name="test_avd_schema_subschema_with_loaded_schema[TEST_PATH0]" file="plugins/plugin_utils/schema/test_avdschema.py" line="223" time="0.066" /><testcase classname="plugins.plugin_utils.schema.test_avdschema.TestAvdSchema" name="test_avd_schema_is_valid_with_adhoc_schema[TEST_DATA2-TEST_SCHEMA1]" file="plugins/plugin_utils/schema/test_avdschema.py" line="160" time="0.022" /><testcase classname="test.test_defined_plugin.TestDefinedPlugin" name="test_defined_plugin_value_undefined_or_none[None-error-None]" file="test/test_defined_plugin.py" line="34" time="0.006" /><testcase classname="plugins.plugin_utils.schema.test_avdschema.TestAvdSchema" name="test_avd_schema_is_valid_with_loaded_schema[TEST_DATA2-TEST_SCHEMA1]" file="plugins/plugin_utils/schema/test_avdschema.py" line="155" time="0.024" /><testcase classname="plugins.plugin_utils.schema.test_avdschema.TestAvdSchema" name="test_avd_schema_init_with_schema[TEST_SCHEMA1]" file="plugins/plugin_utils/schema/test_avdschema.py" line="77" time="0.026" /><testcase classname="test.test_defined_plugin.TestDefinedPlugin" name="test_defined_plugin_value_undefined_or_none[None-error-1]" file="test/test_defined_plugin.py" line="34" time="0.006" /><testcase classname="plugins.plugin_utils.schema.test_avdschema.TestAvdSchema" name="test_avd_schema_validate_with_missing_data" file="plugins/plugin_utils/schema/test_avdschema.py" line="147" time="0.016" /><testcase classname="test.test_defined_plugin.TestDefinedPlugin" name="test_defined_plugin_value_not_none_and_define[1]" file="test/test_defined_plugin.py" line="54" time="0.006" /><testcase classname="plugins.plugin_utils.schema.test_avdschema.TestAvdSchema" name="test_avd_schema_is_valid_with_loaded_schema[TEST_DATA2-TEST_SCHEMA2]" file="plugins/plugin_utils/schema/test_avdschema.py" line="155" time="0.026" /><testcase classname="plugins.plugin_utils.schema.test_avdschema.TestAvdSchema" name="test_avd_schema_is_valid_with_invalid_data[INVALID_DATA6]" file="plugins/plugin_utils/schema/test_avdschema.py" line="169" time="0.038" /><testcase classname="test.test_defined_plugin.TestDefinedPlugin" name="test_defined_plugin_value_undefined_or_none[None-error-True]" file="test/test_defined_plugin.py" line="34" time="0.005" /><testcase classname="plugins.plugin_utils.schema.test_avdschema.TestAvdSchema" name="test_avd_schema_subschema_with_loaded_schema[TEST_PATH1]" file="plugins/plugin_utils/schema/test_avdschema.py" line="223" time="0.058" /><testcase classname="test.test_defined_plugin.TestDefinedPlugin" name="test_defined_plugin_value_not_none_and_define[True]" file="test/test_defined_plugin.py" line="54" time="0.015" /><testcase classname="plugins.plugin_utils.schema.test_avdschema.TestAvdSchema" name="test_avd_schema_is_valid_with_adhoc_schema[TEST_DATA2-TEST_SCHEMA2]" file="plugins/plugin_utils/schema/test_avdschema.py" line="160" time="0.055" /><testcase classname="plugins.plugin_utils.schema.test_avdschema.TestAvdSchema" name="test_avd_schema_init_with_schema[TEST_SCHEMA2]" file="plugins/plugin_utils/schema/test_avdschema.py" line="77" time="0.040" /><testcase classname="plugins.plugin_utils.schema.test_avdschema.TestAvdSchema" name="test_avd_schema_is_valid_with_loaded_schema[TEST_DATA2-TEST_SCHEMA3]" file="plugins/plugin_utils/schema/test_avdschema.py" line="155" time="0.036" /><testcase classname="plugins.plugin_utils.schema.test_avdschema.TestAvdSchema" name="test_avd_schema_is_valid_without_schema[TEST_DATA0]" file="plugins/plugin_utils/schema/test_avdschema.py" line="151" time="0.041" /><testcase classname="test.test_defined_plugin.TestDefinedPlugin" name="test_defined_plugin_value_undefined_or_none[None-error-VALUE4]" file="test/test_defined_plugin.py" line="34" time="0.004" /><testcase classname="plugins.plugin_utils.schema.test_avdschema.TestAvdSchema" name="test_avd_schema_is_valid_with_invalid_data[INVALID_DATA7]" file="plugins/plugin_utils/schema/test_avdschema.py" line="169" time="0.036" /><testcase classname="test.test_defined_plugin.TestDefinedPlugin" name="test_defined_plugin_value_not_none_and_define[VALUE4]" file="test/test_defined_plugin.py" line="54" time="0.004" /><testcase classname="test.test_defined_plugin.TestDefinedPlugin" name="test_defined_plugin_test_value_not_none[None-1-error-VALUE4]" file="test/test_defined_plugin.py" line="60" time="0.006" /><testcase classname="test.test_defined_plugin.TestDefinedPlugin" name="test_defined_plugin_value_undefined_or_none[1-warning-ab]" file="test/test_defined_plugin.py" line="34" time="0.009" /><testcase classname="plugins.plugin_utils.schema.test_avdschema.TestAvdSchema" name="test_avd_schema_is_valid_with_loaded_schema[TEST_DATA3-TEST_SCHEMA0]" file="plugins/plugin_utils/schema/test_avdschema.py" line="155" time="0.015" /><testcase classname="test.test_defined_plugin.TestDefinedPlugin" name="test_defined_plugin_test_value_not_none[None-ab-warning-1]" file="test/test_defined_plugin.py" line="60" time="0.010" /><testcase classname="test.test_defined_plugin.TestDefinedPlugin" name="test_defined_plugin_test_value_not_none[None-ab-warning-ab]" file="test/test_defined_plugin.py" line="60" time="0.005" /><testcase classname="plugins.plugin_utils.schema.test_avdschema.TestAvdSchema" name="test_avd_schema_is_valid_with_invalid_data[INVALID_DATA8]" file="plugins/plugin_utils/schema/test_avdschema.py" line="169" time="0.036" /><testcase classname="test.test_defined_plugin.TestDefinedPlugin" name="test_defined_plugin_value_undefined_or_none[1-warning-None]" file="test/test_defined_plugin.py" line="34" time="0.012" /><testcase classname="test.test_defined_plugin.TestDefinedPlugin" name="test_defined_plugin_test_value_not_none[None-ab-warning-True]" file="test/test_defined_plugin.py" line="60" time="0.011" /><testcase classname="test.test_defined_plugin.TestDefinedPlugin" name="test_defined_plugin_test_value_not_none[None-ab-warning-None]" file="test/test_defined_plugin.py" line="60" time="0.010" /><testcase classname="test.test_defined_plugin.TestDefinedPlugin" name="test_defined_plugin_test_value_not_none[ab-ab-warning-ab]" file="test/test_defined_plugin.py" line="60" time="0.026" /><testcase classname="plugins.plugin_utils.schema.test_avdschema.TestAvdSchema" name="test_avd_schema_subschema_with_loaded_schema[TEST_PATH2]" file="plugins/plugin_utils/schema/test_avdschema.py" line="223" time="0.080" /><testcase classname="plugins.plugin_utils.schema.test_avdschema.TestAvdSchema" name="test_avd_schema_is_valid_with_adhoc_schema[TEST_DATA2-TEST_SCHEMA3]" file="plugins/plugin_utils/schema/test_avdschema.py" line="160" time="0.111" /><testcase classname="plugins.plugin_utils.schema.test_avdschema.TestAvdSchema" name="test_avd_schema_is_valid_with_missing_data" file="plugins/plugin_utils/schema/test_avdschema.py" line="173" time="0.024" /><testcase classname="plugins.plugin_utils.schema.test_avdschema.TestAvdSchema" name="test_avd_schema_is_valid_with_loaded_schema[TEST_DATA3-TEST_SCHEMA1]" file="plugins/plugin_utils/schema/test_avdschema.py" line="155" time="0.040" /><testcase classname="test.test_defined_plugin.TestDefinedPlugin" name="test_defined_plugin_value_unde
[...]
est.test_defined_plugin.TestDefinedPlugin" name="test_defined_plugin_var_type[dict-ab-error-VALUE4]" file="test/test_defined_plugin.py" line="79" time="0.008" /><testcase classname="test.test_defined_plugin.TestDefinedPlugin" name="test_defined_plugin_var_type[dict-None-warning-1]" file="test/test_defined_plugin.py" line="79" time="0.005" /><testcase classname="test.test_defined_plugin.TestDefinedPlugin" name="test_defined_plugin_var_type[None-1-warning-None]" file="test/test_defined_plugin.py" line="79" time="0.005" /><testcase classname="test.test_defined_plugin.TestDefinedPlugin" name="test_defined_plugin_var_type[None-None-error-1]" file="test/test_defined_plugin.py" line="79" time="0.006" /><testcase classname="test.test_defined_plugin.TestDefinedPlugin" name="test_defined_plugin_var_type[dict-None-error-None]" file="test/test_defined_plugin.py" line="79" time="0.012" /><testcase classname="test.test_defined_plugin.TestDefinedPlugin" name="test_defined_plugin_var_type[None-1-error-ab]" file="test/test_defined_plugin.py" line="79" time="0.005" /><testcase classname="test.test_defined_plugin.TestDefinedPlugin" name="test_defined_plugin_var_type[dict-ab-warning-None]" file="test/test_defined_plugin.py" line="79" time="0.006" /><testcase classname="test.test_defined_plugin.TestDefinedPlugin" name="test_defined_plugin_var_type[dict-None-warning-True]" file="test/test_defined_plugin.py" line="79" time="0.010" /><testcase classname="test.test_defined_plugin.TestDefinedPlugin" name="test_defined_plugin_var_type[dict-None-warning-ab]" file="test/test_defined_plugin.py" line="79" time="0.005" /><testcase classname="test.test_defined_plugin.TestDefinedPlugin" name="test_defined_plugin_var_type[dict-ab-error-None]" file="test/test_defined_plugin.py" line="79" time="0.006" /><testcase classname="test.test_defined_plugin.TestDefinedPlugin" name="test_defined_plugin_var_type[dict-None-error-VALUE4]" file="test/test_defined_plugin.py" line="79" time="0.008" /><testcase classname="test.test_defined_plugin.TestDefinedPlugin" name="test_defined_plugin_var_type[dict-1-error-1]" file="test/test_defined_plugin.py" line="79" time="0.006" /><testcase classname="test.test_defined_plugin.TestDefinedPlugin" name="test_defined_plugin_var_type[dict-None-error-1]" file="test/test_defined_plugin.py" line="79" time="0.014" /><testcase classname="test.test_defined_plugin.TestDefinedPlugin" name="test_defined_plugin_var_type[dict-1-warning-True]" file="test/test_defined_plugin.py" line="79" time="0.005" /><testcase classname="test.test_defined_plugin.TestDefinedPlugin" name="test_defined_plugin_var_type[None-1-error-None]" file="test/test_defined_plugin.py" line="79" time="0.012" /><testcase classname="test.test_defined_plugin.TestDefinedPlugin" name="test_defined_plugin_var_type[dict-None-warning-VALUE4]" file="test/test_defined_plugin.py" line="79" time="0.005" /><testcase classname="test.test_defined_plugin.TestDefinedPlugin" name="test_defined_plugin_var_type[None-1-warning-1]" file="test/test_defined_plugin.py" line="79" time="0.015" /><testcase classname="test.test_defined_plugin.TestDefinedPlugin" name="test_defined_plugin_var_type[dict-ab-warning-1]" file="test/test_defined_plugin.py" line="79" time="0.008" /><testcase classname="test.test_defined_plugin.TestDefinedPlugin" name="test_defined_plugin_var_type[dict-1-warning-ab]" file="test/test_defined_plugin.py" line="79" time="0.006" /><testcase classname="test.test_defined_plugin.TestDefinedPlugin" name="test_defined_plugin_var_type[dict-1-warning-VALUE4]" file="test/test_defined_plugin.py" line="79" time="0.006" /><testcase classname="test.test_defined_plugin.TestDefinedPlugin" name="test_defined_plugin_fail_action_None[None-None-VALUE4]" file="test/test_defined_plugin.py" line="100" time="0.006" /><testcase classname="test.test_defined_plugin.TestDefinedPlugin" name="test_defined_plugin_fail_action_None[None-ab-1]" file="test/test_defined_plugin.py" line="100" time="0.012" /><testcase classname="test.test_defined_plugin.TestDefinedPlugin" name="test_defined_plugin_fail_action_None[None-None-None]" file="test/test_defined_plugin.py" line="100" time="0.005" /><testcase classname="test.test_defined_plugin.TestDefinedPlugin" name="test_defined_plugin_var_type[dict-1-error-True]" file="test/test_defined_plugin.py" line="79" time="0.008" /><testcase classname="test.test_defined_plugin.TestDefinedPlugin" name="test_defined_plugin_var_type[None-1-error-1]" file="test/test_defined_plugin.py" line="79" time="0.013" /><testcase classname="test.test_defined_plugin.TestDefinedPlugin" name="test_defined_plugin_fail_action_None[None-ab-ab]" file="test/test_defined_plugin.py" line="100" time="0.013" /><testcase classname="test.test_defined_plugin.TestDefinedPlugin" name="test_defined_plugin_var_type[dict-None-error-True]" file="test/test_defined_plugin.py" line="79" time="0.006" /><testcase classname="test.test_defined_plugin.TestDefinedPlugin" name="test_defined_plugin_fail_action_None[None-None-1]" file="test/test_defined_plugin.py" line="100" time="0.007" /><testcase classname="test.test_defined_plugin.TestDefinedPlugin" name="test_defined_plugin_fail_action_None[None-ab-True]" file="test/test_defined_plugin.py" line="100" time="0.009" /><testcase classname="test.test_defined_plugin.TestDefinedPlugin" name="test_defined_plugin_var_type[dict-1-warning-None]" file="test/test_defined_plugin.py" line="79" time="0.009" /><testcase classname="test.test_defined_plugin.TestDefinedPlugin" name="test_defined_plugin_var_type[dict-1-error-ab]" file="test/test_defined_plugin.py" line="79" time="0.016" /><testcase classname="test.test_defined_plugin.TestDefinedPlugin" name="test_defined_plugin_var_type[dict-1-error-VALUE4]" file="test/test_defined_plugin.py" line="79" time="0.005" /><testcase classname="test.test_defined_plugin.TestDefinedPlugin" name="test_defined_plugin_fail_action_None[None-True0-True]" file="test/test_defined_plugin.py" line="100" time="0.006" /><testcase classname="test.test_defined_plugin.TestDefinedPlugin" name="test_defined_plugin_fail_action_None[None-ab-None]" file="test/test_defined_plugin.py" line="100" time="0.005" /><testcase classname="test.test_defined_plugin.TestDefinedPlugin" name="test_defined_plugin_fail_action_None[None-True0-ab]" file="test/test_defined_plugin.py" line="100" time="0.006" /><testcase classname="test.test_defined_plugin.TestDefinedPlugin" name="test_defined_plugin_fail_action_None[None-None-True]" file="test/test_defined_plugin.py" line="100" time="0.005" /><testcase classname="test.test_defined_plugin.TestDefinedPlugin" name="test_defined_plugin_fail_action_None[None-ab-VALUE4]" file="test/test_defined_plugin.py" line="100" time="0.006" /><testcase classname="test.test_defined_plugin.TestDefinedPlugin" name="test_defined_plugin_var_type[dict-1-warning-1]" file="test/test_defined_plugin.py" line="79" time="0.006" /><testcase classname="test.test_defined_plugin.TestDefinedPlugin" name="test_defined_plugin_fail_action_None[None-True0-VALUE4]" file="test/test_defined_plugin.py" line="100" time="0.005" /><testcase classname="test.test_defined_plugin.TestDefinedPlugin" name="test_defined_plugin_fail_action_None[None-None-ab]" file="test/test_defined_plugin.py" line="100" time="0.005" /><testcase classname="test.test_defined_plugin.TestDefinedPlugin" name="test_defined_plugin_fail_action_None[None-1-None]" file="test/test_defined_plugin.py" line="100" time="0.005" /><testcase classname="test.test_defined_plugin.TestDefinedPlugin" name="test_defined_plugin_fail_action_None[None-True1-True]" file="test/test_defined_plugin.py" line="100" time="0.005" /><testcase classname="test.test_defined_plugin.TestDefinedPlugin" name="test_defined_plugin_fail_action_None[None-True1-None]" file="test/test_defined_plugin.py" line="100" time="0.014" /><testcase classname="test.test_defined_plugin.TestDefinedPlugin" name="test_defined_plugin_fail_action_None[None-True0-None]" file="test/test_defined_plugin.py" line="100" time="0.005" /><testcase classname="test.test_defined_plugin.TestDefinedPlugin" name="test_defined_plugin_var_type[dict-1-error-None]" file="test/test_defined_plugin.py" line="79" time="0.006" /><testcase classname="test.test_defined_plugin.TestDefinedPlugin" name="test_defined_plugin_fail_action_None[aaaa-None-ab]" file="test/test_defined_plugin.py" line="100" time="0.005" /><testcase classname="test.test_defined_plugin.TestDefinedPlugin" name="test_defined_plugin_fail_action_None[None-1-VALUE4]" file="test/test_defined_plugin.py" line="100" time="0.005" /><testcase classname="test.test_defined_plugin.TestDefinedPlugin" name="test_defined_plugin_fail_action_None[None-1-1]" file="test/test_defined_plugin.py" line="100" time="0.008" /><testcase classname="test.test_defined_plugin.TestDefinedPlugin" name="test_defined_plugin_fail_action_None[None-1-ab]" file="test/test_defined_plugin.py" line="100" time="0.005" /><testcase classname="test.test_defined_plugin.TestDefinedPlugin" name="test_defined_plugin_fail_action_None[aaaa-None-1]" file="test/test_defined_plugin.py" line="100" time="0.005" /><testcase classname="test.test_defined_plugin.TestDefinedPlugin" name="test_defined_plugin_fail_action_None[None-True0-1]" file="test/test_defined_plugin.py" line="100" time="0.010" /><testcase classname="test.test_defined_plugin.TestDefinedPlugin" name="test_defined_plugin_fail_action_None[None-1-True]" file="test/test_defined_plugin.py" line="100" time="0.005" /><testcase classname="test.test_defined_plugin.TestDefinedPlugin" name="test_defined_plugin_fail_action_None[None-True1-VALUE4]" file="test/test_defined_plugin.py" line="100" time="0.007" /><testcase classname="test.test_defined_plugin.TestDefinedPlugin" name="test_defined_plugin_fail_action_None[aaaa-None-VALUE4]" file="test/test_defined_plugin.py" line="100" time="0.004" /><testcase classname="test.test_defined_plugin.TestDefinedPlugin" name="test_defined_plugin_fail_action_None[aaaa-None-None]" file="test/test_defined_plugin.py" line="100" time="0.017" /><testcase classname="test.test_defined_plugin.TestDefinedPlugin" name="test_defined_plugin_fail_action_None[None-True1-ab]" file="test/test_defined_plugin.py" line="100" time="0.009" /><testcase classname="test.test_defined_plugin.TestDefinedPlugin" name="test_defined_plugin_fail_action_None[None-True1-1]" file="test/test_defined_plugin.py" line="100" time="0.035" /><testcase classname="test.test_defined_plugin.TestDefinedPlugin" name="test_defined_plugin_fail_action_None[aaaa-ab-VALUE4]" file="test/test_defined_plugin.py" line="100" time="0.005" /><testcase classname="test.test_defined_plugin.TestDefinedPlugin" name="test_defined_plugin_fail_action_None[aaaa-ab-None]" file="test/test_defined_plugin.py" line="100" time="0.005" /><testcase classname="test.test_defined_plugin.TestDefinedPlugin" name="test_defined_plugin_fail_action_None[aaaa-ab-ab]" file="test/test_defined_plugin.py" line="100" time="0.012" /><testcase classname="test.test_defined_plugin.TestDefinedPlugin" name="test_defined_plugin_fail_action_None[aaaa-None-True]" file="test/test_defined_plugin.py" line="100" time="0.013" /><testcase classname="test.test_defined_plugin.TestDefinedPlugin" name="test_defined_plugin_fail_action_None[aaaa-True0-None]" file="test/test_defined_plugin.py" line="100" time="0.011" /><testcase classname="test.test_defined_plugin.TestDefinedPlugin" name="test_defined_plugin_fail_action_None[aaaa-True0-1]" file="test/test_defined_plugin.py" line="100" time="0.021" /><testcase classname="test.test_defined_plugin.TestDefinedPlugin" name="test_defined_plugin_fail_action_None[aaaa-ab-True]" file="test/test_defined_plugin.py" line="100" time="0.008" /><testcase classname="test.test_defined_plugin.TestDefinedPlugin" name="test_defined_plugin_fail_action_None[aaaa-ab-1]" file="test/test_defined_plugin.py" line="100" time="0.005" /><testcase classname="test.test_defined_plugin.TestDefinedPlugin" name="test_defined_plugin_fail_action_None[aaaa-True0-ab]" file="test/test_defined_plugin.py" line="100" time="0.007" /><testcase classname="test.test_defined_plugin.TestDefinedPlugin" name="test_defined_plugin_fail_action_None[aaaa-True0-True]" file="test/test_defined_plugin.py" line="100" time="0.005" /><testcase classname="test.test_defined_plugin.TestDefinedPlugin" name="test_defined_plugin_fail_action_None[aaaa-True0-VALUE4]" file="test/test_defined_plugin.py" line="100" time="0.015" /><testcase classname="test.test_defined_plugin.TestDefinedPlugin" name="test_defined_plugin_fail_action_None[aaaa-1-ab]" file="test/test_defined_plugin.py" line="100" time="0.006" /><testcase classname="test.test_defined_plugin.TestDefinedPlugin" name="test_defined_plugin_fail_action_None[aaaa-1-None]" file="test/test_defined_plugin.py" line="100" time="0.005" /><testcase classname="test.test_defined_plugin.TestDefinedPlugin" name="test_defined_plugin_fail_action_None[aaaa-1-1]" file="test/test_defined_plugin.py" line="100" time="0.008" /><testcase classname="test.test_defined_plugin.TestDefinedPlugin" name="test_defined_plugin_fail_action_None[aaaa-1-VALUE4]" file="test/test_defined_plugin.py" line="100" time="0.007" /><testcase classname="test.test_defined_plugin.TestDefinedPlugin" name="test_defined_plugin_fail_action_None[aaaa-True1-None]" file="test/test_defined_plugin.py" line="100" time="0.005" /><testcase classname="test.test_defined_plugin.TestDefinedPlugin" name="test_defined_plugin_fail_action_None[aaaa-1-True]" file="test/test_defined_plugin.py" line="100" time="0.006" /><testcase classname="test.test_defined_plugin.TestDefinedPlugin" name="test_defined_plugin_fail_action_None[aaaa-True1-ab]" file="test/test_defined_plugin.py" line="100" time="0.005" /><testcase classname="test.test_defined_plugin.TestDefinedPlugin" name="test_defined_plugin_fail_action_None[aaaa-True1-True]" file="test/test_defined_plugin.py" line="100" time="0.005" /><testcase classname="test.test_defined_plugin.TestDefinedPlugin" name="test_defined_plugin_var_type_fail_action_None[int-ab]" file="test/test_defined_plugin.py" line="113" time="0.005" /><testcase classname="test.test_defined_plugin.TestDefinedPlugin" name="test_defined_plugin_fail_action_None[aaaa-True1-VALUE4]" file="test/test_defined_plugin.py" line="100" time="0.009" /><testcase classname="test.test_defined_plugin.TestDefinedPlugin" name="test_defined_plugin_fail_action_None[aaaa-True1-1]" file="test/test_defined_plugin.py" line="100" time="0.011" /><testcase classname="test.test_defined_plugin.TestDefinedPlugin" name="test_defined_plugin_var_type_fail_action_None[int-None]" file="test/test_defined_plugin.py" line="113" time="0.004" /><testcase classname="test.test_defined_plugin.TestDefinedPlugin" name="test_defined_plugin_var_type_fail_action_None[int-1]" file="test/test_defined_plugin.py" line="113" time="0.005" /><testcase classname="test.test_defined_plugin.TestDefinedPlugin" name="test_defined_plugin_var_type_fail_action_None[int-VALUE4]" file="test/test_defined_plugin.py" line="113" time="0.009" /><testcase classname="test.test_defined_plugin.TestDefinedPlugin" name="test_defined_plugin_var_type_fail_action_None[int-True]" file="test/test_defined_plugin.py" line="113" time="0.010" /><testcase classname="test.test_defined_plugin.TestDefinedPlugin" name="test_defined_plugin_var_type_fail_action_None[str-True]" file="test/test_defined_plugin.py" line="113" time="0.006" /><testcase classname="test.test_defined_plugin.TestDefinedPlugin" name="test_defined_plugin_var_type_fail_action_None[str-ab]" file="test/test_defined_plugin.py" line="113" time="0.012" /><testcase classname="test.test_defined_plugin.TestDefinedPlugin" name="test_defined_plugin_var_type_fail_action_None[str-VALUE4]" file="test/test_defined_plugin.py" line="113" time="0.013" /><testcase classname="test.test_defined_plugin.TestDefinedPlugin" name="test_defined_plugin_var_type_fail_action_None[str-1]" file="test/test_defined_plugin.py" line="113" time="0.005" /><testcase classname="test.test_defined_plugin.TestDefinedPlugin" name="test_defined_plugin_var_type_fail_action_None[str-None]" file="test/test_defined_plugin.py" line="113" time="0.013" /><testcase classname="test.test_defined_plugin.TestDefinedPlugin" name="test_defined_plugin_var_type_fail_action_None[integer-ab]" file="test/test_defined_plugin.py" line="113" time="0.005" /><testcase classname="test.test_defined_plugin.TestDefinedPlugin" name="test_defined_plugin_var_type_fail_action_None[integer-1]" file="test/test_defined_plugin.py" line="113" time="0.007" /><testcase classname="test.test_defined_plugin.TestDefinedPlugin" name="test_defined_plugin_var_type_fail_action_None[integer-None]" file="test/test_defined_plugin.py" line="113" time="0.005" /><testcase classname="test.test_defined_plugin.TestDefinedPlugin" name="test_defined_plugin_var_type_fail_action_None[integer-VALUE4]" file="test/test_defined_plugin.py" line="113" time="0.005" /><testcase classname="test.test_defined_plugin.TestDefinedPlugin" name="test_defined_plugin_var_type_fail_action_None[integer-True]" file="test/test_defined_plugin.py" line="113" time="0.009" /><testcase classname="test.test_defined_plugin.TestDefinedPlugin" name="test_defined_plugin_var_type_fail_action_None[aaa-None]" file="test/test_defined_plugin.py" line="113" time="0.006" /><testcase classname="test.test_defined_plugin.TestDefinedPlugin" name="test_defined_plugin_var_type_fail_action_None[aaa-True]" file="test/test_defined_plugin.py" line="113" time="0.006" /><testcase classname="test.test_defined_plugin.TestDefinedPlugin" name="test_defined_plugin_var_type_fail_action_None[aaa-ab]" file="test/test_defined_plugin.py" line="113" time="0.010" /><testcase classname="test.test_defined_plugin.TestDefinedPlugin" name="test_defined_plugin_var_type_fail_action_None[None-ab]" file="test/test_defined_plugin.py" line="113" time="0.005" /><testcase classname="test.test_defined_plugin.TestDefinedPlugin" name="test_defined_plugin_var_type_fail_action_None[aaa-1]" file="test/test_defined_plugin.py" line="113" time="0.010" /><testcase classname="test.test_defined_plugin.TestDefinedPlugin" name="test_defined_plugin_var_type_fail_action_None[None-None]" file="test/test_defined_plugin.py" line="113" time="0.006" /><testcase classname="test.test_defined_plugin.TestDefinedPlugin" name="test_defined_plugin_var_type_fail_action_None[aaa-VALUE4]" file="test/test_defined_plugin.py" line="113" time="0.006" /><testcase classname="test.test_defined_plugin.TestDefinedPlugin" name="test_defined_plugin_var_type_fail_action_None[None-1]" file="test/test_defined_plugin.py" line="113" time="0.007" /><testcase classname="test.test_defined_plugin.TestDefinedPlugin" name="test_defined_plugin_var_type_fail_action_None[None-VALUE4]" file="test/test_defined_plugin.py" line="113" time="0.005" /><testcase classname="test.test_defined_plugin.TestDefinedPlugin" name="test_defined_plugin_var_type_fail_action_None[dict-None]" file="test/test_defined_plugin.py" line="113" time="0.005" /><testcase classname="test.test_defined_plugin.TestDefinedPlugin" name="test_defined_plugin_var_type_fail_action_None[dict-1]" file="test/test_defined_plugin.py" line="113" time="0.005" /><testcase classname="test.test_defined_plugin.TestDefinedPlugin" name="test_defined_plugin_var_type_fail_action_None[None-True]" file="test/test_defined_plugin.py" line="113" time="0.005" /><testcase classname="test.test_defined_plugin.TestDefinedPlugin" name="test_defined_plugin_var_type_fail_action_None[dict-True]" file="test/test_defined_plugin.py" line="113" time="0.005" /><testcase classname="test.test_defined_plugin.TestDefinedPlugin" name="test_defined_plugin_var_type_fail_action_None[dict-ab]" file="test/test_defined_plugin.py" line="113" time="0.005" /><testcase classname="test.test_defined_plugin.TestDefinedPlugin" name="test_defined_plugin_var_type_fail_action_None[dict-VALUE4]" file="test/test_defined_plugin.py" line="113" time="0.005" /></testsuite></testsuites>